-- The C compiler identification is GNU 11.4.0
-- The CXX compiler identification is GNU 11.4.0
-- Detecting C compiler ABI info
-- Detecting C compiler ABI info - done
-- Check for working C compiler: /usr/bin/cc - skipped
-- Detecting C compile features
-- Detecting C compile features - done
-- Detecting CXX compiler ABI info
-- Detecting CXX compiler ABI info - done
-- Check for working CXX compiler: /usr/bin/c++ - skipped
-- Detecting CXX compile features
-- Detecting CXX compile features - done
-- Found ament_cmake_ros: 0.10.0 (/opt/ros/humble/share/ament_cmake_ros/cmake)
-- Found Python3: /usr/bin/python3 (found version "3.10.12") found components: Interpreter 
-- Override CMake install command with custom implementation using symlinks instead of copying resources
-- Found async_web_server_cpp: 2.0.1 (/opt/ros/humble/share/async_web_server_cpp/cmake)
-- Found Boost: /usr/lib/aarch64-linux-gnu/cmake/Boost-1.74.0/BoostConfig.cmake (found suitable version "1.74.0", minimum required is "1.74.0") found components: filesystem thread 
-- Found cv_bridge: 3.2.1 (/opt/ros/humble/share/cv_bridge/cmake)
-- Found rosidl_generator_c: 3.1.8 (/opt/ros/humble/share/rosidl_generator_c/cmake)
-- Found rosidl_adapter: 3.1.8 (/opt/ros/humble/share/rosidl_adapter/cmake)
-- Found rosidl_generator_cpp: 3.1.8 (/opt/ros/humble/share/rosidl_generator_cpp/cmake)
-- Using all available rosidl_typesupport_c: rosidl_typesupport_fastrtps_c;rosidl_typesupport_introspection_c
-- Using all available rosidl_typesupport_cpp: rosidl_typesupport_fastrtps_cpp;rosidl_typesupport_introspection_cpp
-- Found image_transport: 3.1.12 (/opt/ros/humble/share/image_transport/cmake)
-- Found rmw_implementation_cmake: 6.1.2 (/opt/ros/humble/share/rmw_implementation_cmake/cmake)
-- Found rmw_fastrtps_cpp: 6.2.10 (/opt/ros/humble/share/rmw_fastrtps_cpp/cmake)
-- Found OpenSSL: /usr/lib/aarch64-linux-gnu/libcrypto.so (found version "3.0.2")  
-- Found FastRTPS: /opt/ros/humble/include  
-- Using RMW implementation 'rmw_fastrtps_cpp' as default
-- Found Threads: TRUE  
-- Found rclcpp_components: 16.0.19 (/opt/ros/humble/share/rclcpp_components/cmake)
-- Found OpenCV: /usr (found version "4.5.4") 
-- Found Boost: /usr/lib/aarch64-linux-gnu/cmake/Boost-1.74.0/BoostConfig.cmake (found version "1.74.0")  
-- Found PkgConfig: /usr/bin/pkg-config (found version "0.29.2") 
-- Checking for module 'libavcodec'
--   Found libavcodec, version 58.134.100
-- Checking for module 'libavformat'
--   Found libavformat, version 58.76.100
-- Checking for module 'libavutil'
--   Found libavutil, version 56.70.100
-- Checking for module 'libswscale'
--   Found libswscale, version 5.9.100
-- Found ament_lint_auto: 0.12.15 (/opt/ros/humble/share/ament_lint_auto/cmake)
-- Added test 'lint_cmake' to check CMake code style
-- Added test 'xmllint' to check XML markup files
-- Added test 'uncrustify' to check C / C++ code style
-- Configured uncrustify additional arguments: 
-- Configuring done
-- Generating done
-- Build files have been written to: /home/mirte/mirte_ws/build/web_video_server
[  6%] Building CXX object CMakeFiles/web_video_server.dir/src/web_video_server.cpp.o
[ 12%] Building CXX object CMakeFiles/web_video_server.dir/src/streamer.cpp.o
[ 18%] Building CXX object CMakeFiles/web_video_server.dir/src/multipart_stream.cpp.o
[ 25%] Building CXX object CMakeFiles/web_video_server.dir/src/utils.cpp.o
[ 31%] Linking CXX shared library libweb_video_server.so
[ 31%] Built target web_video_server
[ 37%] Building CXX object CMakeFiles/web_video_server_streamers.dir/src/streamers/image_transport_streamer.cpp.o
[ 43%] Building CXX object CMakeFiles/web_video_server_node.dir/src/web_video_server_node.cpp.o
[ 50%] Building CXX object CMakeFiles/web_video_server_streamers.dir/src/streamers/libav_streamer.cpp.o
[ 56%] Building CXX object CMakeFiles/web_video_server_streamers.dir/src/streamers/h264_streamer.cpp.o
[ 62%] Linking CXX executable web_video_server
[ 68%] Building CXX object CMakeFiles/web_video_server_streamers.dir/src/streamers/jpeg_streamers.cpp.o
[ 68%] Built target web_video_server_node
[ 75%] Building CXX object CMakeFiles/web_video_server_streamers.dir/src/streamers/png_streamers.cpp.o
[ 81%] Building CXX object CMakeFiles/web_video_server_streamers.dir/src/streamers/vp9_streamer.cpp.o
[ 87%] Building CXX object CMakeFiles/web_video_server_streamers.dir/src/streamers/vp8_streamer.cpp.o
[ 93%] Building CXX object CMakeFiles/web_video_server_streamers.dir/src/streamers/ros_compressed_streamer.cpp.o
[100%] Linking CXX shared library libweb_video_server_streamers.so
[100%] Built target web_video_server_streamers
-- Install configuration: "Release"
-- Execute custom install script
-- Symlinking: /home/mirte/mirte_ws/install/web_video_server/share/web_video_server//plugins.xml
-- Symlinking: /home/mirte/mirte_ws/install/web_video_server/include/web_video_server/web_video_server/multipart_stream.hpp
-- Symlinking: /home/mirte/mirte_ws/install/web_video_server/include/web_video_server/web_video_server/streamer.hpp
-- Symlinking: /home/mirte/mirte_ws/install/web_video_server/include/web_video_server/web_video_server/streamers/h264_streamer.hpp
-- Symlinking: /home/mirte/mirte_ws/install/web_video_server/include/web_video_server/web_video_server/streamers/image_transport_streamer.hpp
-- Symlinking: /home/mirte/mirte_ws/install/web_video_server/include/web_video_server/web_video_server/streamers/jpeg_streamers.hpp
-- Symlinking: /home/mirte/mirte_ws/install/web_video_server/include/web_video_server/web_video_server/streamers/libav_streamer.hpp
-- Symlinking: /home/mirte/mirte_ws/install/web_video_server/include/web_video_server/web_video_server/streamers/png_streamers.hpp
-- Symlinking: /home/mirte/mirte_ws/install/web_video_server/include/web_video_server/web_video_server/streamers/ros_compressed_streamer.hpp
-- Symlinking: /home/mirte/mirte_ws/install/web_video_server/include/web_video_server/web_video_server/streamers/vp8_streamer.hpp
-- Symlinking: /home/mirte/mirte_ws/install/web_video_server/include/web_video_server/web_video_server/streamers/vp9_streamer.hpp
-- Symlinking: /home/mirte/mirte_ws/install/web_video_server/include/web_video_server/web_video_server/utils.hpp
-- Symlinking: /home/mirte/mirte_ws/install/web_video_server/include/web_video_server/web_video_server/web_video_server.hpp
-- Symlinking: /home/mirte/mirte_ws/install/web_video_server/share/web_video_server/environment/library_path.sh
-- Symlinking: /home/mirte/mirte_ws/install/web_video_server/share/web_video_server/environment/library_path.dsv
-- Symlinking: /home/mirte/mirte_ws/install/web_video_server/lib/web_video_server/web_video_server
-- Symlinking: /home/mirte/mirte_ws/install/web_video_server/share/ament_index/resource_index/package_run_dependencies/web_video_server
-- Symlinking: /home/mirte/mirte_ws/install/web_video_server/share/ament_index/resource_index/parent_prefix_path/web_video_server
-- Symlinking: /home/mirte/mirte_ws/install/web_video_server/share/web_video_server/environment/ament_prefix_path.sh
-- Symlinking: /home/mirte/mirte_ws/install/web_video_server/share/web_video_server/environment/ament_prefix_path.dsv
-- Symlinking: /home/mirte/mirte_ws/install/web_video_server/share/web_video_server/environment/path.sh
-- Symlinking: /home/mirte/mirte_ws/install/web_video_server/share/web_video_server/environment/path.dsv
-- Symlinking: /home/mirte/mirte_ws/install/web_video_server/share/web_video_server/local_setup.bash
-- Symlinking: /home/mirte/mirte_ws/install/web_video_server/share/web_video_server/local_setup.sh
-- Symlinking: /home/mirte/mirte_ws/install/web_video_server/share/web_video_server/local_setup.zsh
-- Symlinking: /home/mirte/mirte_ws/install/web_video_server/share/web_video_server/local_setup.dsv
-- Symlinking: /home/mirte/mirte_ws/install/web_video_server/share/web_video_server/package.dsv
-- Symlinking: /home/mirte/mirte_ws/install/web_video_server/share/ament_index/resource_index/packages/web_video_server
-- Symlinking: /home/mirte/mirte_ws/install/web_video_server/share/ament_index/resource_index/web_video_server__pluginlib__plugin/web_video_server
-- Symlinking: /home/mirte/mirte_ws/install/web_video_server/share/ament_index/resource_index/rclcpp_components/web_video_server
-- Symlinking: /home/mirte/mirte_ws/install/web_video_server/share/web_video_server/cmake/config-extras.cmake
-- Symlinking: /home/mirte/mirte_ws/install/web_video_server/share/web_video_server/cmake/ament_cmake_export_targets-extras.cmake
-- Symlinking: /home/mirte/mirte_ws/install/web_video_server/share/web_video_server/cmake/ament_cmake_export_dependencies-extras.cmake
-- Symlinking: /home/mirte/mirte_ws/install/web_video_server/share/web_video_server/cmake/web_video_serverConfig.cmake
-- Symlinking: /home/mirte/mirte_ws/install/web_video_server/share/web_video_server/cmake/web_video_serverConfig-version.cmake
-- Symlinking: /home/mirte/mirte_ws/install/web_video_server/share/web_video_server/package.xml
-- Installing: /home/mirte/mirte_ws/install/web_video_server/lib/libweb_video_server.so
-- Set runtime path of "/home/mirte/mirte_ws/install/web_video_server/lib/libweb_video_server.so" to ""
-- Installing: /home/mirte/mirte_ws/install/web_video_server/lib/libweb_video_server_streamers.so
-- Set runtime path of "/home/mirte/mirte_ws/install/web_video_server/lib/libweb_video_server_streamers.so" to ""
-- Installing: /home/mirte/mirte_ws/install/web_video_server/share/web_video_server/cmake/export_web_video_serverExport.cmake
-- Installing: /home/mirte/mirte_ws/install/web_video_server/share/web_video_server/cmake/export_web_video_serverExport-release.cmake
