[0.010s] Invoking command in '/home/mirte/mirte_ws/build/web_video_server': CMAKE_PREFIX_PATH=/opt/ros/humble /usr/bin/cmake /home/mirte/mirte_ws/src/web_video_server -DCMAKE_C_COMPILER_LAUNCHER=ccache -DCMAKE_CXX_COMPILER_LAUNCHER=ccache -DCMAKE_BUILD_TYPE=Release -DAMENT_CMAKE_SYMLINK_INSTALL=1 -DCMAKE_INSTALL_PREFIX=/home/mirte/mirte_ws/install/web_video_server
[0.050s] -- The C compiler identification is GNU 11.4.0
[0.093s] -- The CXX compiler identification is GNU 11.4.0
[0.100s] -- Detecting C compiler ABI info
[0.151s] -- Detecting C compiler ABI info - done
[0.156s] -- Check for working C compiler: /usr/bin/cc - skipped
[0.159s] -- Detecting C compile features
[0.159s] -- Detecting C compile features - done
[0.159s] -- Detecting CXX compiler ABI info
[0.220s] -- Detecting CXX compiler ABI info - done
[0.226s] -- Check for working CXX compiler: /usr/bin/c++ - skipped
[0.226s] -- Detecting CXX compile features
[0.228s] -- Detecting CXX compile features - done
[0.228s] -- Found ament_cmake_ros: 0.10.0 (/opt/ros/humble/share/ament_cmake_ros/cmake)
[0.328s] -- Found Python3: /usr/bin/python3 (found version "3.10.12") found components: Interpreter 
[0.379s] -- Override CMake install command with custom implementation using symlinks instead of copying resources
[0.399s] -- Found async_web_server_cpp: 2.0.1 (/opt/ros/humble/share/async_web_server_cpp/cmake)
[0.534s] -- Found Boost: /usr/lib/aarch64-linux-gnu/cmake/Boost-1.74.0/BoostConfig.cmake (found suitable version "1.74.0", minimum required is "1.74.0") found components: filesystem thread 
[0.538s] -- Found cv_bridge: 3.2.1 (/opt/ros/humble/share/cv_bridge/cmake)
[0.568s] -- Found rosidl_generator_c: 3.1.8 (/opt/ros/humble/share/rosidl_generator_c/cmake)
[0.572s] -- Found rosidl_adapter: 3.1.8 (/opt/ros/humble/share/rosidl_adapter/cmake)
[0.580s] -- Found rosidl_generator_cpp: 3.1.8 (/opt/ros/humble/share/rosidl_generator_cpp/cmake)
[0.588s] -- Using all available rosidl_typesupport_c: rosidl_typesupport_fastrtps_c;rosidl_typesupport_introspection_c
[0.600s] -- Using all available rosidl_typesupport_cpp: rosidl_typesupport_fastrtps_cpp;rosidl_typesupport_introspection_cpp
[0.649s] -- Found image_transport: 3.1.12 (/opt/ros/humble/share/image_transport/cmake)
[0.679s] -- Found rmw_implementation_cmake: 6.1.2 (/opt/ros/humble/share/rmw_implementation_cmake/cmake)
[0.679s] -- Found rmw_fastrtps_cpp: 6.2.10 (/opt/ros/humble/share/rmw_fastrtps_cpp/cmake)
[0.744s] -- Found OpenSSL: /usr/lib/aarch64-linux-gnu/libcrypto.so (found version "3.0.2")  
[0.761s] -- Found FastRTPS: /opt/ros/humble/include  
[0.786s] -- Using RMW implementation 'rmw_fastrtps_cpp' as default
[0.792s] -- Found Threads: TRUE  
[0.838s] -- Found rclcpp_components: 16.0.19 (/opt/ros/humble/share/rclcpp_components/cmake)
[0.871s] -- Found OpenCV: /usr (found version "4.5.4") 
[0.871s] -- Found Boost: /usr/lib/aarch64-linux-gnu/cmake/Boost-1.74.0/BoostConfig.cmake (found version "1.74.0")  
[0.871s] -- Found PkgConfig: /usr/bin/pkg-config (found version "0.29.2") 
[0.871s] -- Checking for module 'libavcodec'
[1.037s] --   Found libavcodec, version 58.134.100
[1.037s] -- Checking for module 'libavformat'
[1.037s] --   Found libavformat, version 58.76.100
[1.038s] -- Checking for module 'libavutil'
[1.038s] --   Found libavutil, version 56.70.100
[1.038s] -- Checking for module 'libswscale'
[1.038s] --   Found libswscale, version 5.9.100
[1.055s] -- Found ament_lint_auto: 0.12.15 (/opt/ros/humble/share/ament_lint_auto/cmake)
[1.113s] -- Added test 'lint_cmake' to check CMake code style
[1.115s] -- Added test 'xmllint' to check XML markup files
[1.119s] -- Added test 'uncrustify' to check C / C++ code style
[1.119s] -- Configured uncrustify additional arguments: 
[1.119s] -- Configuring done
[1.137s] -- Generating done
[1.143s] -- Build files have been written to: /home/mirte/mirte_ws/build/web_video_server
[1.154s] Invoked command in '/home/mirte/mirte_ws/build/web_video_server' returned '0': CMAKE_PREFIX_PATH=/opt/ros/humble /usr/bin/cmake /home/mirte/mirte_ws/src/web_video_server -DCMAKE_C_COMPILER_LAUNCHER=ccache -DCMAKE_CXX_COMPILER_LAUNCHER=ccache -DCMAKE_BUILD_TYPE=Release -DAMENT_CMAKE_SYMLINK_INSTALL=1 -DCMAKE_INSTALL_PREFIX=/home/mirte/mirte_ws/install/web_video_server
[1.155s] Invoking command in '/home/mirte/mirte_ws/build/web_video_server': CMAKE_PREFIX_PATH=/opt/ros/humble /usr/bin/cmake --build /home/mirte/mirte_ws/build/web_video_server -- -j4 -l4
[1.162s] gmake: the '-j' option requires a positive integer argument
[1.198s] [  6%] Building CXX object CMakeFiles/web_video_server.dir/src/web_video_server.cpp.o
[1.200s] [ 12%] Building CXX object CMakeFiles/web_video_server.dir/src/streamer.cpp.o
[1.201s] [ 18%] Building CXX object CMakeFiles/web_video_server.dir/src/multipart_stream.cpp.o
[1.206s] [ 25%] Building CXX object CMakeFiles/web_video_server.dir/src/utils.cpp.o
[19.354s] [ 31%] Linking CXX shared library libweb_video_server.so
[19.517s] [ 31%] Built target web_video_server
[19.547s] [ 37%] Building CXX object CMakeFiles/web_video_server_streamers.dir/src/streamers/image_transport_streamer.cpp.o
[19.547s] [ 43%] Building CXX object CMakeFiles/web_video_server_node.dir/src/web_video_server_node.cpp.o
[19.547s] [ 50%] Building CXX object CMakeFiles/web_video_server_streamers.dir/src/streamers/libav_streamer.cpp.o
[19.547s] [ 56%] Building CXX object CMakeFiles/web_video_server_streamers.dir/src/streamers/h264_streamer.cpp.o
[32.180s] [ 62%] Linking CXX executable web_video_server
[32.233s] [ 68%] Building CXX object CMakeFiles/web_video_server_streamers.dir/src/streamers/jpeg_streamers.cpp.o
[32.411s] [ 68%] Built target web_video_server_node
[32.425s] [ 75%] Building CXX object CMakeFiles/web_video_server_streamers.dir/src/streamers/png_streamers.cpp.o
[40.439s] [ 81%] Building CXX object CMakeFiles/web_video_server_streamers.dir/src/streamers/vp9_streamer.cpp.o
[46.477s] [ 87%] Building CXX object CMakeFiles/web_video_server_streamers.dir/src/streamers/vp8_streamer.cpp.o
[53.485s] [ 93%] Building CXX object CMakeFiles/web_video_server_streamers.dir/src/streamers/ros_compressed_streamer.cpp.o
[69.952s] [100%] Linking CXX shared library libweb_video_server_streamers.so
[70.170s] [100%] Built target web_video_server_streamers
[70.179s] Invoked command in '/home/mirte/mirte_ws/build/web_video_server' returned '0': CMAKE_PREFIX_PATH=/opt/ros/humble /usr/bin/cmake --build /home/mirte/mirte_ws/build/web_video_server -- -j4 -l4
[70.181s] Invoking command in '/home/mirte/mirte_ws/build/web_video_server': CMAKE_PREFIX_PATH=/opt/ros/humble /usr/bin/cmake --install /home/mirte/mirte_ws/build/web_video_server
[70.186s] -- Install configuration: "Release"
[70.186s] -- Execute custom install script
[70.186s] -- Symlinking: /home/mirte/mirte_ws/install/web_video_server/share/web_video_server//plugins.xml
[70.193s] -- Symlinking: /home/mirte/mirte_ws/install/web_video_server/include/web_video_server/web_video_server/multipart_stream.hpp
[70.200s] -- Symlinking: /home/mirte/mirte_ws/install/web_video_server/include/web_video_server/web_video_server/streamer.hpp
[70.205s] -- Symlinking: /home/mirte/mirte_ws/install/web_video_server/include/web_video_server/web_video_server/streamers/h264_streamer.hpp
[70.211s] -- Symlinking: /home/mirte/mirte_ws/install/web_video_server/include/web_video_server/web_video_server/streamers/image_transport_streamer.hpp
[70.217s] -- Symlinking: /home/mirte/mirte_ws/install/web_video_server/include/web_video_server/web_video_server/streamers/jpeg_streamers.hpp
[70.224s] -- Symlinking: /home/mirte/mirte_ws/install/web_video_server/include/web_video_server/web_video_server/streamers/libav_streamer.hpp
[70.230s] -- Symlinking: /home/mirte/mirte_ws/install/web_video_server/include/web_video_server/web_video_server/streamers/png_streamers.hpp
[70.236s] -- Symlinking: /home/mirte/mirte_ws/install/web_video_server/include/web_video_server/web_video_server/streamers/ros_compressed_streamer.hpp
[70.241s] -- Symlinking: /home/mirte/mirte_ws/install/web_video_server/include/web_video_server/web_video_server/streamers/vp8_streamer.hpp
[70.249s] -- Symlinking: /home/mirte/mirte_ws/install/web_video_server/include/web_video_server/web_video_server/streamers/vp9_streamer.hpp
[70.256s] -- Symlinking: /home/mirte/mirte_ws/install/web_video_server/include/web_video_server/web_video_server/utils.hpp
[70.262s] -- Symlinking: /home/mirte/mirte_ws/install/web_video_server/include/web_video_server/web_video_server/web_video_server.hpp
[70.268s] -- Symlinking: /home/mirte/mirte_ws/install/web_video_server/share/web_video_server/environment/library_path.sh
[70.274s] -- Symlinking: /home/mirte/mirte_ws/install/web_video_server/share/web_video_server/environment/library_path.dsv
[70.280s] -- Symlinking: /home/mirte/mirte_ws/install/web_video_server/lib/web_video_server/web_video_server
[70.286s] -- Symlinking: /home/mirte/mirte_ws/install/web_video_server/share/ament_index/resource_index/package_run_dependencies/web_video_server
[70.292s] -- Symlinking: /home/mirte/mirte_ws/install/web_video_server/share/ament_index/resource_index/parent_prefix_path/web_video_server
[70.298s] -- Symlinking: /home/mirte/mirte_ws/install/web_video_server/share/web_video_server/environment/ament_prefix_path.sh
[70.304s] -- Symlinking: /home/mirte/mirte_ws/install/web_video_server/share/web_video_server/environment/ament_prefix_path.dsv
[70.311s] -- Symlinking: /home/mirte/mirte_ws/install/web_video_server/share/web_video_server/environment/path.sh
[70.317s] -- Symlinking: /home/mirte/mirte_ws/install/web_video_server/share/web_video_server/environment/path.dsv
[70.324s] -- Symlinking: /home/mirte/mirte_ws/install/web_video_server/share/web_video_server/local_setup.bash
[70.330s] -- Symlinking: /home/mirte/mirte_ws/install/web_video_server/share/web_video_server/local_setup.sh
[70.337s] -- Symlinking: /home/mirte/mirte_ws/install/web_video_server/share/web_video_server/local_setup.zsh
[70.343s] -- Symlinking: /home/mirte/mirte_ws/install/web_video_server/share/web_video_server/local_setup.dsv
[70.350s] -- Symlinking: /home/mirte/mirte_ws/install/web_video_server/share/web_video_server/package.dsv
[70.357s] -- Symlinking: /home/mirte/mirte_ws/install/web_video_server/share/ament_index/resource_index/packages/web_video_server
[70.363s] -- Symlinking: /home/mirte/mirte_ws/install/web_video_server/share/ament_index/resource_index/web_video_server__pluginlib__plugin/web_video_server
[70.370s] -- Symlinking: /home/mirte/mirte_ws/install/web_video_server/share/ament_index/resource_index/rclcpp_components/web_video_server
[70.376s] -- Symlinking: /home/mirte/mirte_ws/install/web_video_server/share/web_video_server/cmake/config-extras.cmake
[70.383s] -- Symlinking: /home/mirte/mirte_ws/install/web_video_server/share/web_video_server/cmake/ament_cmake_export_targets-extras.cmake
[70.390s] -- Symlinking: /home/mirte/mirte_ws/install/web_video_server/share/web_video_server/cmake/ament_cmake_export_dependencies-extras.cmake
[70.397s] -- Symlinking: /home/mirte/mirte_ws/install/web_video_server/share/web_video_server/cmake/web_video_serverConfig.cmake
[70.404s] -- Symlinking: /home/mirte/mirte_ws/install/web_video_server/share/web_video_server/cmake/web_video_serverConfig-version.cmake
[70.410s] -- Symlinking: /home/mirte/mirte_ws/install/web_video_server/share/web_video_server/package.xml
[70.417s] -- Installing: /home/mirte/mirte_ws/install/web_video_server/lib/libweb_video_server.so
[70.418s] -- Set runtime path of "/home/mirte/mirte_ws/install/web_video_server/lib/libweb_video_server.so" to ""
[70.418s] -- Installing: /home/mirte/mirte_ws/install/web_video_server/lib/libweb_video_server_streamers.so
[70.419s] -- Set runtime path of "/home/mirte/mirte_ws/install/web_video_server/lib/libweb_video_server_streamers.so" to ""
[70.419s] -- Installing: /home/mirte/mirte_ws/install/web_video_server/share/web_video_server/cmake/export_web_video_serverExport.cmake
[70.419s] -- Installing: /home/mirte/mirte_ws/install/web_video_server/share/web_video_server/cmake/export_web_video_serverExport-release.cmake
[70.421s] Invoked command in '/home/mirte/mirte_ws/build/web_video_server' returned '0': CMAKE_PREFIX_PATH=/opt/ros/humble /usr/bin/cmake --install /home/mirte/mirte_ws/build/web_video_server
