[0.005s] Invoking command in '/home/mirte/mirte_ws/build/orbbec_camera': AMENT_PREFIX_PATH=/home/mirte/mirte_ws/install/orbbec_camera_msgs:${AMENT_PREFIX_PATH} CMAKE_PREFIX_PATH=/home/mirte/mirte_ws/install/orbbec_camera_msgs:/opt/ros/humble LD_LIBRARY_PATH=/home/mirte/mirte_ws/install/orbbec_camera_msgs/lib:${LD_LIBRARY_PATH} PYTHONPATH=/home/mirte/mirte_ws/install/orbbec_camera_msgs/local/lib/python3.10/dist-packages:${PYTHONPATH} /usr/bin/cmake /home/mirte/mirte_ws/src/orbbecsdk_ros2/orbbec_camera -DCMAKE_C_COMPILER_LAUNCHER=ccache -DCMAKE_CXX_COMPILER_LAUNCHER=ccache -DCMAKE_BUILD_TYPE=Release -DAMENT_CMAKE_SYMLINK_INSTALL=1 -DCMAKE_INSTALL_PREFIX=/home/mirte/mirte_ws/install/orbbec_camera
[0.047s] -- The C compiler identification is GNU 11.4.0
[0.089s] -- The CXX compiler identification is GNU 11.4.0
[0.094s] -- Detecting C compiler ABI info
[0.146s] -- Detecting C compiler ABI info - done
[0.151s] -- Check for working C compiler: /usr/bin/cc - skipped
[0.151s] -- Detecting C compile features
[0.152s] -- Detecting C compile features - done
[0.154s] -- Detecting CXX compiler ABI info
[0.212s] -- Detecting CXX compiler ABI info - done
[0.217s] -- Check for working CXX compiler: /usr/bin/c++ - skipped
[0.217s] -- Detecting CXX compile features
[0.217s] -- Detecting CXX compile features - done
[0.219s] -- Found ament_cmake: 1.3.14 (/opt/ros/humble/share/ament_cmake/cmake)
[0.319s] -- Found Python3: /usr/bin/python3 (found version "3.10.12") found components: Interpreter 
[0.371s] -- Override CMake install command with custom implementation using symlinks instead of copying resources
[0.389s] -- Found ament_index_cpp: 1.4.1 (/opt/ros/humble/share/ament_index_cpp/cmake)
[0.393s] -- Found builtin_interfaces: 1.2.2 (/opt/ros/humble/share/builtin_interfaces/cmake)
[0.414s] -- Found rosidl_generator_c: 3.1.8 (/opt/ros/humble/share/rosidl_generator_c/cmake)
[0.417s] -- Found rosidl_adapter: 3.1.8 (/opt/ros/humble/share/rosidl_adapter/cmake)
[0.423s] -- Found rosidl_generator_cpp: 3.1.8 (/opt/ros/humble/share/rosidl_generator_cpp/cmake)
[0.431s] -- Using all available rosidl_typesupport_c: rosidl_typesupport_fastrtps_c;rosidl_typesupport_introspection_c
[0.443s] -- Using all available rosidl_typesupport_cpp: rosidl_typesupport_fastrtps_cpp;rosidl_typesupport_introspection_cpp
[0.453s] -- Found cv_bridge: 3.2.1 (/opt/ros/humble/share/cv_bridge/cmake)
[0.495s] -- Found camera_info_manager: 3.1.12 (/opt/ros/humble/share/camera_info_manager/cmake)
[0.523s] -- Found rmw_implementation_cmake: 6.1.2 (/opt/ros/humble/share/rmw_implementation_cmake/cmake)
[0.524s] -- Found rmw_fastrtps_cpp: 6.2.10 (/opt/ros/humble/share/rmw_fastrtps_cpp/cmake)
[0.588s] -- Found OpenSSL: /usr/lib/aarch64-linux-gnu/libcrypto.so (found version "3.0.2")  
[0.604s] -- Found FastRTPS: /opt/ros/humble/include  
[0.629s] -- Using RMW implementation 'rmw_fastrtps_cpp' as default
[0.636s] -- Looking for pthread.h
[0.692s] -- Looking for pthread.h - found
[0.693s] -- Performing Test CMAKE_HAVE_LIBC_PTHREAD
[0.751s] -- Performing Test CMAKE_HAVE_LIBC_PTHREAD - Success
[0.752s] -- Found Threads: TRUE  
[0.787s] -- Found image_transport: 3.1.12 (/opt/ros/humble/share/image_transport/cmake)
[0.806s] -- Found image_publisher: 3.0.9 (/opt/ros/humble/share/image_publisher/cmake)
[0.825s] -- Found OpenCV: /usr (found version "4.5.4") 
[0.825s] -- Found orbbec_camera_msgs: 1.5.15 (/home/mirte/mirte_ws/install/orbbec_camera_msgs/share/orbbec_camera_msgs/cmake)
[0.838s] -- Found std_srvs: 4.9.1 (/opt/ros/humble/share/std_srvs/cmake)
[0.845s] -- Found tf2: 0.25.20 (/opt/ros/humble/share/tf2/cmake)
[0.848s] -- Found tf2_eigen: 0.25.20 (/opt/ros/humble/share/tf2_eigen/cmake)
[0.898s] -- Found tf2_sensor_msgs: 0.25.20 (/opt/ros/humble/share/tf2_sensor_msgs/cmake)
[0.904s] -- Found diagnostic_updater: 4.0.6 (/opt/ros/humble/share/diagnostic_updater/cmake)
[0.923s] -- Found PkgConfig: /usr/bin/pkg-config (found version "0.29.2") 
[0.927s] -- ORRBEC Machine : aarch64
[0.927s] 
[0.928s] -- ORRBEC Machine Bits : 64
[0.928s] 
[0.990s] -- Found ament_lint_auto: 0.12.15 (/opt/ros/humble/share/ament_lint_auto/cmake)
[1.046s] -- Configuring done
[1.143s] -- Generating done
[1.165s] -- Build files have been written to: /home/mirte/mirte_ws/build/orbbec_camera
[1.178s] Invoked command in '/home/mirte/mirte_ws/build/orbbec_camera' returned '0': AMENT_PREFIX_PATH=/home/mirte/mirte_ws/install/orbbec_camera_msgs:${AMENT_PREFIX_PATH} CMAKE_PREFIX_PATH=/home/mirte/mirte_ws/install/orbbec_camera_msgs:/opt/ros/humble LD_LIBRARY_PATH=/home/mirte/mirte_ws/install/orbbec_camera_msgs/lib:${LD_LIBRARY_PATH} PYTHONPATH=/home/mirte/mirte_ws/install/orbbec_camera_msgs/local/lib/python3.10/dist-packages:${PYTHONPATH} /usr/bin/cmake /home/mirte/mirte_ws/src/orbbecsdk_ros2/orbbec_camera -DCMAKE_C_COMPILER_LAUNCHER=ccache -DCMAKE_CXX_COMPILER_LAUNCHER=ccache -DCMAKE_BUILD_TYPE=Release -DAMENT_CMAKE_SYMLINK_INSTALL=1 -DCMAKE_INSTALL_PREFIX=/home/mirte/mirte_ws/install/orbbec_camera
[1.180s] Invoking command in '/home/mirte/mirte_ws/build/orbbec_camera': AMENT_PREFIX_PATH=/home/mirte/mirte_ws/install/orbbec_camera_msgs:${AMENT_PREFIX_PATH} CMAKE_PREFIX_PATH=/home/mirte/mirte_ws/install/orbbec_camera_msgs:/opt/ros/humble LD_LIBRARY_PATH=/home/mirte/mirte_ws/install/orbbec_camera_msgs/lib:${LD_LIBRARY_PATH} PYTHONPATH=/home/mirte/mirte_ws/install/orbbec_camera_msgs/local/lib/python3.10/dist-packages:${PYTHONPATH} /usr/bin/cmake --build /home/mirte/mirte_ws/build/orbbec_camera -- -j4 -l4
[1.186s] gmake: the '-j' option requires a positive integer argument
[1.220s] [  4%] Building CXX object CMakeFiles/frame_latency_node.dir/rclcpp_components/node_main_frame_latency_node.cpp.o
[1.221s] [  8%] Building CXX object CMakeFiles/orbbec_camera.dir/src/d2c_viewer.cpp.o
[1.222s] [ 12%] Building CXX object CMakeFiles/orbbec_camera_node.dir/rclcpp_components/node_main_orbbec_camera_node.cpp.o
[1.226s] [ 16%] Building CXX object CMakeFiles/frame_latency.dir/tools/frame_latency.cpp.o
[7.658s] [ 20%] Linking CXX executable frame_latency_node
[7.858s] [ 20%] Built target frame_latency_node
[7.869s] [ 24%] Building CXX object CMakeFiles/orbbec_camera.dir/src/dynamic_params.cpp.o
[8.489s] [ 28%] Linking CXX executable orbbec_camera_node
[8.644s] [ 28%] Built target orbbec_camera_node
[8.660s] [ 32%] Building CXX object CMakeFiles/orbbec_camera.dir/src/image_publisher.cpp.o
[25.013s] [ 36%] Building CXX object CMakeFiles/orbbec_camera.dir/src/ob_camera_node.cpp.o
[30.026s] [ 40%] Building CXX object CMakeFiles/orbbec_camera.dir/src/ros_param_backend.cpp.o
[32.045s] [ 44%] Building CXX object CMakeFiles/orbbec_camera.dir/src/ob_camera_node_driver.cpp.o
[33.474s] [ 48%] Building CXX object CMakeFiles/orbbec_camera.dir/src/ros_service.cpp.o
[45.954s] [ 52%] Linking CXX shared library libframe_latency.so
[46.484s] [ 52%] Built target frame_latency
[60.961s] [ 64%] Building CXX object CMakeFiles/orbbec_camera.dir/src/jpeg_decoder.cpp.o
[60.961s] [ 64%] Building CXX object CMakeFiles/orbbec_camera.dir/src/utils.cpp.o
[60.961s] [ 64%] Building CXX object CMakeFiles/orbbec_camera.dir/src/synced_imu_publisher.cpp.o
[70.960s] [ 68%] Linking CXX shared library liborbbec_camera.so
[71.357s] [ 68%] Built target orbbec_camera
[71.373s] [ 80%] Building CXX object CMakeFiles/list_depth_work_mode_node.dir/tools/list_depth_work_mode.cpp.o
[71.373s] [ 80%] Building CXX object CMakeFiles/list_camera_profile_mode_node.dir/tools/list_camera_profile.cpp.o
[71.375s] [ 80%] Building CXX object CMakeFiles/list_devices_node.dir/tools/list_devices_node.cpp.o
[71.375s] [ 84%] Building CXX object CMakeFiles/topic_statistics_node.dir/tools/topic_statistics.cpp.o
[79.669s] [ 88%] Linking CXX executable list_depth_work_mode_node
[79.819s] [ 88%] Built target list_depth_work_mode_node
[80.286s] [ 92%] Linking CXX executable list_devices_node
[80.673s] [ 96%] Linking CXX executable list_camera_profile_mode_node
[80.809s] [ 96%] Built target list_devices_node
[81.132s] [ 96%] Built target list_camera_profile_mode_node
[84.786s] [100%] Linking CXX executable topic_statistics_node
[85.018s] [100%] Built target topic_statistics_node
[85.026s] Invoked command in '/home/mirte/mirte_ws/build/orbbec_camera' returned '0': AMENT_PREFIX_PATH=/home/mirte/mirte_ws/install/orbbec_camera_msgs:${AMENT_PREFIX_PATH} CMAKE_PREFIX_PATH=/home/mirte/mirte_ws/install/orbbec_camera_msgs:/opt/ros/humble LD_LIBRARY_PATH=/home/mirte/mirte_ws/install/orbbec_camera_msgs/lib:${LD_LIBRARY_PATH} PYTHONPATH=/home/mirte/mirte_ws/install/orbbec_camera_msgs/local/lib/python3.10/dist-packages:${PYTHONPATH} /usr/bin/cmake --build /home/mirte/mirte_ws/build/orbbec_camera -- -j4 -l4
[85.028s] Invoking command in '/home/mirte/mirte_ws/build/orbbec_camera': AMENT_PREFIX_PATH=/home/mirte/mirte_ws/install/orbbec_camera_msgs:${AMENT_PREFIX_PATH} CMAKE_PREFIX_PATH=/home/mirte/mirte_ws/install/orbbec_camera_msgs:/opt/ros/humble LD_LIBRARY_PATH=/home/mirte/mirte_ws/install/orbbec_camera_msgs/lib:${LD_LIBRARY_PATH} PYTHONPATH=/home/mirte/mirte_ws/install/orbbec_camera_msgs/local/lib/python3.10/dist-packages:${PYTHONPATH} /usr/bin/cmake --install /home/mirte/mirte_ws/build/orbbec_camera
[85.033s] -- Install configuration: "Release"
[85.033s] -- Execute custom install script
[85.034s] -- Symlinking: /home/mirte/mirte_ws/install/orbbec_camera/lib/orbbec_camera/orbbec_camera_node
[85.041s] -- Symlinking: /home/mirte/mirte_ws/install/orbbec_camera/lib/orbbec_camera/frame_latency_node
[85.047s] -- Symlinking: /home/mirte/mirte_ws/install/orbbec_camera/lib/liborbbec_camera.so
[85.054s] -- Symlinking: /home/mirte/mirte_ws/install/orbbec_camera/lib/libframe_latency.so
[85.061s] -- Symlinking: /home/mirte/mirte_ws/install/orbbec_camera/include/magic_enum/magic_enum.hpp
[85.068s] -- Symlinking: /home/mirte/mirte_ws/install/orbbec_camera/include/orbbec_camera/constants.h
[85.074s] -- Symlinking: /home/mirte/mirte_ws/install/orbbec_camera/include/orbbec_camera/d2c_viewer.h
[85.081s] -- Symlinking: /home/mirte/mirte_ws/install/orbbec_camera/include/orbbec_camera/dynamic_params.h
[85.088s] -- Symlinking: /home/mirte/mirte_ws/install/orbbec_camera/include/orbbec_camera/image_publisher.h
[85.095s] -- Symlinking: /home/mirte/mirte_ws/install/orbbec_camera/include/orbbec_camera/jetson_nv_decoder.h
[85.101s] -- Symlinking: /home/mirte/mirte_ws/install/orbbec_camera/include/orbbec_camera/jpeg_decoder.h
[85.109s] -- Symlinking: /home/mirte/mirte_ws/install/orbbec_camera/include/orbbec_camera/ob_camera_node.h
[85.115s] -- Symlinking: /home/mirte/mirte_ws/install/orbbec_camera/include/orbbec_camera/ob_camera_node_driver.h
[85.122s] -- Symlinking: /home/mirte/mirte_ws/install/orbbec_camera/include/orbbec_camera/rk_mpp_decoder.h
[85.129s] -- Symlinking: /home/mirte/mirte_ws/install/orbbec_camera/include/orbbec_camera/ros_param_backend.h
[85.135s] -- Symlinking: /home/mirte/mirte_ws/install/orbbec_camera/include/orbbec_camera/synced_imu_publisher.h
[85.142s] -- Symlinking: /home/mirte/mirte_ws/install/orbbec_camera/include/orbbec_camera/utils.h
[85.149s] -- Symlinking: /home/mirte/mirte_ws/install/orbbec_camera/share/orbbec_camera//launch/astra.launch.py
[85.156s] -- Symlinking: /home/mirte/mirte_ws/install/orbbec_camera/share/orbbec_camera//launch/astra2.launch.py
[85.162s] -- Symlinking: /home/mirte/mirte_ws/install/orbbec_camera/share/orbbec_camera//launch/astra_adv.launch.py
[85.169s] -- Symlinking: /home/mirte/mirte_ws/install/orbbec_camera/share/orbbec_camera//launch/astra_embedded_s.launch.py
[85.176s] -- Symlinking: /home/mirte/mirte_ws/install/orbbec_camera/share/orbbec_camera//launch/astra_pro2.launch.py
[85.183s] -- Symlinking: /home/mirte/mirte_ws/install/orbbec_camera/share/orbbec_camera//launch/astra_pro_plus.launch.py
[85.189s] -- Symlinking: /home/mirte/mirte_ws/install/orbbec_camera/share/orbbec_camera//launch/astra_stereo_u3.launch.py
[85.196s] -- Symlinking: /home/mirte/mirte_ws/install/orbbec_camera/share/orbbec_camera//launch/dabai.launch.py
[85.202s] -- Symlinking: /home/mirte/mirte_ws/install/orbbec_camera/share/orbbec_camera//launch/dabai_d1.launch.py
[85.209s] -- Symlinking: /home/mirte/mirte_ws/install/orbbec_camera/share/orbbec_camera//launch/dabai_dcl.py
[85.216s] -- Symlinking: /home/mirte/mirte_ws/install/orbbec_camera/share/orbbec_camera//launch/dabai_dcw.launch.py
[85.223s] -- Symlinking: /home/mirte/mirte_ws/install/orbbec_camera/share/orbbec_camera//launch/dabai_dcw2.launch.py
[85.229s] -- Symlinking: /home/mirte/mirte_ws/install/orbbec_camera/share/orbbec_camera//launch/dabai_dw.launch.py
[85.237s] -- Symlinking: /home/mirte/mirte_ws/install/orbbec_camera/share/orbbec_camera//launch/dabai_dw2.launch.py
[85.244s] -- Symlinking: /home/mirte/mirte_ws/install/orbbec_camera/share/orbbec_camera//launch/dabai_max.launch.py
[85.250s] -- Symlinking: /home/mirte/mirte_ws/install/orbbec_camera/share/orbbec_camera//launch/dabai_max_pro.launch.py
[85.257s] -- Symlinking: /home/mirte/mirte_ws/install/orbbec_camera/share/orbbec_camera//launch/dabai_pro.launch.py
[85.263s] -- Symlinking: /home/mirte/mirte_ws/install/orbbec_camera/share/orbbec_camera//launch/deeya.launch.py
[85.270s] -- Symlinking: /home/mirte/mirte_ws/install/orbbec_camera/share/orbbec_camera//launch/femto.launch.py
[85.276s] -- Symlinking: /home/mirte/mirte_ws/install/orbbec_camera/share/orbbec_camera//launch/femto_bolt.launch.py
[85.283s] -- Symlinking: /home/mirte/mirte_ws/install/orbbec_camera/share/orbbec_camera//launch/femto_mega.launch.py
[85.289s] -- Symlinking: /home/mirte/mirte_ws/install/orbbec_camera/share/orbbec_camera//launch/femto_net_camera.launch.py
[85.296s] -- Symlinking: /home/mirte/mirte_ws/install/orbbec_camera/share/orbbec_camera//launch/gemini2.launch.py
[85.302s] -- Symlinking: /home/mirte/mirte_ws/install/orbbec_camera/share/orbbec_camera//launch/gemini2L.launch.py
[85.309s] -- Symlinking: /home/mirte/mirte_ws/install/orbbec_camera/share/orbbec_camera//launch/gemini2VL.launch.py
[85.315s] -- Symlinking: /home/mirte/mirte_ws/install/orbbec_camera/share/orbbec_camera//launch/gemini2XL.launch.py
[85.322s] -- Symlinking: /home/mirte/mirte_ws/install/orbbec_camera/share/orbbec_camera//launch/gemini_330_series.launch.py
[85.328s] -- Symlinking: /home/mirte/mirte_ws/install/orbbec_camera/share/orbbec_camera//launch/gemini_e.launch.py
[85.334s] -- Symlinking: /home/mirte/mirte_ws/install/orbbec_camera/share/orbbec_camera//launch/gemini_e_lite.launch.py
[85.341s] -- Symlinking: /home/mirte/mirte_ws/install/orbbec_camera/share/orbbec_camera//launch/gemini_ew.launch.py
[85.347s] -- Symlinking: /home/mirte/mirte_ws/install/orbbec_camera/share/orbbec_camera//launch/gemini_ew_lite.launch.py
[85.354s] -- Symlinking: /home/mirte/mirte_ws/install/orbbec_camera/share/orbbec_camera//launch/gemini_intra_process_demo_launch.py
[85.361s] -- Symlinking: /home/mirte/mirte_ws/install/orbbec_camera/share/orbbec_camera//launch/gemini_uw.launch.py
[85.367s] -- Symlinking: /home/mirte/mirte_ws/install/orbbec_camera/share/orbbec_camera//launch/multi_camera.launch.py
[85.374s] -- Symlinking: /home/mirte/mirte_ws/install/orbbec_camera/share/orbbec_camera//launch/multi_camera_synced.launch.py
[85.381s] -- Symlinking: /home/mirte/mirte_ws/install/orbbec_camera/share/orbbec_camera//launch/multi_net_camera.launch.py
[85.388s] -- Symlinking: /home/mirte/mirte_ws/install/orbbec_camera/share/orbbec_camera//launch/ob_camera.launch.py
[85.395s] -- Symlinking: /home/mirte/mirte_ws/install/orbbec_camera/share/orbbec_camera//config/.gitkeep
[85.402s] -- Symlinking: /home/mirte/mirte_ws/install/orbbec_camera/share/orbbec_camera//config/OrbbecSDKConfig_v1.0.xml
[85.409s] -- Symlinking: /home/mirte/mirte_ws/install/orbbec_camera/share/orbbec_camera//config/camera_params.yaml
[85.415s] -- Symlinking: /home/mirte/mirte_ws/install/orbbec_camera/share/orbbec_camera//config/depthfilter/Gemini2_v1.8.json
[85.422s] -- Symlinking: /home/mirte/mirte_ws/install/orbbec_camera/share/orbbec_camera//config/depthfilter/Openni_device.json
[85.429s] -- Symlinking: /home/mirte/mirte_ws/install/orbbec_camera/include/libobsensor/ObSensor.h
[85.436s] -- Symlinking: /home/mirte/mirte_ws/install/orbbec_camera/include/libobsensor/ObSensor.hpp
[85.442s] -- Symlinking: /home/mirte/mirte_ws/install/orbbec_camera/include/libobsensor/h/Context.h
[85.449s] -- Symlinking: /home/mirte/mirte_ws/install/orbbec_camera/include/libobsensor/h/Device.h
[85.455s] -- Symlinking: /home/mirte/mirte_ws/install/orbbec_camera/include/libobsensor/h/Error.h
[85.462s] -- Symlinking: /home/mirte/mirte_ws/install/orbbec_camera/include/libobsensor/h/Filter.h
[85.468s] -- Symlinking: /home/mirte/mirte_ws/install/orbbec_camera/include/libobsensor/h/Frame.h
[85.475s] -- Symlinking: /home/mirte/mirte_ws/install/orbbec_camera/include/libobsensor/h/MultipleDevices.h
[85.481s] -- Symlinking: /home/mirte/mirte_ws/install/orbbec_camera/include/libobsensor/h/ObTypes.h
[85.487s] -- Symlinking: /home/mirte/mirte_ws/install/orbbec_camera/include/libobsensor/h/Pipeline.h
[85.494s] -- Symlinking: /home/mirte/mirte_ws/install/orbbec_camera/include/libobsensor/h/Property.h
[85.500s] -- Symlinking: /home/mirte/mirte_ws/install/orbbec_camera/include/libobsensor/h/RecordPlayback.h
[85.506s] -- Symlinking: /home/mirte/mirte_ws/install/orbbec_camera/include/libobsensor/h/Sensor.h
[85.512s] -- Symlinking: /home/mirte/mirte_ws/install/orbbec_camera/include/libobsensor/h/StreamProfile.h
[85.519s] -- Symlinking: /home/mirte/mirte_ws/install/orbbec_camera/include/libobsensor/h/Utils.h
[85.524s] -- Symlinking: /home/mirte/mirte_ws/install/orbbec_camera/include/libobsensor/h/Version.h
[85.530s] -- Symlinking: /home/mirte/mirte_ws/install/orbbec_camera/include/libobsensor/hpp/Context.hpp
[85.536s] -- Symlinking: /home/mirte/mirte_ws/install/orbbec_camera/include/libobsensor/hpp/Device.hpp
[85.543s] -- Symlinking: /home/mirte/mirte_ws/install/orbbec_camera/include/libobsensor/hpp/Error.hpp
[85.549s] -- Symlinking: /home/mirte/mirte_ws/install/orbbec_camera/include/libobsensor/hpp/Filter.hpp
[85.556s] -- Symlinking: /home/mirte/mirte_ws/install/orbbec_camera/include/libobsensor/hpp/Frame.hpp
[85.562s] -- Symlinking: /home/mirte/mirte_ws/install/orbbec_camera/include/libobsensor/hpp/Pipeline.hpp
[85.569s] -- Symlinking: /home/mirte/mirte_ws/install/orbbec_camera/include/libobsensor/hpp/RecordPlayback.hpp
[85.576s] -- Symlinking: /home/mirte/mirte_ws/install/orbbec_camera/include/libobsensor/hpp/Sensor.hpp
[85.583s] -- Symlinking: /home/mirte/mirte_ws/install/orbbec_camera/include/libobsensor/hpp/StreamProfile.hpp
[85.589s] -- Symlinking: /home/mirte/mirte_ws/install/orbbec_camera/include/libobsensor/hpp/Types.hpp
[85.596s] -- Symlinking: /home/mirte/mirte_ws/install/orbbec_camera/include/libobsensor/hpp/Utils.hpp
[85.603s] -- Symlinking: /home/mirte/mirte_ws/install/orbbec_camera/include/libobsensor/hpp/Version.hpp
[85.610s] -- Symlinking: /home/mirte/mirte_ws/install/orbbec_camera/share/orbbec_camera/udev/99-obsensor-libusb.rules
[85.617s] -- Symlinking: /home/mirte/mirte_ws/install/orbbec_camera/lib/orbbec_camera//list_devices_node
[85.624s] -- Symlinking: /home/mirte/mirte_ws/install/orbbec_camera/lib/orbbec_camera//list_depth_work_mode_node
[85.631s] -- Symlinking: /home/mirte/mirte_ws/install/orbbec_camera/lib/orbbec_camera//list_camera_profile_mode_node
[85.638s] -- Symlinking: /home/mirte/mirte_ws/install/orbbec_camera/lib/orbbec_camera//topic_statistics_node
[85.645s] -- Symlinking: /home/mirte/mirte_ws/install/orbbec_camera/share/orbbec_camera/environment/library_path.sh
[85.651s] -- Symlinking: /home/mirte/mirte_ws/install/orbbec_camera/share/orbbec_camera/environment/library_path.dsv
[85.658s] -- Symlinking: /home/mirte/mirte_ws/install/orbbec_camera/share/ament_index/resource_index/package_run_dependencies/orbbec_camera
[85.665s] -- Symlinking: /home/mirte/mirte_ws/install/orbbec_camera/share/ament_index/resource_index/parent_prefix_path/orbbec_camera
[85.672s] -- Symlinking: /home/mirte/mirte_ws/install/orbbec_camera/share/orbbec_camera/environment/ament_prefix_path.sh
[85.679s] -- Symlinking: /home/mirte/mirte_ws/install/orbbec_camera/share/orbbec_camera/environment/ament_prefix_path.dsv
[85.686s] -- Symlinking: /home/mirte/mirte_ws/install/orbbec_camera/share/orbbec_camera/environment/path.sh
[85.693s] -- Symlinking: /home/mirte/mirte_ws/install/orbbec_camera/share/orbbec_camera/environment/path.dsv
[85.700s] -- Symlinking: /home/mirte/mirte_ws/install/orbbec_camera/share/orbbec_camera/local_setup.bash
[85.707s] -- Symlinking: /home/mirte/mirte_ws/install/orbbec_camera/share/orbbec_camera/local_setup.sh
[85.714s] -- Symlinking: /home/mirte/mirte_ws/install/orbbec_camera/share/orbbec_camera/local_setup.zsh
[85.721s] -- Symlinking: /home/mirte/mirte_ws/install/orbbec_camera/share/orbbec_camera/local_setup.dsv
[85.727s] -- Symlinking: /home/mirte/mirte_ws/install/orbbec_camera/share/orbbec_camera/package.dsv
[85.735s] -- Symlinking: /home/mirte/mirte_ws/install/orbbec_camera/share/ament_index/resource_index/packages/orbbec_camera
[85.742s] -- Symlinking: /home/mirte/mirte_ws/install/orbbec_camera/share/ament_index/resource_index/rclcpp_components/orbbec_camera
[85.748s] -- Symlinking: /home/mirte/mirte_ws/install/orbbec_camera/share/orbbec_camera/cmake/ament_cmake_export_include_directories-extras.cmake
[85.755s] -- Symlinking: /home/mirte/mirte_ws/install/orbbec_camera/share/orbbec_camera/cmake/ament_cmake_export_libraries-extras.cmake
[85.762s] -- Symlinking: /home/mirte/mirte_ws/install/orbbec_camera/share/orbbec_camera/cmake/ament_cmake_export_dependencies-extras.cmake
[85.769s] -- Symlinking: /home/mirte/mirte_ws/install/orbbec_camera/share/orbbec_camera/cmake/orbbec_cameraConfig.cmake
[85.775s] -- Symlinking: /home/mirte/mirte_ws/install/orbbec_camera/share/orbbec_camera/cmake/orbbec_cameraConfig-version.cmake
[85.782s] -- Symlinking: /home/mirte/mirte_ws/install/orbbec_camera/share/orbbec_camera/package.xml
[85.789s] -- Up-to-date: /home/mirte/mirte_ws/install/orbbec_camera/lib/
[85.789s] -- Installing: /home/mirte/mirte_ws/install/orbbec_camera/lib//libob_usb.so
[85.789s] -- Installing: /home/mirte/mirte_ws/install/orbbec_camera/lib//libdepthengine.so
[85.789s] -- Installing: /home/mirte/mirte_ws/install/orbbec_camera/lib//libOrbbecSDK.so
[85.789s] -- Installing: /home/mirte/mirte_ws/install/orbbec_camera/lib//libOrbbecSDK.so.1.10.35
[85.796s] -- Installing: /home/mirte/mirte_ws/install/orbbec_camera/lib//libOrbbecSDK.so.1.10
[85.796s] -- Installing: /home/mirte/mirte_ws/install/orbbec_camera/lib//liblive555.so
[85.797s] -- Installing: /home/mirte/mirte_ws/install/orbbec_camera/lib//libdepthengine.so.2.0
[85.799s] Invoked command in '/home/mirte/mirte_ws/build/orbbec_camera' returned '0': AMENT_PREFIX_PATH=/home/mirte/mirte_ws/install/orbbec_camera_msgs:${AMENT_PREFIX_PATH} CMAKE_PREFIX_PATH=/home/mirte/mirte_ws/install/orbbec_camera_msgs:/opt/ros/humble LD_LIBRARY_PATH=/home/mirte/mirte_ws/install/orbbec_camera_msgs/lib:${LD_LIBRARY_PATH} PYTHONPATH=/home/mirte/mirte_ws/install/orbbec_camera_msgs/local/lib/python3.10/dist-packages:${PYTHONPATH} /usr/bin/cmake --install /home/mirte/mirte_ws/build/orbbec_camera
