[0.017s] Invoking command in '/home/mirte/mirte_ws/build/mirte_zenoh_setup': CMAKE_PREFIX_PATH=/opt/ros/humble /usr/bin/cmake /home/mirte/mirte_ws/src/mirte-ros-packages/mirte_zenoh_setup -DCMAKE_C_COMPILER_LAUNCHER=ccache -DCMAKE_CXX_COMPILER_LAUNCHER=ccache -DCMAKE_BUILD_TYPE=Release -DAMENT_CMAKE_SYMLINK_INSTALL=1 -DCMAKE_INSTALL_PREFIX=/home/mirte/mirte_ws/install/mirte_zenoh_setup
[0.090s] -- The C compiler identification is GNU 11.4.0
[0.180s] -- The CXX compiler identification is GNU 11.4.0
[0.186s] -- Detecting C compiler ABI info
[0.329s] -- Detecting C compiler ABI info - done
[0.345s] -- Check for working C compiler: /usr/bin/cc - skipped
[0.345s] -- Detecting C compile features
[0.345s] -- Detecting C compile features - done
[0.351s] -- Detecting CXX compiler ABI info
[0.469s] -- Detecting CXX compiler ABI info - done
[0.472s] -- Check for working CXX compiler: /usr/bin/c++ - skipped
[0.473s] -- Detecting CXX compile features
[0.476s] -- Detecting CXX compile features - done
[0.586s] -- Found Python3: /usr/bin/python3 (found version "3.10.12") found components: Interpreter 
[0.700s] -- Override CMake install command with custom implementation using symlinks instead of copying resources
[0.703s] -- Found ament_cmake: 1.3.14 (/opt/ros/humble/share/ament_cmake/cmake)
[0.840s] -- Configuring done
[0.845s] -- Generating done
[0.845s] -- Build files have been written to: /home/mirte/mirte_ws/build/mirte_zenoh_setup
[0.858s] Invoked command in '/home/mirte/mirte_ws/build/mirte_zenoh_setup' returned '0': CMAKE_PREFIX_PATH=/opt/ros/humble /usr/bin/cmake /home/mirte/mirte_ws/src/mirte-ros-packages/mirte_zenoh_setup -DCMAKE_C_COMPILER_LAUNCHER=ccache -DCMAKE_CXX_COMPILER_LAUNCHER=ccache -DCMAKE_BUILD_TYPE=Release -DAMENT_CMAKE_SYMLINK_INSTALL=1 -DCMAKE_INSTALL_PREFIX=/home/mirte/mirte_ws/install/mirte_zenoh_setup
[0.859s] Invoking command in '/home/mirte/mirte_ws/build/mirte_zenoh_setup': CMAKE_PREFIX_PATH=/opt/ros/humble /usr/bin/cmake --build /home/mirte/mirte_ws/build/mirte_zenoh_setup -- -j4 -l4
[0.867s] gmake: the '-j' option requires a positive integer argument
[0.908s] Invoked command in '/home/mirte/mirte_ws/build/mirte_zenoh_setup' returned '0': CMAKE_PREFIX_PATH=/opt/ros/humble /usr/bin/cmake --build /home/mirte/mirte_ws/build/mirte_zenoh_setup -- -j4 -l4
[0.914s] Invoking command in '/home/mirte/mirte_ws/build/mirte_zenoh_setup': CMAKE_PREFIX_PATH=/opt/ros/humble /usr/bin/cmake --install /home/mirte/mirte_ws/build/mirte_zenoh_setup
[0.923s] -- Install configuration: "Release"
[0.923s] -- Execute custom install script
[0.923s] -- Symlinking: /home/mirte/mirte_ws/install/mirte_zenoh_setup/share/mirte_zenoh_setup/environment/mirte_zenoh_setup.sh
[0.935s] -- Symlinking: /home/mirte/mirte_ws/install/mirte_zenoh_setup/share/mirte_zenoh_setup//config/router_client_config.json5.in
[0.947s] -- Symlinking: /home/mirte/mirte_ws/install/mirte_zenoh_setup/share/mirte_zenoh_setup//config/router_robot_config.json5
[0.957s] -- Symlinking: /home/mirte/mirte_ws/install/mirte_zenoh_setup/share/mirte_zenoh_setup//config/session_config.json5
[0.970s] -- Symlinking: /home/mirte/mirte_ws/install/mirte_zenoh_setup/share/ament_index/resource_index/package_run_dependencies/mirte_zenoh_setup
[0.980s] -- Symlinking: /home/mirte/mirte_ws/install/mirte_zenoh_setup/share/ament_index/resource_index/parent_prefix_path/mirte_zenoh_setup
[0.991s] -- Symlinking: /home/mirte/mirte_ws/install/mirte_zenoh_setup/share/mirte_zenoh_setup/environment/ament_prefix_path.sh
[1.005s] -- Symlinking: /home/mirte/mirte_ws/install/mirte_zenoh_setup/share/mirte_zenoh_setup/environment/ament_prefix_path.dsv
[1.015s] -- Symlinking: /home/mirte/mirte_ws/install/mirte_zenoh_setup/share/mirte_zenoh_setup/environment/path.sh
[1.026s] -- Symlinking: /home/mirte/mirte_ws/install/mirte_zenoh_setup/share/mirte_zenoh_setup/environment/path.dsv
[1.035s] -- Symlinking: /home/mirte/mirte_ws/install/mirte_zenoh_setup/share/mirte_zenoh_setup/local_setup.bash
[1.047s] -- Symlinking: /home/mirte/mirte_ws/install/mirte_zenoh_setup/share/mirte_zenoh_setup/local_setup.sh
[1.064s] -- Symlinking: /home/mirte/mirte_ws/install/mirte_zenoh_setup/share/mirte_zenoh_setup/local_setup.zsh
[1.073s] -- Symlinking: /home/mirte/mirte_ws/install/mirte_zenoh_setup/share/mirte_zenoh_setup/local_setup.dsv
[1.088s] -- Symlinking: /home/mirte/mirte_ws/install/mirte_zenoh_setup/share/mirte_zenoh_setup/package.dsv
[1.092s] -- Symlinking: /home/mirte/mirte_ws/install/mirte_zenoh_setup/share/ament_index/resource_index/packages/mirte_zenoh_setup
[1.104s] -- Symlinking: /home/mirte/mirte_ws/install/mirte_zenoh_setup/share/mirte_zenoh_setup/cmake/ament_cmake_export_dependencies-extras.cmake
[1.116s] -- Symlinking: /home/mirte/mirte_ws/install/mirte_zenoh_setup/share/mirte_zenoh_setup/cmake/mirte_zenoh_setupConfig.cmake
[1.126s] -- Symlinking: /home/mirte/mirte_ws/install/mirte_zenoh_setup/share/mirte_zenoh_setup/cmake/mirte_zenoh_setupConfig-version.cmake
[1.136s] -- Symlinking: /home/mirte/mirte_ws/install/mirte_zenoh_setup/share/mirte_zenoh_setup/package.xml
[1.153s] Invoked command in '/home/mirte/mirte_ws/build/mirte_zenoh_setup' returned '0': CMAKE_PREFIX_PATH=/opt/ros/humble /usr/bin/cmake --install /home/mirte/mirte_ws/build/mirte_zenoh_setup
