[0.010s] Invoking command in '/home/mirte/mirte_ws/build/mirte_bringup': AMENT_PREFIX_PATH=/home/mirte/mirte_ws/install/web_video_server:${AMENT_PREFIX_PATH} CMAKE_PREFIX_PATH=/home/mirte/mirte_ws/install/web_video_server:/opt/ros/humble LD_LIBRARY_PATH=/home/mirte/mirte_ws/install/web_video_server/lib:${LD_LIBRARY_PATH} /usr/bin/cmake /home/mirte/mirte_ws/src/mirte-ros-packages/mirte_bringup -DCMAKE_C_COMPILER_LAUNCHER=ccache -DCMAKE_CXX_COMPILER_LAUNCHER=ccache -DCMAKE_BUILD_TYPE=Release -DAMENT_CMAKE_SYMLINK_INSTALL=1 -DCMAKE_INSTALL_PREFIX=/home/mirte/mirte_ws/install/mirte_bringup
[0.052s] -- The C compiler identification is GNU 11.4.0
[0.095s] -- The CXX compiler identification is GNU 11.4.0
[0.101s] -- Detecting C compiler ABI info
[0.153s] -- Detecting C compiler ABI info - done
[0.158s] -- Check for working C compiler: /usr/bin/cc - skipped
[0.158s] -- Detecting C compile features
[0.159s] -- Detecting C compile features - done
[0.161s] -- Detecting CXX compiler ABI info
[0.222s] -- Detecting CXX compiler ABI info - done
[0.228s] -- Check for working CXX compiler: /usr/bin/c++ - skipped
[0.228s] -- Detecting CXX compile features
[0.228s] -- Detecting CXX compile features - done
[0.230s] -- Found ament_cmake: 1.3.14 (/opt/ros/humble/share/ament_cmake/cmake)
[0.326s] -- Found Python3: /usr/bin/python3 (found version "3.10.12") found components: Interpreter 
[0.376s] -- Override CMake install command with custom implementation using symlinks instead of copying resources
[0.395s] -- Found ament_lint_auto: 0.12.15 (/opt/ros/humble/share/ament_lint_auto/cmake)
[0.455s] -- Added test 'flake8' to check Python code syntax and style conventions
[0.456s] -- Added test 'lint_cmake' to check CMake code style
[0.456s] -- Added test 'pep257' to check Python code against some of the docstring style conventions in PEP 257
[0.457s] -- Added test 'xmllint' to check XML markup files
[0.458s] -- Configuring done
[0.460s] -- Generating done
[0.462s] -- Build files have been written to: /home/mirte/mirte_ws/build/mirte_bringup
[0.466s] Invoked command in '/home/mirte/mirte_ws/build/mirte_bringup' returned '0': AMENT_PREFIX_PATH=/home/mirte/mirte_ws/install/web_video_server:${AMENT_PREFIX_PATH} CMAKE_PREFIX_PATH=/home/mirte/mirte_ws/install/web_video_server:/opt/ros/humble LD_LIBRARY_PATH=/home/mirte/mirte_ws/install/web_video_server/lib:${LD_LIBRARY_PATH} /usr/bin/cmake /home/mirte/mirte_ws/src/mirte-ros-packages/mirte_bringup -DCMAKE_C_COMPILER_LAUNCHER=ccache -DCMAKE_CXX_COMPILER_LAUNCHER=ccache -DCMAKE_BUILD_TYPE=Release -DAMENT_CMAKE_SYMLINK_INSTALL=1 -DCMAKE_INSTALL_PREFIX=/home/mirte/mirte_ws/install/mirte_bringup
[0.467s] Invoking command in '/home/mirte/mirte_ws/build/mirte_bringup': AMENT_PREFIX_PATH=/home/mirte/mirte_ws/install/web_video_server:${AMENT_PREFIX_PATH} CMAKE_PREFIX_PATH=/home/mirte/mirte_ws/install/web_video_server:/opt/ros/humble LD_LIBRARY_PATH=/home/mirte/mirte_ws/install/web_video_server/lib:${LD_LIBRARY_PATH} /usr/bin/cmake --build /home/mirte/mirte_ws/build/mirte_bringup -- -j4 -l4
[0.474s] gmake: the '-j' option requires a positive integer argument
[0.496s] Invoked command in '/home/mirte/mirte_ws/build/mirte_bringup' returned '0': AMENT_PREFIX_PATH=/home/mirte/mirte_ws/install/web_video_server:${AMENT_PREFIX_PATH} CMAKE_PREFIX_PATH=/home/mirte/mirte_ws/install/web_video_server:/opt/ros/humble LD_LIBRARY_PATH=/home/mirte/mirte_ws/install/web_video_server/lib:${LD_LIBRARY_PATH} /usr/bin/cmake --build /home/mirte/mirte_ws/build/mirte_bringup -- -j4 -l4
[0.497s] Invoking command in '/home/mirte/mirte_ws/build/mirte_bringup': AMENT_PREFIX_PATH=/home/mirte/mirte_ws/install/web_video_server:${AMENT_PREFIX_PATH} CMAKE_PREFIX_PATH=/home/mirte/mirte_ws/install/web_video_server:/opt/ros/humble LD_LIBRARY_PATH=/home/mirte/mirte_ws/install/web_video_server/lib:${LD_LIBRARY_PATH} /usr/bin/cmake --install /home/mirte/mirte_ws/build/mirte_bringup
[0.503s] -- Install configuration: "Release"
[0.503s] -- Execute custom install script
[0.503s] -- Symlinking: /home/mirte/mirte_ws/install/mirte_bringup/share/mirte_bringup/launch/camera.launch.py
[0.510s] -- Symlinking: /home/mirte/mirte_ws/install/mirte_bringup/share/mirte_bringup/launch/gripper_camera.launch.py
[0.516s] -- Symlinking: /home/mirte/mirte_ws/install/mirte_bringup/share/mirte_bringup/launch/minimal.launch.py
[0.523s] -- Symlinking: /home/mirte/mirte_ws/install/mirte_bringup/share/mirte_bringup/launch/minimal.launch.xml
[0.529s] -- Symlinking: /home/mirte/mirte_ws/install/mirte_bringup/share/mirte_bringup/launch/minimal_master.launch.py
[0.536s] -- Symlinking: /home/mirte/mirte_ws/install/mirte_bringup/share/mirte_bringup/launch/minimal_master_multirobot.launch.py
[0.542s] -- Symlinking: /home/mirte/mirte_ws/install/mirte_bringup/share/mirte_bringup/launch/ros2_control.launch.py
[0.549s] -- Symlinking: /home/mirte/mirte_ws/install/mirte_bringup/share/mirte_bringup/launch/state_publishers.launch.py
[0.556s] -- Symlinking: /home/mirte/mirte_ws/install/mirte_bringup/share/mirte_bringup//telemetrix_config/mirte_breadboard_config.yaml
[0.562s] -- Symlinking: /home/mirte/mirte_ws/install/mirte_bringup/share/mirte_bringup//telemetrix_config/mirte_master_config.yaml
[0.569s] -- Symlinking: /home/mirte/mirte_ws/install/mirte_bringup/share/mirte_bringup//telemetrix_config/mirte_nano_config.yaml
[0.575s] -- Symlinking: /home/mirte/mirte_ws/install/mirte_bringup/share/mirte_bringup//telemetrix_config/mirte_pcb06_config.yaml
[0.582s] -- Symlinking: /home/mirte/mirte_ws/install/mirte_bringup/share/mirte_bringup//telemetrix_config/mirte_pcb08_config.yaml
[0.588s] -- Symlinking: /home/mirte/mirte_ws/install/mirte_bringup/share/mirte_bringup//telemetrix_config/mirte_raw_pins_config.yaml
[0.594s] -- Symlinking: /home/mirte/mirte_ws/install/mirte_bringup/share/mirte_bringup//telemetrix_config/mirte_user_config.yaml
[0.601s] -- Symlinking: /home/mirte/mirte_ws/install/mirte_bringup/share/mirte_bringup//telemetrix_config/old/mirte_masterv1_config.yaml
[0.607s] -- Symlinking: /home/mirte/mirte_ws/install/mirte_bringup/share/mirte_bringup//telemetrix_config/old/mirte_pcb02_config.yaml
[0.614s] -- Symlinking: /home/mirte/mirte_ws/install/mirte_bringup/share/mirte_bringup//telemetrix_config/old/mirte_pcb04stm_config.yaml
[0.620s] -- Symlinking: /home/mirte/mirte_ws/install/mirte_bringup/share/mirte_bringup//telemetrix_config/overlays/invert_wheels.yaml
[0.627s] -- Symlinking: /home/mirte/mirte_ws/install/mirte_bringup/share/mirte_bringup//telemetrix_config/test.yaml
[0.634s] -- Symlinking: /home/mirte/mirte_ws/install/mirte_bringup/share/ament_index/resource_index/package_run_dependencies/mirte_bringup
[0.640s] -- Symlinking: /home/mirte/mirte_ws/install/mirte_bringup/share/ament_index/resource_index/parent_prefix_path/mirte_bringup
[0.647s] -- Symlinking: /home/mirte/mirte_ws/install/mirte_bringup/share/mirte_bringup/environment/ament_prefix_path.sh
[0.654s] -- Symlinking: /home/mirte/mirte_ws/install/mirte_bringup/share/mirte_bringup/environment/ament_prefix_path.dsv
[0.661s] -- Symlinking: /home/mirte/mirte_ws/install/mirte_bringup/share/mirte_bringup/environment/path.sh
[0.667s] -- Symlinking: /home/mirte/mirte_ws/install/mirte_bringup/share/mirte_bringup/environment/path.dsv
[0.674s] -- Symlinking: /home/mirte/mirte_ws/install/mirte_bringup/share/mirte_bringup/local_setup.bash
[0.681s] -- Symlinking: /home/mirte/mirte_ws/install/mirte_bringup/share/mirte_bringup/local_setup.sh
[0.688s] -- Symlinking: /home/mirte/mirte_ws/install/mirte_bringup/share/mirte_bringup/local_setup.zsh
[0.694s] -- Symlinking: /home/mirte/mirte_ws/install/mirte_bringup/share/mirte_bringup/local_setup.dsv
[0.700s] -- Symlinking: /home/mirte/mirte_ws/install/mirte_bringup/share/mirte_bringup/package.dsv
[0.707s] -- Symlinking: /home/mirte/mirte_ws/install/mirte_bringup/share/ament_index/resource_index/packages/mirte_bringup
[0.714s] -- Symlinking: /home/mirte/mirte_ws/install/mirte_bringup/share/mirte_bringup/cmake/mirte_bringupConfig.cmake
[0.720s] -- Symlinking: /home/mirte/mirte_ws/install/mirte_bringup/share/mirte_bringup/cmake/mirte_bringupConfig-version.cmake
[0.726s] -- Symlinking: /home/mirte/mirte_ws/install/mirte_bringup/share/mirte_bringup/package.xml
[0.735s] Invoked command in '/home/mirte/mirte_ws/build/mirte_bringup' returned '0': AMENT_PREFIX_PATH=/home/mirte/mirte_ws/install/web_video_server:${AMENT_PREFIX_PATH} CMAKE_PREFIX_PATH=/home/mirte/mirte_ws/install/web_video_server:/opt/ros/humble LD_LIBRARY_PATH=/home/mirte/mirte_ws/install/web_video_server/lib:${LD_LIBRARY_PATH} /usr/bin/cmake --install /home/mirte/mirte_ws/build/mirte_bringup
