[0.011s] Invoking command in '/home/mirte/mirte_ws/build/orbbec_camera_msgs': CMAKE_PREFIX_PATH=/opt/ros/humble /usr/bin/cmake /home/mirte/mirte_ws/src/orbbecsdk_ros2/orbbec_camera_msgs -DCMAKE_C_COMPILER_LAUNCHER=ccache -DCMAKE_CXX_COMPILER_LAUNCHER=ccache -DCMAKE_BUILD_TYPE=Release -DAMENT_CMAKE_SYMLINK_INSTALL=1 -DCMAKE_INSTALL_PREFIX=/home/mirte/mirte_ws/install/orbbec_camera_msgs
[0.052s] -- The C compiler identification is GNU 11.4.0
[0.096s] -- The CXX compiler identification is GNU 11.4.0
[0.102s] -- Detecting C compiler ABI info
[0.154s] -- Detecting C compiler ABI info - done
[0.162s] -- Check for working C compiler: /usr/bin/cc - skipped
[0.162s] -- Detecting C compile features
[0.162s] -- Detecting C compile features - done
[0.163s] -- Detecting CXX compiler ABI info
[0.222s] -- Detecting CXX compiler ABI info - done
[0.227s] -- Check for working CXX compiler: /usr/bin/c++ - skipped
[0.228s] -- Detecting CXX compile features
[0.230s] -- Detecting CXX compile features - done
[0.231s] -- Found ament_cmake: 1.3.14 (/opt/ros/humble/share/ament_cmake/cmake)
[0.325s] -- Found Python3: /usr/bin/python3 (found version "3.10.12") found components: Interpreter 
[0.378s] -- Override CMake install command with custom implementation using symlinks instead of copying resources
[0.395s] -- Found rosidl_default_generators: 1.2.1 (/opt/ros/humble/share/rosidl_default_generators/cmake)
[0.400s] -- Using all available rosidl_typesupport_c: rosidl_typesupport_fastrtps_c;rosidl_typesupport_introspection_c
[0.402s] -- Found rosidl_adapter: 3.1.8 (/opt/ros/humble/share/rosidl_adapter/cmake)
[0.429s] -- Using all available rosidl_typesupport_cpp: rosidl_typesupport_fastrtps_cpp;rosidl_typesupport_introspection_cpp
[0.456s] -- Found sensor_msgs: 4.9.1 (/opt/ros/humble/share/sensor_msgs/cmake)
[0.786s] -- Found ament_cmake_ros: 0.10.0 (/opt/ros/humble/share/ament_cmake_ros/cmake)
[1.040s] -- Using all available rosidl_typesupport_c: rosidl_typesupport_fastrtps_c;rosidl_typesupport_introspection_c
[1.275s] -- Using all available rosidl_typesupport_cpp: rosidl_typesupport_fastrtps_cpp;rosidl_typesupport_introspection_cpp
[1.292s] -- Found PythonInterp: /usr/bin/python3 (found suitable version "3.10.12", minimum required is "3.6") 
[1.294s] -- Found python_cmake_module: 0.10.0 (/opt/ros/humble/share/python_cmake_module/cmake)
[1.310s] -- Found PythonLibs: /usr/lib/aarch64-linux-gnu/libpython3.10.so (found suitable version "3.10.12", minimum required is "3.5") 
[1.310s] -- Using PYTHON_EXECUTABLE: /usr/bin/python3
[1.310s] -- Using PYTHON_INCLUDE_DIRS: /usr/include/python3.10
[1.311s] -- Using PYTHON_LIBRARIES: /usr/lib/aarch64-linux-gnu/libpython3.10.so
[1.323s] -- Found PythonExtra: .so  
[1.565s] -- Found ament_lint_auto: 0.12.15 (/opt/ros/humble/share/ament_lint_auto/cmake)
[1.600s] -- Added test 'copyright' to check source files copyright and LICENSE
[1.601s] -- Added test 'lint_cmake' to check CMake code style
[1.606s] -- Added test 'xmllint' to check XML markup files
[1.606s] -- Configuring done
[1.699s] -- Generating done
[1.755s] -- Build files have been written to: /home/mirte/mirte_ws/build/orbbec_camera_msgs
[1.755s] Invoked command in '/home/mirte/mirte_ws/build/orbbec_camera_msgs' returned '0': CMAKE_PREFIX_PATH=/opt/ros/humble /usr/bin/cmake /home/mirte/mirte_ws/src/orbbecsdk_ros2/orbbec_camera_msgs -DCMAKE_C_COMPILER_LAUNCHER=ccache -DCMAKE_CXX_COMPILER_LAUNCHER=ccache -DCMAKE_BUILD_TYPE=Release -DAMENT_CMAKE_SYMLINK_INSTALL=1 -DCMAKE_INSTALL_PREFIX=/home/mirte/mirte_ws/install/orbbec_camera_msgs
[1.756s] Invoking command in '/home/mirte/mirte_ws/build/orbbec_camera_msgs': CMAKE_PREFIX_PATH=/opt/ros/humble /usr/bin/cmake --build /home/mirte/mirte_ws/build/orbbec_camera_msgs -- -j4 -l4
[1.767s] gmake: the '-j' option requires a positive integer argument
[1.807s] [  1%] Generating C code for ROS interfaces
[1.822s] [  2%] Generating Rust code for ROS interfaces
[1.828s] [  2%] Generating C++ code for ROS interfaces
[1.842s] [  2%] Built target ament_cmake_python_symlink_orbbec_camera_msgs
[2.155s] running egg_info
[2.156s] creating orbbec_camera_msgs.egg-info
[2.156s] writing orbbec_camera_msgs.egg-info/PKG-INFO
[2.156s] writing dependency_links to orbbec_camera_msgs.egg-info/dependency_links.txt
[2.157s] writing top-level names to orbbec_camera_msgs.egg-info/top_level.txt
[2.157s] writing manifest file 'orbbec_camera_msgs.egg-info/SOURCES.txt'
[2.160s] reading manifest file 'orbbec_camera_msgs.egg-info/SOURCES.txt'
[2.160s] writing manifest file 'orbbec_camera_msgs.egg-info/SOURCES.txt'
[2.202s] [  2%] Built target ament_cmake_python_build_orbbec_camera_msgs_egg
[2.450s] [  2%] Built target orbbec_camera_msgs__rs
[3.564s] [  3%] Building C object CMakeFiles/orbbec_camera_msgs__rosidl_generator_c.dir/rosidl_generator_c/orbbec_camera_msgs/msg/detail/device_info__functions.c.o
[3.576s] [  4%] Building C object CMakeFiles/orbbec_camera_msgs__rosidl_generator_c.dir/rosidl_generator_c/orbbec_camera_msgs/msg/detail/metadata__functions.c.o
[3.576s] [  5%] Building C object CMakeFiles/orbbec_camera_msgs__rosidl_generator_c.dir/rosidl_generator_c/orbbec_camera_msgs/msg/detail/extrinsics__functions.c.o
[3.784s] [  5%] Building C object CMakeFiles/orbbec_camera_msgs__rosidl_generator_c.dir/rosidl_generator_c/orbbec_camera_msgs/msg/detail/imu_info__functions.c.o
[3.791s] [  6%] Building C object CMakeFiles/orbbec_camera_msgs__rosidl_generator_c.dir/rosidl_generator_c/orbbec_camera_msgs/msg/detail/rgbd__functions.c.o
[3.796s] [  7%] Building C object CMakeFiles/orbbec_camera_msgs__rosidl_generator_c.dir/rosidl_generator_c/orbbec_camera_msgs/srv/detail/get_bool__functions.c.o
[4.035s] [  8%] Building C object CMakeFiles/orbbec_camera_msgs__rosidl_generator_c.dir/rosidl_generator_c/orbbec_camera_msgs/srv/detail/get_device_info__functions.c.o
[4.041s] [  9%] Building C object CMakeFiles/orbbec_camera_msgs__rosidl_generator_c.dir/rosidl_generator_c/orbbec_camera_msgs/srv/detail/get_camera_info__functions.c.o
[4.110s] [ 10%] Building C object CMakeFiles/orbbec_camera_msgs__rosidl_generator_c.dir/rosidl_generator_c/orbbec_camera_msgs/srv/detail/get_int32__functions.c.o
[4.319s] [ 10%] Building C object CMakeFiles/orbbec_camera_msgs__rosidl_generator_c.dir/rosidl_generator_c/orbbec_camera_msgs/srv/detail/get_string__functions.c.o
[4.331s] [ 11%] Building C object CMakeFiles/orbbec_camera_msgs__rosidl_generator_c.dir/rosidl_generator_c/orbbec_camera_msgs/srv/detail/set_int32__functions.c.o
[4.362s] [ 11%] Built target orbbec_camera_msgs__cpp
[4.372s] [ 12%] Building C object CMakeFiles/orbbec_camera_msgs__rosidl_generator_c.dir/rosidl_generator_c/orbbec_camera_msgs/srv/detail/set_string__functions.c.o
[4.375s] [ 13%] Generating C++ type support for eProsima Fast-RTPS
[4.601s] [ 14%] Generating C++ introspection for ROS interfaces
[4.618s] [ 15%] Generating C++ type support dispatch for ROS interfaces
[4.655s] [ 16%] Linking C shared library liborbbec_camera_msgs__rosidl_generator_c.so
[4.724s] [ 16%] Built target orbbec_camera_msgs__rosidl_generator_c
[4.735s] [ 17%] Generating C type support for eProsima Fast-RTPS
[5.488s] [ 18%] Building CXX object CMakeFiles/orbbec_camera_msgs__rosidl_typesupport_cpp.dir/rosidl_typesupport_cpp/orbbec_camera_msgs/msg/device_info__type_support.cpp.o
[5.856s] [ 19%] Building CXX object CMakeFiles/orbbec_camera_msgs__rosidl_typesupport_fastrtps_cpp.dir/rosidl_typesupport_fastrtps_cpp/orbbec_camera_msgs/msg/detail/dds_fastrtps/device_info__type_support.cpp.o
[5.922s] [ 20%] Building CXX object CMakeFiles/orbbec_camera_msgs__rosidl_typesupport_introspection_cpp.dir/rosidl_typesupport_introspection_cpp/orbbec_camera_msgs/msg/detail/device_info__type_support.cpp.o
[6.054s] [ 21%] Building CXX object CMakeFiles/orbbec_camera_msgs__rosidl_typesupport_cpp.dir/rosidl_typesupport_cpp/orbbec_camera_msgs/msg/extrinsics__type_support.cpp.o
[6.190s] [ 21%] Building CXX object CMakeFiles/orbbec_camera_msgs__rosidl_typesupport_fastrtps_c.dir/rosidl_typesupport_fastrtps_c/orbbec_camera_msgs/msg/detail/device_info__type_support_c.cpp.o
[6.425s] [ 21%] Building CXX object CMakeFiles/orbbec_camera_msgs__rosidl_typesupport_cpp.dir/rosidl_typesupport_cpp/orbbec_camera_msgs/msg/metadata__type_support.cpp.o
[6.775s] [ 22%] Building CXX object CMakeFiles/orbbec_camera_msgs__rosidl_typesupport_introspection_cpp.dir/rosidl_typesupport_introspection_cpp/orbbec_camera_msgs/msg/detail/extrinsics__type_support.cpp.o
[6.776s] [ 23%] Building CXX object CMakeFiles/orbbec_camera_msgs__rosidl_typesupport_fastrtps_cpp.dir/rosidl_typesupport_fastrtps_cpp/orbbec_camera_msgs/msg/detail/dds_fastrtps/extrinsics__type_support.cpp.o
[6.882s] [ 24%] Building CXX object CMakeFiles/orbbec_camera_msgs__rosidl_typesupport_fastrtps_c.dir/rosidl_typesupport_fastrtps_c/orbbec_camera_msgs/msg/detail/extrinsics__type_support_c.cpp.o
[6.937s] [ 25%] Building CXX object CMakeFiles/orbbec_camera_msgs__rosidl_typesupport_cpp.dir/rosidl_typesupport_cpp/orbbec_camera_msgs/msg/imu_info__type_support.cpp.o
[7.364s] [ 26%] Building CXX object CMakeFiles/orbbec_camera_msgs__rosidl_typesupport_cpp.dir/rosidl_typesupport_cpp/orbbec_camera_msgs/msg/rgbd__type_support.cpp.o
[7.490s] [ 26%] Building CXX object CMakeFiles/orbbec_camera_msgs__rosidl_typesupport_fastrtps_cpp.dir/rosidl_typesupport_fastrtps_cpp/orbbec_camera_msgs/msg/detail/dds_fastrtps/metadata__type_support.cpp.o
[7.672s] [ 27%] Building CXX object CMakeFiles/orbbec_camera_msgs__rosidl_typesupport_fastrtps_c.dir/rosidl_typesupport_fastrtps_c/orbbec_camera_msgs/msg/detail/metadata__type_support_c.cpp.o
[7.700s] [ 27%] Building CXX object CMakeFiles/orbbec_camera_msgs__rosidl_typesupport_introspection_cpp.dir/rosidl_typesupport_introspection_cpp/orbbec_camera_msgs/msg/detail/metadata__type_support.cpp.o
[7.833s] [ 28%] Building CXX object CMakeFiles/orbbec_camera_msgs__rosidl_typesupport_cpp.dir/rosidl_typesupport_cpp/orbbec_camera_msgs/srv/get_bool__type_support.cpp.o
[8.363s] [ 29%] Building CXX object CMakeFiles/orbbec_camera_msgs__rosidl_typesupport_fastrtps_cpp.dir/rosidl_typesupport_fastrtps_cpp/orbbec_camera_msgs/msg/detail/dds_fastrtps/imu_info__type_support.cpp.o
[8.405s] [ 30%] Building CXX object CMakeFiles/orbbec_camera_msgs__rosidl_typesupport_introspection_cpp.dir/rosidl_typesupport_introspection_cpp/orbbec_camera_msgs/msg/detail/imu_info__type_support.cpp.o
[8.409s] [ 31%] Building CXX object CMakeFiles/orbbec_camera_msgs__rosidl_typesupport_fastrtps_c.dir/rosidl_typesupport_fastrtps_c/orbbec_camera_msgs/msg/detail/imu_info__type_support_c.cpp.o
[8.613s] [ 32%] Building CXX object CMakeFiles/orbbec_camera_msgs__rosidl_typesupport_cpp.dir/rosidl_typesupport_cpp/orbbec_camera_msgs/srv/get_device_info__type_support.cpp.o
[9.117s] [ 33%] Building CXX object CMakeFiles/orbbec_camera_msgs__rosidl_typesupport_introspection_cpp.dir/rosidl_typesupport_introspection_cpp/orbbec_camera_msgs/msg/detail/rgbd__type_support.cpp.o
[9.145s] [ 34%] Building CXX object CMakeFiles/orbbec_camera_msgs__rosidl_typesupport_fastrtps_cpp.dir/rosidl_typesupport_fastrtps_cpp/orbbec_camera_msgs/msg/detail/dds_fastrtps/rgbd__type_support.cpp.o
[9.149s] [ 35%] Building CXX object CMakeFiles/orbbec_camera_msgs__rosidl_typesupport_fastrtps_c.dir/rosidl_typesupport_fastrtps_c/orbbec_camera_msgs/msg/detail/rgbd__type_support_c.cpp.o
[9.176s] [ 36%] Building CXX object CMakeFiles/orbbec_camera_msgs__rosidl_typesupport_cpp.dir/rosidl_typesupport_cpp/orbbec_camera_msgs/srv/get_camera_info__type_support.cpp.o
[9.738s] [ 36%] Building CXX object CMakeFiles/orbbec_camera_msgs__rosidl_typesupport_cpp.dir/rosidl_typesupport_cpp/orbbec_camera_msgs/srv/get_int32__type_support.cpp.o
[9.744s] [ 37%] Building CXX object CMakeFiles/orbbec_camera_msgs__rosidl_typesupport_fastrtps_cpp.dir/rosidl_typesupport_fastrtps_cpp/orbbec_camera_msgs/srv/detail/dds_fastrtps/get_bool__type_support.cpp.o
[9.818s] [ 38%] Building CXX object CMakeFiles/orbbec_camera_msgs__rosidl_typesupport_fastrtps_c.dir/rosidl_typesupport_fastrtps_c/orbbec_camera_msgs/srv/detail/get_bool__type_support_c.cpp.o
[9.837s] [ 39%] Building CXX object CMakeFiles/orbbec_camera_msgs__rosidl_typesupport_introspection_cpp.dir/rosidl_typesupport_introspection_cpp/orbbec_camera_msgs/srv/detail/get_bool__type_support.cpp.o
[10.224s] [ 40%] Building CXX object CMakeFiles/orbbec_camera_msgs__rosidl_typesupport_cpp.dir/rosidl_typesupport_cpp/orbbec_camera_msgs/srv/get_string__type_support.cpp.o
[10.230s] [ 40%] Building CXX object CMakeFiles/orbbec_camera_msgs__rosidl_typesupport_fastrtps_c.dir/rosidl_typesupport_fastrtps_c/orbbec_camera_msgs/srv/detail/get_device_info__type_support_c.cpp.o
[10.291s] [ 41%] Building CXX object CMakeFiles/orbbec_camera_msgs__rosidl_typesupport_introspection_cpp.dir/rosidl_typesupport_introspection_cpp/orbbec_camera_msgs/srv/detail/get_device_info__type_support.cpp.o
[10.313s] [ 42%] Building CXX object CMakeFiles/orbbec_camera_msgs__rosidl_typesupport_fastrtps_cpp.dir/rosidl_typesupport_fastrtps_cpp/orbbec_camera_msgs/srv/detail/dds_fastrtps/get_device_info__type_support.cpp.o
[10.638s] [ 43%] Building CXX object CMakeFiles/orbbec_camera_msgs__rosidl_typesupport_fastrtps_c.dir/rosidl_typesupport_fastrtps_c/orbbec_camera_msgs/srv/detail/get_camera_info__type_support_c.cpp.o
[10.693s] [ 44%] Building CXX object CMakeFiles/orbbec_camera_msgs__rosidl_typesupport_cpp.dir/rosidl_typesupport_cpp/orbbec_camera_msgs/srv/set_int32__type_support.cpp.o
[10.721s] [ 45%] Building CXX object CMakeFiles/orbbec_camera_msgs__rosidl_typesupport_introspection_cpp.dir/rosidl_typesupport_introspection_cpp/orbbec_camera_msgs/srv/detail/get_camera_info__type_support.cpp.o
[10.785s] [ 46%] Building CXX object CMakeFiles/orbbec_camera_msgs__rosidl_typesupport_fastrtps_cpp.dir/rosidl_typesupport_fastrtps_cpp/orbbec_camera_msgs/srv/detail/dds_fastrtps/get_camera_info__type_support.cpp.o
[11.017s] [ 47%] Building CXX object CMakeFiles/orbbec_camera_msgs__rosidl_typesupport_cpp.dir/rosidl_typesupport_cpp/orbbec_camera_msgs/srv/set_string__type_support.cpp.o
[11.179s] [ 48%] Building CXX object CMakeFiles/orbbec_camera_msgs__rosidl_typesupport_fastrtps_c.dir/rosidl_typesupport_fastrtps_c/orbbec_camera_msgs/srv/detail/get_int32__type_support_c.cpp.o
[11.256s] [ 48%] Building CXX object CMakeFiles/orbbec_camera_msgs__rosidl_typesupport_fastrtps_cpp.dir/rosidl_typesupport_fastrtps_cpp/orbbec_camera_msgs/srv/detail/dds_fastrtps/get_int32__type_support.cpp.o
[11.311s] [ 48%] Building CXX object CMakeFiles/orbbec_camera_msgs__rosidl_typesupport_introspection_cpp.dir/rosidl_typesupport_introspection_cpp/orbbec_camera_msgs/srv/detail/get_int32__type_support.cpp.o
[11.436s] [ 49%] Linking CXX shared library liborbbec_camera_msgs__rosidl_typesupport_cpp.so
[11.488s] [ 49%] Built target orbbec_camera_msgs__rosidl_typesupport_cpp
[11.504s] [ 50%] Generating C introspection for ROS interfaces
[11.771s] [ 51%] Building CXX object CMakeFiles/orbbec_camera_msgs__rosidl_typesupport_introspection_cpp.dir/rosidl_typesupport_introspection_cpp/orbbec_camera_msgs/srv/detail/get_string__type_support.cpp.o
[11.815s] [ 52%] Building CXX object CMakeFiles/orbbec_camera_msgs__rosidl_typesupport_fastrtps_cpp.dir/rosidl_typesupport_fastrtps_cpp/orbbec_camera_msgs/srv/detail/dds_fastrtps/get_string__type_support.cpp.o
[11.852s] [ 53%] Building CXX object CMakeFiles/orbbec_camera_msgs__rosidl_typesupport_fastrtps_c.dir/rosidl_typesupport_fastrtps_c/orbbec_camera_msgs/srv/detail/get_string__type_support_c.cpp.o
[12.210s] [ 54%] Building CXX object CMakeFiles/orbbec_camera_msgs__rosidl_typesupport_introspection_cpp.dir/rosidl_typesupport_introspection_cpp/orbbec_camera_msgs/srv/detail/set_int32__type_support.cpp.o
[12.246s] [ 55%] Building CXX object CMakeFiles/orbbec_camera_msgs__rosidl_typesupport_fastrtps_c.dir/rosidl_typesupport_fastrtps_c/orbbec_camera_msgs/srv/detail/set_int32__type_support_c.cpp.o
[12.309s] [ 56%] Building CXX object CMakeFiles/orbbec_camera_msgs__rosidl_typesupport_fastrtps_cpp.dir/rosidl_typesupport_fastrtps_cpp/orbbec_camera_msgs/srv/detail/dds_fastrtps/set_int32__type_support.cpp.o
[12.616s] [ 56%] Building C object CMakeFiles/orbbec_camera_msgs__rosidl_typesupport_introspection_c.dir/rosidl_typesupport_introspection_c/orbbec_camera_msgs/msg/detail/device_info__type_support.c.o
[12.644s] [ 57%] Building CXX object CMakeFiles/orbbec_camera_msgs__rosidl_typesupport_fastrtps_c.dir/rosidl_typesupport_fastrtps_c/orbbec_camera_msgs/srv/detail/set_string__type_support_c.cpp.o
[12.718s] [ 58%] Building C object CMakeFiles/orbbec_camera_msgs__rosidl_typesupport_introspection_c.dir/rosidl_typesupport_introspection_c/orbbec_camera_msgs/msg/detail/extrinsics__type_support.c.o
[12.812s] [ 59%] Building CXX object CMakeFiles/orbbec_camera_msgs__rosidl_typesupport_fastrtps_cpp.dir/rosidl_typesupport_fastrtps_cpp/orbbec_camera_msgs/srv/detail/dds_fastrtps/set_string__type_support.cpp.o
[12.835s] [ 60%] Building CXX object CMakeFiles/orbbec_camera_msgs__rosidl_typesupport_introspection_cpp.dir/rosidl_typesupport_introspection_cpp/orbbec_camera_msgs/srv/detail/set_string__type_support.cpp.o
[12.845s] [ 61%] Building C object CMakeFiles/orbbec_camera_msgs__rosidl_typesupport_introspection_c.dir/rosidl_typesupport_introspection_c/orbbec_camera_msgs/msg/detail/metadata__type_support.c.o
[12.940s] [ 62%] Building C object CMakeFiles/orbbec_camera_msgs__rosidl_typesupport_introspection_c.dir/rosidl_typesupport_introspection_c/orbbec_camera_msgs/msg/detail/imu_info__type_support.c.o
[13.067s] [ 63%] Building C object CMakeFiles/orbbec_camera_msgs__rosidl_typesupport_introspection_c.dir/rosidl_typesupport_introspection_c/orbbec_camera_msgs/msg/detail/rgbd__type_support.c.o
[13.090s] [ 63%] Linking CXX shared library liborbbec_camera_msgs__rosidl_typesupport_fastrtps_c.so
[13.134s] [ 64%] Building C object CMakeFiles/orbbec_camera_msgs__rosidl_typesupport_introspection_c.dir/rosidl_typesupport_introspection_c/orbbec_camera_msgs/srv/detail/get_bool__type_support.c.o
[13.185s] [ 64%] Built target orbbec_camera_msgs__rosidl_typesupport_fastrtps_c
[13.194s] [ 64%] Building C object CMakeFiles/orbbec_camera_msgs__rosidl_typesupport_introspection_c.dir/rosidl_typesupport_introspection_c/orbbec_camera_msgs/srv/detail/get_device_info__type_support.c.o
[13.246s] [ 65%] Generating C type support dispatch for ROS interfaces
[13.253s] [ 66%] Building C object CMakeFiles/orbbec_camera_msgs__rosidl_typesupport_introspection_c.dir/rosidl_typesupport_introspection_c/orbbec_camera_msgs/srv/detail/get_camera_info__type_support.c.o
[13.286s] [ 67%] Linking CXX shared library liborbbec_camera_msgs__rosidl_typesupport_introspection_cpp.so
[13.311s] [ 68%] Building C object CMakeFiles/orbbec_camera_msgs__rosidl_typesupport_introspection_c.dir/rosidl_typesupport_introspection_c/orbbec_camera_msgs/srv/detail/get_int32__type_support.c.o
[13.369s] [ 69%] Building C object CMakeFiles/orbbec_camera_msgs__rosidl_typesupport_introspection_c.dir/rosidl_typesupport_introspection_c/orbbec_camera_msgs/srv/detail/get_string__type_support.c.o
[13.373s] [ 70%] Linking CXX shared library liborbbec_camera_msgs__rosidl_typesupport_fastrtps_cpp.so
[13.374s] [ 70%] Built target orbbec_camera_msgs__rosidl_typesupport_introspection_cpp
[13.384s] [ 71%] Building C object CMakeFiles/orbbec_camera_msgs__rosidl_typesupport_introspection_c.dir/rosidl_typesupport_introspection_c/orbbec_camera_msgs/srv/detail/set_int32__type_support.c.o
[13.419s] [ 72%] Building C object CMakeFiles/orbbec_camera_msgs__rosidl_typesupport_introspection_c.dir/rosidl_typesupport_introspection_c/orbbec_camera_msgs/srv/detail/set_string__type_support.c.o
[13.462s] [ 72%] Built target orbbec_camera_msgs__rosidl_typesupport_fastrtps_cpp
[13.471s] [ 72%] Linking C shared library liborbbec_camera_msgs__rosidl_typesupport_introspection_c.so
[13.496s] [ 72%] Built target orbbec_camera_msgs__rosidl_typesupport_introspection_c
[13.733s] [ 72%] Building CXX object CMakeFiles/orbbec_camera_msgs__rosidl_typesupport_c.dir/rosidl_typesupport_c/orbbec_camera_msgs/msg/device_info__type_support.cpp.o
[13.735s] [ 73%] Building CXX object CMakeFiles/orbbec_camera_msgs__rosidl_typesupport_c.dir/rosidl_typesupport_c/orbbec_camera_msgs/msg/metadata__type_support.cpp.o
[13.736s] [ 74%] Building CXX object CMakeFiles/orbbec_camera_msgs__rosidl_typesupport_c.dir/rosidl_typesupport_c/orbbec_camera_msgs/msg/imu_info__type_support.cpp.o
[13.737s] [ 75%] Building CXX object CMakeFiles/orbbec_camera_msgs__rosidl_typesupport_c.dir/rosidl_typesupport_c/orbbec_camera_msgs/msg/extrinsics__type_support.cpp.o
[13.774s] [ 76%] Building CXX object CMakeFiles/orbbec_camera_msgs__rosidl_typesupport_c.dir/rosidl_typesupport_c/orbbec_camera_msgs/msg/rgbd__type_support.cpp.o
[13.788s] [ 77%] Building CXX object CMakeFiles/orbbec_camera_msgs__rosidl_typesupport_c.dir/rosidl_typesupport_c/orbbec_camera_msgs/srv/get_bool__type_support.cpp.o
[13.795s] [ 77%] Building CXX object CMakeFiles/orbbec_camera_msgs__rosidl_typesupport_c.dir/rosidl_typesupport_c/orbbec_camera_msgs/srv/get_device_info__type_support.cpp.o
[13.809s] [ 78%] Building CXX object CMakeFiles/orbbec_camera_msgs__rosidl_typesupport_c.dir/rosidl_typesupport_c/orbbec_camera_msgs/srv/get_camera_info__type_support.cpp.o
[13.816s] [ 79%] Building CXX object CMakeFiles/orbbec_camera_msgs__rosidl_typesupport_c.dir/rosidl_typesupport_c/orbbec_camera_msgs/srv/get_int32__type_support.cpp.o
[13.847s] [ 80%] Building CXX object CMakeFiles/orbbec_camera_msgs__rosidl_typesupport_c.dir/rosidl_typesupport_c/orbbec_camera_msgs/srv/get_string__type_support.cpp.o
[13.857s] [ 81%] Building CXX object CMakeFiles/orbbec_camera_msgs__rosidl_typesupport_c.dir/rosidl_typesupport_c/orbbec_camera_msgs/srv/set_int32__type_support.cpp.o
[13.863s] [ 82%] Building CXX object CMakeFiles/orbbec_camera_msgs__rosidl_typesupport_c.dir/rosidl_typesupport_c/orbbec_camera_msgs/srv/set_string__type_support.cpp.o
[13.902s] [ 82%] Linking CXX shared library liborbbec_camera_msgs__rosidl_typesupport_c.so
[13.933s] [ 82%] Built target orbbec_camera_msgs__rosidl_typesupport_c
[13.947s] [ 82%] Built target orbbec_camera_msgs
[13.962s] [ 83%] Generating Python code for ROS interfaces
[15.338s] [ 83%] Built target orbbec_camera_msgs__py
[15.352s] [ 84%] Building C object CMakeFiles/orbbec_camera_msgs__rosidl_generator_py.dir/rosidl_generator_py/orbbec_camera_msgs/msg/_device_info_s.c.o
[15.352s] [ 85%] Building C object CMakeFiles/orbbec_camera_msgs__rosidl_generator_py.dir/rosidl_generator_py/orbbec_camera_msgs/msg/_extrinsics_s.c.o
[15.353s] [ 85%] Building C object CMakeFiles/orbbec_camera_msgs__rosidl_generator_py.dir/rosidl_generator_py/orbbec_camera_msgs/msg/_metadata_s.c.o
[15.357s] [ 86%] Building C object CMakeFiles/orbbec_camera_msgs__rosidl_generator_py.dir/rosidl_generator_py/orbbec_camera_msgs/msg/_imu_info_s.c.o
[15.529s] [ 87%] Building C object CMakeFiles/orbbec_camera_msgs__rosidl_generator_py.dir/rosidl_generator_py/orbbec_camera_msgs/msg/_rgbd_s.c.o
[15.536s] [ 88%] Building C object CMakeFiles/orbbec_camera_msgs__rosidl_generator_py.dir/rosidl_generator_py/orbbec_camera_msgs/srv/_get_bool_s.c.o
[15.553s] [ 89%] Building C object CMakeFiles/orbbec_camera_msgs__rosidl_generator_py.dir/rosidl_generator_py/orbbec_camera_msgs/srv/_get_device_info_s.c.o
[15.689s] [ 90%] Building C object CMakeFiles/orbbec_camera_msgs__rosidl_generator_py.dir/rosidl_generator_py/orbbec_camera_msgs/srv/_get_camera_info_s.c.o
[15.704s] [ 90%] Building C object CMakeFiles/orbbec_camera_msgs__rosidl_generator_py.dir/rosidl_generator_py/orbbec_camera_msgs/srv/_get_int32_s.c.o
[15.709s] [ 91%] Building C object CMakeFiles/orbbec_camera_msgs__rosidl_generator_py.dir/rosidl_generator_py/orbbec_camera_msgs/srv/_get_string_s.c.o
[15.732s] [ 92%] Building C object CMakeFiles/orbbec_camera_msgs__rosidl_generator_py.dir/rosidl_generator_py/orbbec_camera_msgs/srv/_set_int32_s.c.o
[15.878s] [ 93%] Building C object CMakeFiles/orbbec_camera_msgs__rosidl_generator_py.dir/rosidl_generator_py/orbbec_camera_msgs/srv/_set_string_s.c.o
[16.046s] [ 94%] Linking C shared library rosidl_generator_py/orbbec_camera_msgs/liborbbec_camera_msgs__rosidl_generator_py.so
[16.080s] [ 94%] Built target orbbec_camera_msgs__rosidl_generator_py
[16.095s] [ 95%] Building C object CMakeFiles/orbbec_camera_msgs__rosidl_typesupport_c__pyext.dir/rosidl_generator_py/orbbec_camera_msgs/_orbbec_camera_msgs_s.ep.rosidl_typesupport_c.c.o
[16.095s] [ 96%] Building C object CMakeFiles/orbbec_camera_msgs__rosidl_typesupport_fastrtps_c__pyext.dir/rosidl_generator_py/orbbec_camera_msgs/_orbbec_camera_msgs_s.ep.rosidl_typesupport_fastrtps_c.c.o
[16.097s] [ 97%] Building C object CMakeFiles/orbbec_camera_msgs__rosidl_typesupport_introspection_c__pyext.dir/rosidl_generator_py/orbbec_camera_msgs/_orbbec_camera_msgs_s.ep.rosidl_typesupport_introspection_c.c.o
[16.455s] [ 98%] Linking C shared library rosidl_generator_py/orbbec_camera_msgs/orbbec_camera_msgs_s__rosidl_typesupport_fastrtps_c.cpython-310-aarch64-linux-gnu.so
[16.466s] [ 99%] Linking C shared library rosidl_generator_py/orbbec_camera_msgs/orbbec_camera_msgs_s__rosidl_typesupport_introspection_c.cpython-310-aarch64-linux-gnu.so
[16.466s] [100%] Linking C shared library rosidl_generator_py/orbbec_camera_msgs/orbbec_camera_msgs_s__rosidl_typesupport_c.cpython-310-aarch64-linux-gnu.so
[16.491s] [100%] Built target orbbec_camera_msgs__rosidl_typesupport_fastrtps_c__pyext
[16.498s] [100%] Built target orbbec_camera_msgs__rosidl_typesupport_c__pyext
[16.501s] [100%] Built target orbbec_camera_msgs__rosidl_typesupport_introspection_c__pyext
[16.510s] Invoked command in '/home/mirte/mirte_ws/build/orbbec_camera_msgs' returned '0': CMAKE_PREFIX_PATH=/opt/ros/humble /usr/bin/cmake --build /home/mirte/mirte_ws/build/orbbec_camera_msgs -- -j4 -l4
[16.511s] Invoking command in '/home/mirte/mirte_ws/build/orbbec_camera_msgs': CMAKE_PREFIX_PATH=/opt/ros/humble /usr/bin/cmake --install /home/mirte/mirte_ws/build/orbbec_camera_msgs
[16.517s] -- Install configuration: "Release"
[16.517s] -- Execute custom install script
[16.517s] -- Symlinking: /home/mirte/mirte_ws/install/orbbec_camera_msgs/share/ament_index/resource_index/rosidl_interfaces/orbbec_camera_msgs
[16.524s] -- Symlinking: /home/mirte/mirte_ws/install/orbbec_camera_msgs/include/orbbec_camera_msgs/orbbec_camera_msgs/msg/detail/device_info__functions.h
[16.530s] -- Symlinking: /home/mirte/mirte_ws/install/orbbec_camera_msgs/include/orbbec_camera_msgs/orbbec_camera_msgs/msg/detail/device_info__struct.h
[16.536s] -- Symlinking: /home/mirte/mirte_ws/install/orbbec_camera_msgs/include/orbbec_camera_msgs/orbbec_camera_msgs/msg/detail/device_info__type_support.h
[16.542s] -- Symlinking: /home/mirte/mirte_ws/install/orbbec_camera_msgs/include/orbbec_camera_msgs/orbbec_camera_msgs/msg/detail/extrinsics__functions.h
[16.548s] -- Symlinking: /home/mirte/mirte_ws/install/orbbec_camera_msgs/include/orbbec_camera_msgs/orbbec_camera_msgs/msg/detail/extrinsics__struct.h
[16.553s] -- Symlinking: /home/mirte/mirte_ws/install/orbbec_camera_msgs/include/orbbec_camera_msgs/orbbec_camera_msgs/msg/detail/extrinsics__type_support.h
[16.559s] -- Symlinking: /home/mirte/mirte_ws/install/orbbec_camera_msgs/include/orbbec_camera_msgs/orbbec_camera_msgs/msg/detail/imu_info__functions.h
[16.565s] -- Symlinking: /home/mirte/mirte_ws/install/orbbec_camera_msgs/include/orbbec_camera_msgs/orbbec_camera_msgs/msg/detail/imu_info__struct.h
[16.571s] -- Symlinking: /home/mirte/mirte_ws/install/orbbec_camera_msgs/include/orbbec_camera_msgs/orbbec_camera_msgs/msg/detail/imu_info__type_support.h
[16.577s] -- Symlinking: /home/mirte/mirte_ws/install/orbbec_camera_msgs/include/orbbec_camera_msgs/orbbec_camera_msgs/msg/detail/metadata__functions.h
[16.583s] -- Symlinking: /home/mirte/mirte_ws/install/orbbec_camera_msgs/include/orbbec_camera_msgs/orbbec_camera_msgs/msg/detail/metadata__struct.h
[16.588s] -- Symlinking: /home/mirte/mirte_ws/install/orbbec_camera_msgs/include/orbbec_camera_msgs/orbbec_camera_msgs/msg/detail/metadata__type_support.h
[16.594s] -- Symlinking: /home/mirte/mirte_ws/install/orbbec_camera_msgs/include/orbbec_camera_msgs/orbbec_camera_msgs/msg/detail/rgbd__functions.h
[16.600s] -- Symlinking: /home/mirte/mirte_ws/install/orbbec_camera_msgs/include/orbbec_camera_msgs/orbbec_camera_msgs/msg/detail/rgbd__struct.h
[16.606s] -- Symlinking: /home/mirte/mirte_ws/install/orbbec_camera_msgs/include/orbbec_camera_msgs/orbbec_camera_msgs/msg/detail/rgbd__type_support.h
[16.611s] -- Symlinking: /home/mirte/mirte_ws/install/orbbec_camera_msgs/include/orbbec_camera_msgs/orbbec_camera_msgs/msg/device_info.h
[16.617s] -- Symlinking: /home/mirte/mirte_ws/install/orbbec_camera_msgs/include/orbbec_camera_msgs/orbbec_camera_msgs/msg/extrinsics.h
[16.623s] -- Symlinking: /home/mirte/mirte_ws/install/orbbec_camera_msgs/include/orbbec_camera_msgs/orbbec_camera_msgs/msg/imu_info.h
[16.628s] -- Symlinking: /home/mirte/mirte_ws/install/orbbec_camera_msgs/include/orbbec_camera_msgs/orbbec_camera_msgs/msg/metadata.h
[16.634s] -- Symlinking: /home/mirte/mirte_ws/install/orbbec_camera_msgs/include/orbbec_camera_msgs/orbbec_camera_msgs/msg/rgbd.h
[16.640s] -- Symlinking: /home/mirte/mirte_ws/install/orbbec_camera_msgs/include/orbbec_camera_msgs/orbbec_camera_msgs/msg/rosidl_generator_c__visibility_control.h
[16.646s] -- Symlinking: /home/mirte/mirte_ws/install/orbbec_camera_msgs/include/orbbec_camera_msgs/orbbec_camera_msgs/srv/detail/get_bool__functions.h
[16.651s] -- Symlinking: /home/mirte/mirte_ws/install/orbbec_camera_msgs/include/orbbec_camera_msgs/orbbec_camera_msgs/srv/detail/get_bool__struct.h
[16.657s] -- Symlinking: /home/mirte/mirte_ws/install/orbbec_camera_msgs/include/orbbec_camera_msgs/orbbec_camera_msgs/srv/detail/get_bool__type_support.h
[16.663s] -- Symlinking: /home/mirte/mirte_ws/install/orbbec_camera_msgs/include/orbbec_camera_msgs/orbbec_camera_msgs/srv/detail/get_camera_info__functions.h
[16.669s] -- Symlinking: /home/mirte/mirte_ws/install/orbbec_camera_msgs/include/orbbec_camera_msgs/orbbec_camera_msgs/srv/detail/get_camera_info__struct.h
[16.674s] -- Symlinking: /home/mirte/mirte_ws/install/orbbec_camera_msgs/include/orbbec_camera_msgs/orbbec_camera_msgs/srv/detail/get_camera_info__type_support.h
[16.680s] -- Symlinking: /home/mirte/mirte_ws/install/orbbec_camera_msgs/include/orbbec_camera_msgs/orbbec_camera_msgs/srv/detail/get_device_info__functions.h
[16.686s] -- Symlinking: /home/mirte/mirte_ws/install/orbbec_camera_msgs/include/orbbec_camera_msgs/orbbec_camera_msgs/srv/detail/get_device_info__struct.h
[16.692s] -- Symlinking: /home/mirte/mirte_ws/install/orbbec_camera_msgs/include/orbbec_camera_msgs/orbbec_camera_msgs/srv/detail/get_device_info__type_support.h
[16.698s] -- Symlinking: /home/mirte/mirte_ws/install/orbbec_camera_msgs/include/orbbec_camera_msgs/orbbec_camera_msgs/srv/detail/get_int32__functions.h
[16.704s] -- Symlinking: /home/mirte/mirte_ws/install/orbbec_camera_msgs/include/orbbec_camera_msgs/orbbec_camera_msgs/srv/detail/get_int32__struct.h
[16.710s] -- Symlinking: /home/mirte/mirte_ws/install/orbbec_camera_msgs/include/orbbec_camera_msgs/orbbec_camera_msgs/srv/detail/get_int32__type_support.h
[16.716s] -- Symlinking: /home/mirte/mirte_ws/install/orbbec_camera_msgs/include/orbbec_camera_msgs/orbbec_camera_msgs/srv/detail/get_string__functions.h
[16.722s] -- Symlinking: /home/mirte/mirte_ws/install/orbbec_camera_msgs/include/orbbec_camera_msgs/orbbec_camera_msgs/srv/detail/get_string__struct.h
[16.728s] -- Symlinking: /home/mirte/mirte_ws/install/orbbec_camera_msgs/include/orbbec_camera_msgs/orbbec_camera_msgs/srv/detail/get_string__type_support.h
[16.734s] -- Symlinking: /home/mirte/mirte_ws/install/orbbec_camera_msgs/include/orbbec_camera_msgs/orbbec_camera_msgs/srv/detail/set_int32__functions.h
[16.740s] -- Symlinking: /home/mirte/mirte_ws/install/orbbec_camera_msgs/include/orbbec_camera_msgs/orbbec_camera_msgs/srv/detail/set_int32__struct.h
[16.746s] -- Symlinking: /home/mirte/mirte_ws/install/orbbec_camera_msgs/include/orbbec_camera_msgs/orbbec_camera_msgs/srv/detail/set_int32__type_support.h
[16.752s] -- Symlinking: /home/mirte/mirte_ws/install/orbbec_camera_msgs/include/orbbec_camera_msgs/orbbec_camera_msgs/srv/detail/set_string__functions.h
[16.758s] -- Symlinking: /home/mirte/mirte_ws/install/orbbec_camera_msgs/include/orbbec_camera_msgs/orbbec_camera_msgs/srv/detail/set_string__struct.h
[16.763s] -- Symlinking: /home/mirte/mirte_ws/install/orbbec_camera_msgs/include/orbbec_camera_msgs/orbbec_camera_msgs/srv/detail/set_string__type_support.h
[16.769s] -- Symlinking: /home/mirte/mirte_ws/install/orbbec_camera_msgs/include/orbbec_camera_msgs/orbbec_camera_msgs/srv/get_bool.h
[16.775s] -- Symlinking: /home/mirte/mirte_ws/install/orbbec_camera_msgs/include/orbbec_camera_msgs/orbbec_camera_msgs/srv/get_camera_info.h
[16.781s] -- Symlinking: /home/mirte/mirte_ws/install/orbbec_camera_msgs/include/orbbec_camera_msgs/orbbec_camera_msgs/srv/get_device_info.h
[16.787s] -- Symlinking: /home/mirte/mirte_ws/install/orbbec_camera_msgs/include/orbbec_camera_msgs/orbbec_camera_msgs/srv/get_int32.h
[16.793s] -- Symlinking: /home/mirte/mirte_ws/install/orbbec_camera_msgs/include/orbbec_camera_msgs/orbbec_camera_msgs/srv/get_string.h
[16.798s] -- Symlinking: /home/mirte/mirte_ws/install/orbbec_camera_msgs/include/orbbec_camera_msgs/orbbec_camera_msgs/srv/set_int32.h
[16.804s] -- Symlinking: /home/mirte/mirte_ws/install/orbbec_camera_msgs/include/orbbec_camera_msgs/orbbec_camera_msgs/srv/set_string.h
[16.810s] -- Symlinking: /home/mirte/mirte_ws/install/orbbec_camera_msgs/share/orbbec_camera_msgs/environment/library_path.sh
[16.817s] -- Symlinking: /home/mirte/mirte_ws/install/orbbec_camera_msgs/share/orbbec_camera_msgs/environment/library_path.dsv
[16.823s] -- Symlinking: /home/mirte/mirte_ws/install/orbbec_camera_msgs/include/orbbec_camera_msgs/orbbec_camera_msgs/msg/detail/device_info__rosidl_typesupport_fastrtps_c.h
[16.828s] -- Symlinking: /home/mirte/mirte_ws/install/orbbec_camera_msgs/include/orbbec_camera_msgs/orbbec_camera_msgs/msg/detail/extrinsics__rosidl_typesupport_fastrtps_c.h
[16.834s] -- Symlinking: /home/mirte/mirte_ws/install/orbbec_camera_msgs/include/orbbec_camera_msgs/orbbec_camera_msgs/msg/detail/imu_info__rosidl_typesupport_fastrtps_c.h
[16.840s] -- Symlinking: /home/mirte/mirte_ws/install/orbbec_camera_msgs/include/orbbec_camera_msgs/orbbec_camera_msgs/msg/detail/metadata__rosidl_typesupport_fastrtps_c.h
[16.846s] -- Symlinking: /home/mirte/mirte_ws/install/orbbec_camera_msgs/include/orbbec_camera_msgs/orbbec_camera_msgs/msg/detail/rgbd__rosidl_typesupport_fastrtps_c.h
[16.852s] -- Symlinking: /home/mirte/mirte_ws/install/orbbec_camera_msgs/include/orbbec_camera_msgs/orbbec_camera_msgs/msg/rosidl_typesupport_fastrtps_c__visibility_control.h
[16.857s] -- Symlinking: /home/mirte/mirte_ws/install/orbbec_camera_msgs/include/orbbec_camera_msgs/orbbec_camera_msgs/srv/detail/get_bool__rosidl_typesupport_fastrtps_c.h
[16.863s] -- Symlinking: /home/mirte/mirte_ws/install/orbbec_camera_msgs/include/orbbec_camera_msgs/orbbec_camera_msgs/srv/detail/get_camera_info__rosidl_typesupport_fastrtps_c.h
[16.869s] -- Symlinking: /home/mirte/mirte_ws/install/orbbec_camera_msgs/include/orbbec_camera_msgs/orbbec_camera_msgs/srv/detail/get_device_info__rosidl_typesupport_fastrtps_c.h
[16.875s] -- Symlinking: /home/mirte/mirte_ws/install/orbbec_camera_msgs/include/orbbec_camera_msgs/orbbec_camera_msgs/srv/detail/get_int32__rosidl_typesupport_fastrtps_c.h
[16.880s] -- Symlinking: /home/mirte/mirte_ws/install/orbbec_camera_msgs/include/orbbec_camera_msgs/orbbec_camera_msgs/srv/detail/get_string__rosidl_typesupport_fastrtps_c.h
[16.887s] -- Symlinking: /home/mirte/mirte_ws/install/orbbec_camera_msgs/include/orbbec_camera_msgs/orbbec_camera_msgs/srv/detail/set_int32__rosidl_typesupport_fastrtps_c.h
[16.892s] -- Symlinking: /home/mirte/mirte_ws/install/orbbec_camera_msgs/include/orbbec_camera_msgs/orbbec_camera_msgs/srv/detail/set_string__rosidl_typesupport_fastrtps_c.h
[16.898s] -- Symlinking: /home/mirte/mirte_ws/install/orbbec_camera_msgs/include/orbbec_camera_msgs/orbbec_camera_msgs/msg/detail/device_info__rosidl_typesupport_introspection_c.h
[16.904s] -- Symlinking: /home/mirte/mirte_ws/install/orbbec_camera_msgs/include/orbbec_camera_msgs/orbbec_camera_msgs/msg/detail/extrinsics__rosidl_typesupport_introspection_c.h
[16.909s] -- Symlinking: /home/mirte/mirte_ws/install/orbbec_camera_msgs/include/orbbec_camera_msgs/orbbec_camera_msgs/msg/detail/imu_info__rosidl_typesupport_introspection_c.h
[16.915s] -- Symlinking: /home/mirte/mirte_ws/install/orbbec_camera_msgs/include/orbbec_camera_msgs/orbbec_camera_msgs/msg/detail/metadata__rosidl_typesupport_introspection_c.h
[16.921s] -- Symlinking: /home/mirte/mirte_ws/install/orbbec_camera_msgs/include/orbbec_camera_msgs/orbbec_camera_msgs/msg/detail/rgbd__rosidl_typesupport_introspection_c.h
[16.926s] -- Symlinking: /home/mirte/mirte_ws/install/orbbec_camera_msgs/include/orbbec_camera_msgs/orbbec_camera_msgs/msg/rosidl_typesupport_introspection_c__visibility_control.h
[16.932s] -- Symlinking: /home/mirte/mirte_ws/install/orbbec_camera_msgs/include/orbbec_camera_msgs/orbbec_camera_msgs/srv/detail/get_bool__rosidl_typesupport_introspection_c.h
[16.938s] -- Symlinking: /home/mirte/mirte_ws/install/orbbec_camera_msgs/include/orbbec_camera_msgs/orbbec_camera_msgs/srv/detail/get_camera_info__rosidl_typesupport_introspection_c.h
[16.943s] -- Symlinking: /home/mirte/mirte_ws/install/orbbec_camera_msgs/include/orbbec_camera_msgs/orbbec_camera_msgs/srv/detail/get_device_info__rosidl_typesupport_introspection_c.h
[16.949s] -- Symlinking: /home/mirte/mirte_ws/install/orbbec_camera_msgs/include/orbbec_camera_msgs/orbbec_camera_msgs/srv/detail/get_int32__rosidl_typesupport_introspection_c.h
[16.955s] -- Symlinking: /home/mirte/mirte_ws/install/orbbec_camera_msgs/include/orbbec_camera_msgs/orbbec_camera_msgs/srv/detail/get_string__rosidl_typesupport_introspection_c.h
[16.961s] -- Symlinking: /home/mirte/mirte_ws/install/orbbec_camera_msgs/include/orbbec_camera_msgs/orbbec_camera_msgs/srv/detail/set_int32__rosidl_typesupport_introspection_c.h
[16.967s] -- Symlinking: /home/mirte/mirte_ws/install/orbbec_camera_msgs/include/orbbec_camera_msgs/orbbec_camera_msgs/srv/detail/set_string__rosidl_typesupport_introspection_c.h
[16.973s] -- Symlinking: /home/mirte/mirte_ws/install/orbbec_camera_msgs/include/orbbec_camera_msgs/orbbec_camera_msgs/msg/detail/device_info__builder.hpp
[16.979s] -- Symlinking: /home/mirte/mirte_ws/install/orbbec_camera_msgs/include/orbbec_camera_msgs/orbbec_camera_msgs/msg/detail/device_info__struct.hpp
[16.984s] -- Symlinking: /home/mirte/mirte_ws/install/orbbec_camera_msgs/include/orbbec_camera_msgs/orbbec_camera_msgs/msg/detail/device_info__traits.hpp
[16.990s] -- Symlinking: /home/mirte/mirte_ws/install/orbbec_camera_msgs/include/orbbec_camera_msgs/orbbec_camera_msgs/msg/detail/device_info__type_support.hpp
[16.995s] -- Symlinking: /home/mirte/mirte_ws/install/orbbec_camera_msgs/include/orbbec_camera_msgs/orbbec_camera_msgs/msg/detail/extrinsics__builder.hpp
[17.001s] -- Symlinking: /home/mirte/mirte_ws/install/orbbec_camera_msgs/include/orbbec_camera_msgs/orbbec_camera_msgs/msg/detail/extrinsics__struct.hpp
[17.007s] -- Symlinking: /home/mirte/mirte_ws/install/orbbec_camera_msgs/include/orbbec_camera_msgs/orbbec_camera_msgs/msg/detail/extrinsics__traits.hpp
[17.013s] -- Symlinking: /home/mirte/mirte_ws/install/orbbec_camera_msgs/include/orbbec_camera_msgs/orbbec_camera_msgs/msg/detail/extrinsics__type_support.hpp
[17.018s] -- Symlinking: /home/mirte/mirte_ws/install/orbbec_camera_msgs/include/orbbec_camera_msgs/orbbec_camera_msgs/msg/detail/imu_info__builder.hpp
[17.024s] -- Symlinking: /home/mirte/mirte_ws/install/orbbec_camera_msgs/include/orbbec_camera_msgs/orbbec_camera_msgs/msg/detail/imu_info__struct.hpp
[17.030s] -- Symlinking: /home/mirte/mirte_ws/install/orbbec_camera_msgs/include/orbbec_camera_msgs/orbbec_camera_msgs/msg/detail/imu_info__traits.hpp
[17.036s] -- Symlinking: /home/mirte/mirte_ws/install/orbbec_camera_msgs/include/orbbec_camera_msgs/orbbec_camera_msgs/msg/detail/imu_info__type_support.hpp
[17.041s] -- Symlinking: /home/mirte/mirte_ws/install/orbbec_camera_msgs/include/orbbec_camera_msgs/orbbec_camera_msgs/msg/detail/metadata__builder.hpp
[17.047s] -- Symlinking: /home/mirte/mirte_ws/install/orbbec_camera_msgs/include/orbbec_camera_msgs/orbbec_camera_msgs/msg/detail/metadata__struct.hpp
[17.053s] -- Symlinking: /home/mirte/mirte_ws/install/orbbec_camera_msgs/include/orbbec_camera_msgs/orbbec_camera_msgs/msg/detail/metadata__traits.hpp
[17.059s] -- Symlinking: /home/mirte/mirte_ws/install/orbbec_camera_msgs/include/orbbec_camera_msgs/orbbec_camera_msgs/msg/detail/metadata__type_support.hpp
[17.064s] -- Symlinking: /home/mirte/mirte_ws/install/orbbec_camera_msgs/include/orbbec_camera_msgs/orbbec_camera_msgs/msg/detail/rgbd__builder.hpp
[17.070s] -- Symlinking: /home/mirte/mirte_ws/install/orbbec_camera_msgs/include/orbbec_camera_msgs/orbbec_camera_msgs/msg/detail/rgbd__struct.hpp
[17.076s] -- Symlinking: /home/mirte/mirte_ws/install/orbbec_camera_msgs/include/orbbec_camera_msgs/orbbec_camera_msgs/msg/detail/rgbd__traits.hpp
[17.082s] -- Symlinking: /home/mirte/mirte_ws/install/orbbec_camera_msgs/include/orbbec_camera_msgs/orbbec_camera_msgs/msg/detail/rgbd__type_support.hpp
[17.088s] -- Symlinking: /home/mirte/mirte_ws/install/orbbec_camera_msgs/include/orbbec_camera_msgs/orbbec_camera_msgs/msg/device_info.hpp
[17.094s] -- Symlinking: /home/mirte/mirte_ws/install/orbbec_camera_msgs/include/orbbec_camera_msgs/orbbec_camera_msgs/msg/extrinsics.hpp
[17.100s] -- Symlinking: /home/mirte/mirte_ws/install/orbbec_camera_msgs/include/orbbec_camera_msgs/orbbec_camera_msgs/msg/imu_info.hpp
[17.106s] -- Symlinking: /home/mirte/mirte_ws/install/orbbec_camera_msgs/include/orbbec_camera_msgs/orbbec_camera_msgs/msg/metadata.hpp
[17.112s] -- Symlinking: /home/mirte/mirte_ws/install/orbbec_camera_msgs/include/orbbec_camera_msgs/orbbec_camera_msgs/msg/rgbd.hpp
[17.117s] -- Symlinking: /home/mirte/mirte_ws/install/orbbec_camera_msgs/include/orbbec_camera_msgs/orbbec_camera_msgs/msg/rosidl_generator_cpp__visibility_control.hpp
[17.123s] -- Symlinking: /home/mirte/mirte_ws/install/orbbec_camera_msgs/include/orbbec_camera_msgs/orbbec_camera_msgs/srv/detail/get_bool__builder.hpp
[17.129s] -- Symlinking: /home/mirte/mirte_ws/install/orbbec_camera_msgs/include/orbbec_camera_msgs/orbbec_camera_msgs/srv/detail/get_bool__struct.hpp
[17.135s] -- Symlinking: /home/mirte/mirte_ws/install/orbbec_camera_msgs/include/orbbec_camera_msgs/orbbec_camera_msgs/srv/detail/get_bool__traits.hpp
[17.141s] -- Symlinking: /home/mirte/mirte_ws/install/orbbec_camera_msgs/include/orbbec_camera_msgs/orbbec_camera_msgs/srv/detail/get_bool__type_support.hpp
[17.147s] -- Symlinking: /home/mirte/mirte_ws/install/orbbec_camera_msgs/include/orbbec_camera_msgs/orbbec_camera_msgs/srv/detail/get_camera_info__builder.hpp
[17.153s] -- Symlinking: /home/mirte/mirte_ws/install/orbbec_camera_msgs/include/orbbec_camera_msgs/orbbec_camera_msgs/srv/detail/get_camera_info__struct.hpp
[17.159s] -- Symlinking: /home/mirte/mirte_ws/install/orbbec_camera_msgs/include/orbbec_camera_msgs/orbbec_camera_msgs/srv/detail/get_camera_info__traits.hpp
[17.165s] -- Symlinking: /home/mirte/mirte_ws/install/orbbec_camera_msgs/include/orbbec_camera_msgs/orbbec_camera_msgs/srv/detail/get_camera_info__type_support.hpp
[17.170s] -- Symlinking: /home/mirte/mirte_ws/install/orbbec_camera_msgs/include/orbbec_camera_msgs/orbbec_camera_msgs/srv/detail/get_device_info__builder.hpp
[17.177s] -- Symlinking: /home/mirte/mirte_ws/install/orbbec_camera_msgs/include/orbbec_camera_msgs/orbbec_camera_msgs/srv/detail/get_device_info__struct.hpp
[17.183s] -- Symlinking: /home/mirte/mirte_ws/install/orbbec_camera_msgs/include/orbbec_camera_msgs/orbbec_camera_msgs/srv/detail/get_device_info__traits.hpp
[17.189s] -- Symlinking: /home/mirte/mirte_ws/install/orbbec_camera_msgs/include/orbbec_camera_msgs/orbbec_camera_msgs/srv/detail/get_device_info__type_support.hpp
[17.195s] -- Symlinking: /home/mirte/mirte_ws/install/orbbec_camera_msgs/include/orbbec_camera_msgs/orbbec_camera_msgs/srv/detail/get_int32__builder.hpp
[17.201s] -- Symlinking: /home/mirte/mirte_ws/install/orbbec_camera_msgs/include/orbbec_camera_msgs/orbbec_camera_msgs/srv/detail/get_int32__struct.hpp
[17.207s] -- Symlinking: /home/mirte/mirte_ws/install/orbbec_camera_msgs/include/orbbec_camera_msgs/orbbec_camera_msgs/srv/detail/get_int32__traits.hpp
[17.213s] -- Symlinking: /home/mirte/mirte_ws/install/orbbec_camera_msgs/include/orbbec_camera_msgs/orbbec_camera_msgs/srv/detail/get_int32__type_support.hpp
[17.220s] -- Symlinking: /home/mirte/mirte_ws/install/orbbec_camera_msgs/include/orbbec_camera_msgs/orbbec_camera_msgs/srv/detail/get_string__builder.hpp
[17.227s] -- Symlinking: /home/mirte/mirte_ws/install/orbbec_camera_msgs/include/orbbec_camera_msgs/orbbec_camera_msgs/srv/detail/get_string__struct.hpp
[17.233s] -- Symlinking: /home/mirte/mirte_ws/install/orbbec_camera_msgs/include/orbbec_camera_msgs/orbbec_camera_msgs/srv/detail/get_string__traits.hpp
[17.239s] -- Symlinking: /home/mirte/mirte_ws/install/orbbec_camera_msgs/include/orbbec_camera_msgs/orbbec_camera_msgs/srv/detail/get_string__type_support.hpp
[17.245s] -- Symlinking: /home/mirte/mirte_ws/install/orbbec_camera_msgs/include/orbbec_camera_msgs/orbbec_camera_msgs/srv/detail/set_int32__builder.hpp
[17.252s] -- Symlinking: /home/mirte/mirte_ws/install/orbbec_camera_msgs/include/orbbec_camera_msgs/orbbec_camera_msgs/srv/detail/set_int32__struct.hpp
[17.258s] -- Symlinking: /home/mirte/mirte_ws/install/orbbec_camera_msgs/include/orbbec_camera_msgs/orbbec_camera_msgs/srv/detail/set_int32__traits.hpp
[17.264s] -- Symlinking: /home/mirte/mirte_ws/install/orbbec_camera_msgs/include/orbbec_camera_msgs/orbbec_camera_msgs/srv/detail/set_int32__type_support.hpp
[17.270s] -- Symlinking: /home/mirte/mirte_ws/install/orbbec_camera_msgs/include/orbbec_camera_msgs/orbbec_camera_msgs/srv/detail/set_string__builder.hpp
[17.276s] -- Symlinking: /home/mirte/mirte_ws/install/orbbec_camera_msgs/include/orbbec_camera_msgs/orbbec_camera_msgs/srv/detail/set_string__struct.hpp
[17.282s] -- Symlinking: /home/mirte/mirte_ws/install/orbbec_camera_msgs/include/orbbec_camera_msgs/orbbec_camera_msgs/srv/detail/set_string__traits.hpp
[17.288s] -- Symlinking: /home/mirte/mirte_ws/install/orbbec_camera_msgs/include/orbbec_camera_msgs/orbbec_camera_msgs/srv/detail/set_string__type_support.hpp
[17.294s] -- Symlinking: /home/mirte/mirte_ws/install/orbbec_camera_msgs/include/orbbec_camera_msgs/orbbec_camera_msgs/srv/get_bool.hpp
[17.300s] -- Symlinking: /home/mirte/mirte_ws/install/orbbec_camera_msgs/include/orbbec_camera_msgs/orbbec_camera_msgs/srv/get_camera_info.hpp
[17.306s] -- Symlinking: /home/mirte/mirte_ws/install/orbbec_camera_msgs/include/orbbec_camera_msgs/orbbec_camera_msgs/srv/get_device_info.hpp
[17.312s] -- Symlinking: /home/mirte/mirte_ws/install/orbbec_camera_msgs/include/orbbec_camera_msgs/orbbec_camera_msgs/srv/get_int32.hpp
[17.318s] -- Symlinking: /home/mirte/mirte_ws/install/orbbec_camera_msgs/include/orbbec_camera_msgs/orbbec_camera_msgs/srv/get_string.hpp
[17.324s] -- Symlinking: /home/mirte/mirte_ws/install/orbbec_camera_msgs/include/orbbec_camera_msgs/orbbec_camera_msgs/srv/set_int32.hpp
[17.330s] -- Symlinking: /home/mirte/mirte_ws/install/orbbec_camera_msgs/include/orbbec_camera_msgs/orbbec_camera_msgs/srv/set_string.hpp
[17.337s] -- Symlinking: /home/mirte/mirte_ws/install/orbbec_camera_msgs/include/orbbec_camera_msgs/orbbec_camera_msgs/msg/detail/device_info__rosidl_typesupport_fastrtps_cpp.hpp
[17.343s] -- Symlinking: /home/mirte/mirte_ws/install/orbbec_camera_msgs/include/orbbec_camera_msgs/orbbec_camera_msgs/msg/detail/extrinsics__rosidl_typesupport_fastrtps_cpp.hpp
[17.348s] -- Symlinking: /home/mirte/mirte_ws/install/orbbec_camera_msgs/include/orbbec_camera_msgs/orbbec_camera_msgs/msg/detail/imu_info__rosidl_typesupport_fastrtps_cpp.hpp
[17.354s] -- Symlinking: /home/mirte/mirte_ws/install/orbbec_camera_msgs/include/orbbec_camera_msgs/orbbec_camera_msgs/msg/detail/metadata__rosidl_typesupport_fastrtps_cpp.hpp
[17.360s] -- Symlinking: /home/mirte/mirte_ws/install/orbbec_camera_msgs/include/orbbec_camera_msgs/orbbec_camera_msgs/msg/detail/rgbd__rosidl_typesupport_fastrtps_cpp.hpp
[17.366s] -- Symlinking: /home/mirte/mirte_ws/install/orbbec_camera_msgs/include/orbbec_camera_msgs/orbbec_camera_msgs/msg/rosidl_typesupport_fastrtps_cpp__visibility_control.h
[17.372s] -- Symlinking: /home/mirte/mirte_ws/install/orbbec_camera_msgs/include/orbbec_camera_msgs/orbbec_camera_msgs/srv/detail/get_bool__rosidl_typesupport_fastrtps_cpp.hpp
[17.378s] -- Symlinking: /home/mirte/mirte_ws/install/orbbec_camera_msgs/include/orbbec_camera_msgs/orbbec_camera_msgs/srv/detail/get_camera_info__rosidl_typesupport_fastrtps_cpp.hpp
[17.384s] -- Symlinking: /home/mirte/mirte_ws/install/orbbec_camera_msgs/include/orbbec_camera_msgs/orbbec_camera_msgs/srv/detail/get_device_info__rosidl_typesupport_fastrtps_cpp.hpp
[17.390s] -- Symlinking: /home/mirte/mirte_ws/install/orbbec_camera_msgs/include/orbbec_camera_msgs/orbbec_camera_msgs/srv/detail/get_int32__rosidl_typesupport_fastrtps_cpp.hpp
[17.397s] -- Symlinking: /home/mirte/mirte_ws/install/orbbec_camera_msgs/include/orbbec_camera_msgs/orbbec_camera_msgs/srv/detail/get_string__rosidl_typesupport_fastrtps_cpp.hpp
[17.403s] -- Symlinking: /home/mirte/mirte_ws/install/orbbec_camera_msgs/include/orbbec_camera_msgs/orbbec_camera_msgs/srv/detail/set_int32__rosidl_typesupport_fastrtps_cpp.hpp
[17.409s] -- Symlinking: /home/mirte/mirte_ws/install/orbbec_camera_msgs/include/orbbec_camera_msgs/orbbec_camera_msgs/srv/detail/set_string__rosidl_typesupport_fastrtps_cpp.hpp
[17.415s] -- Symlinking: /home/mirte/mirte_ws/install/orbbec_camera_msgs/include/orbbec_camera_msgs/orbbec_camera_msgs/msg/detail/device_info__rosidl_typesupport_introspection_cpp.hpp
[17.421s] -- Symlinking: /home/mirte/mirte_ws/install/orbbec_camera_msgs/include/orbbec_camera_msgs/orbbec_camera_msgs/msg/detail/extrinsics__rosidl_typesupport_introspection_cpp.hpp
[17.428s] -- Symlinking: /home/mirte/mirte_ws/install/orbbec_camera_msgs/include/orbbec_camera_msgs/orbbec_camera_msgs/msg/detail/imu_info__rosidl_typesupport_introspection_cpp.hpp
[17.434s] -- Symlinking: /home/mirte/mirte_ws/install/orbbec_camera_msgs/include/orbbec_camera_msgs/orbbec_camera_msgs/msg/detail/metadata__rosidl_typesupport_introspection_cpp.hpp
[17.439s] -- Symlinking: /home/mirte/mirte_ws/install/orbbec_camera_msgs/include/orbbec_camera_msgs/orbbec_camera_msgs/msg/detail/rgbd__rosidl_typesupport_introspection_cpp.hpp
[17.445s] -- Symlinking: /home/mirte/mirte_ws/install/orbbec_camera_msgs/include/orbbec_camera_msgs/orbbec_camera_msgs/srv/detail/get_bool__rosidl_typesupport_introspection_cpp.hpp
[17.451s] -- Symlinking: /home/mirte/mirte_ws/install/orbbec_camera_msgs/include/orbbec_camera_msgs/orbbec_camera_msgs/srv/detail/get_camera_info__rosidl_typesupport_introspection_cpp.hpp
[17.457s] -- Symlinking: /home/mirte/mirte_ws/install/orbbec_camera_msgs/include/orbbec_camera_msgs/orbbec_camera_msgs/srv/detail/get_device_info__rosidl_typesupport_introspection_cpp.hpp
[17.463s] -- Symlinking: /home/mirte/mirte_ws/install/orbbec_camera_msgs/include/orbbec_camera_msgs/orbbec_camera_msgs/srv/detail/get_int32__rosidl_typesupport_introspection_cpp.hpp
[17.469s] -- Symlinking: /home/mirte/mirte_ws/install/orbbec_camera_msgs/include/orbbec_camera_msgs/orbbec_camera_msgs/srv/detail/get_string__rosidl_typesupport_introspection_cpp.hpp
[17.474s] -- Symlinking: /home/mirte/mirte_ws/install/orbbec_camera_msgs/include/orbbec_camera_msgs/orbbec_camera_msgs/srv/detail/set_int32__rosidl_typesupport_introspection_cpp.hpp
[17.480s] -- Symlinking: /home/mirte/mirte_ws/install/orbbec_camera_msgs/include/orbbec_camera_msgs/orbbec_camera_msgs/srv/detail/set_string__rosidl_typesupport_introspection_cpp.hpp
[17.486s] -- Symlinking: /home/mirte/mirte_ws/install/orbbec_camera_msgs/share/orbbec_camera_msgs/environment/pythonpath.sh
[17.492s] -- Symlinking: /home/mirte/mirte_ws/install/orbbec_camera_msgs/share/orbbec_camera_msgs/environment/pythonpath.dsv
[17.498s] -- Symlinking: /home/mirte/mirte_ws/install/orbbec_camera_msgs/local/lib/python3.10/dist-packages/orbbec_camera_msgs-1.5.15-py3.10.egg-info/PKG-INFO
[17.504s] -- Symlinking: /home/mirte/mirte_ws/install/orbbec_camera_msgs/local/lib/python3.10/dist-packages/orbbec_camera_msgs-1.5.15-py3.10.egg-info/SOURCES.txt
[17.510s] -- Symlinking: /home/mirte/mirte_ws/install/orbbec_camera_msgs/local/lib/python3.10/dist-packages/orbbec_camera_msgs-1.5.15-py3.10.egg-info/dependency_links.txt
[17.516s] -- Symlinking: /home/mirte/mirte_ws/install/orbbec_camera_msgs/local/lib/python3.10/dist-packages/orbbec_camera_msgs-1.5.15-py3.10.egg-info/top_level.txt
[17.522s] -- Symlinking: /home/mirte/mirte_ws/install/orbbec_camera_msgs/local/lib/python3.10/dist-packages/orbbec_camera_msgs/__init__.py
[17.528s] -- Symlinking: /home/mirte/mirte_ws/install/orbbec_camera_msgs/local/lib/python3.10/dist-packages/orbbec_camera_msgs/_orbbec_camera_msgs_s.ep.rosidl_typesupport_c.c
[17.533s] -- Symlinking: /home/mirte/mirte_ws/install/orbbec_camera_msgs/local/lib/python3.10/dist-packages/orbbec_camera_msgs/_orbbec_camera_msgs_s.ep.rosidl_typesupport_fastrtps_c.c
[17.539s] -- Symlinking: /home/mirte/mirte_ws/install/orbbec_camera_msgs/local/lib/python3.10/dist-packages/orbbec_camera_msgs/_orbbec_camera_msgs_s.ep.rosidl_typesupport_introspection_c.c
[17.544s] -- Symlinking: /home/mirte/mirte_ws/install/orbbec_camera_msgs/local/lib/python3.10/dist-packages/orbbec_camera_msgs/liborbbec_camera_msgs__rosidl_generator_py.so
[17.550s] -- Symlinking: /home/mirte/mirte_ws/install/orbbec_camera_msgs/local/lib/python3.10/dist-packages/orbbec_camera_msgs/msg/__init__.py
[17.556s] -- Symlinking: /home/mirte/mirte_ws/install/orbbec_camera_msgs/local/lib/python3.10/dist-packages/orbbec_camera_msgs/msg/_device_info.py
[17.562s] -- Symlinking: /home/mirte/mirte_ws/install/orbbec_camera_msgs/local/lib/python3.10/dist-packages/orbbec_camera_msgs/msg/_device_info_s.c
[17.568s] -- Symlinking: /home/mirte/mirte_ws/install/orbbec_camera_msgs/local/lib/python3.10/dist-packages/orbbec_camera_msgs/msg/_extrinsics.py
[17.573s] -- Symlinking: /home/mirte/mirte_ws/install/orbbec_camera_msgs/local/lib/python3.10/dist-packages/orbbec_camera_msgs/msg/_extrinsics_s.c
[17.579s] -- Symlinking: /home/mirte/mirte_ws/install/orbbec_camera_msgs/local/lib/python3.10/dist-packages/orbbec_camera_msgs/msg/_imu_info.py
[17.585s] -- Symlinking: /home/mirte/mirte_ws/install/orbbec_camera_msgs/local/lib/python3.10/dist-packages/orbbec_camera_msgs/msg/_imu_info_s.c
[17.591s] -- Symlinking: /home/mirte/mirte_ws/install/orbbec_camera_msgs/local/lib/python3.10/dist-packages/orbbec_camera_msgs/msg/_metadata.py
[17.597s] -- Symlinking: /home/mirte/mirte_ws/install/orbbec_camera_msgs/local/lib/python3.10/dist-packages/orbbec_camera_msgs/msg/_metadata_s.c
[17.603s] -- Symlinking: /home/mirte/mirte_ws/install/orbbec_camera_msgs/local/lib/python3.10/dist-packages/orbbec_camera_msgs/msg/_rgbd.py
[17.609s] -- Symlinking: /home/mirte/mirte_ws/install/orbbec_camera_msgs/local/lib/python3.10/dist-packages/orbbec_camera_msgs/msg/_rgbd_s.c
[17.615s] -- Symlinking: /home/mirte/mirte_ws/install/orbbec_camera_msgs/local/lib/python3.10/dist-packages/orbbec_camera_msgs/orbbec_camera_msgs_s__rosidl_typesupport_c.cpython-310-aarch64-linux-gnu.so
[17.621s] -- Symlinking: /home/mirte/mirte_ws/install/orbbec_camera_msgs/local/lib/python3.10/dist-packages/orbbec_camera_msgs/orbbec_camera_msgs_s__rosidl_typesupport_fastrtps_c.cpython-310-aarch64-linux-gnu.so
[17.626s] -- Symlinking: /home/mirte/mirte_ws/install/orbbec_camera_msgs/local/lib/python3.10/dist-packages/orbbec_camera_msgs/orbbec_camera_msgs_s__rosidl_typesupport_introspection_c.cpython-310-aarch64-linux-gnu.so
[17.632s] -- Symlinking: /home/mirte/mirte_ws/install/orbbec_camera_msgs/local/lib/python3.10/dist-packages/orbbec_camera_msgs/srv/__init__.py
[17.637s] -- Symlinking: /home/mirte/mirte_ws/install/orbbec_camera_msgs/local/lib/python3.10/dist-packages/orbbec_camera_msgs/srv/_get_bool.py
[17.644s] -- Symlinking: /home/mirte/mirte_ws/install/orbbec_camera_msgs/local/lib/python3.10/dist-packages/orbbec_camera_msgs/srv/_get_bool_s.c
[17.650s] -- Symlinking: /home/mirte/mirte_ws/install/orbbec_camera_msgs/local/lib/python3.10/dist-packages/orbbec_camera_msgs/srv/_get_camera_info.py
[17.656s] -- Symlinking: /home/mirte/mirte_ws/install/orbbec_camera_msgs/local/lib/python3.10/dist-packages/orbbec_camera_msgs/srv/_get_camera_info_s.c
[17.661s] -- Symlinking: /home/mirte/mirte_ws/install/orbbec_camera_msgs/local/lib/python3.10/dist-packages/orbbec_camera_msgs/srv/_get_device_info.py
[17.667s] -- Symlinking: /home/mirte/mirte_ws/install/orbbec_camera_msgs/local/lib/python3.10/dist-packages/orbbec_camera_msgs/srv/_get_device_info_s.c
[17.673s] -- Symlinking: /home/mirte/mirte_ws/install/orbbec_camera_msgs/local/lib/python3.10/dist-packages/orbbec_camera_msgs/srv/_get_int32.py
[17.679s] -- Symlinking: /home/mirte/mirte_ws/install/orbbec_camera_msgs/local/lib/python3.10/dist-packages/orbbec_camera_msgs/srv/_get_int32_s.c
[17.686s] -- Symlinking: /home/mirte/mirte_ws/install/orbbec_camera_msgs/local/lib/python3.10/dist-packages/orbbec_camera_msgs/srv/_get_string.py
[17.690s] -- Symlinking: /home/mirte/mirte_ws/install/orbbec_camera_msgs/local/lib/python3.10/dist-packages/orbbec_camera_msgs/srv/_get_string_s.c
[17.696s] -- Symlinking: /home/mirte/mirte_ws/install/orbbec_camera_msgs/local/lib/python3.10/dist-packages/orbbec_camera_msgs/srv/_set_int32.py
[17.702s] -- Symlinking: /home/mirte/mirte_ws/install/orbbec_camera_msgs/local/lib/python3.10/dist-packages/orbbec_camera_msgs/srv/_set_int32_s.c
[17.708s] -- Symlinking: /home/mirte/mirte_ws/install/orbbec_camera_msgs/local/lib/python3.10/dist-packages/orbbec_camera_msgs/srv/_set_string.py
[17.713s] -- Symlinking: /home/mirte/mirte_ws/install/orbbec_camera_msgs/local/lib/python3.10/dist-packages/orbbec_camera_msgs/srv/_set_string_s.c
[17.719s] -- Up-to-date symlink: /home/mirte/mirte_ws/install/orbbec_camera_msgs/local/lib/python3.10/dist-packages/orbbec_camera_msgs/orbbec_camera_msgs_s__rosidl_typesupport_fastrtps_c.cpython-310-aarch64-linux-gnu.so
[17.719s] -- Up-to-date symlink: /home/mirte/mirte_ws/install/orbbec_camera_msgs/local/lib/python3.10/dist-packages/orbbec_camera_msgs/orbbec_camera_msgs_s__rosidl_typesupport_introspection_c.cpython-310-aarch64-linux-gnu.so
[17.719s] -- Up-to-date symlink: /home/mirte/mirte_ws/install/orbbec_camera_msgs/local/lib/python3.10/dist-packages/orbbec_camera_msgs/orbbec_camera_msgs_s__rosidl_typesupport_c.cpython-310-aarch64-linux-gnu.so
[17.720s] -- Symlinking: /home/mirte/mirte_ws/install/orbbec_camera_msgs/share/ament_index/resource_index/rust_packages/orbbec_camera_msgs
[17.726s] -- Symlinking: /home/mirte/mirte_ws/install/orbbec_camera_msgs/share/orbbec_camera_msgs/rust/Cargo.toml
[17.732s] -- Symlinking: /home/mirte/mirte_ws/install/orbbec_camera_msgs/share/orbbec_camera_msgs/rust/build.rs
[17.737s] -- Symlinking: /home/mirte/mirte_ws/install/orbbec_camera_msgs/share/orbbec_camera_msgs/rust/src/lib.rs
[17.743s] -- Symlinking: /home/mirte/mirte_ws/install/orbbec_camera_msgs/share/orbbec_camera_msgs/rust/src/msg.rs
[17.749s] -- Symlinking: /home/mirte/mirte_ws/install/orbbec_camera_msgs/share/orbbec_camera_msgs/rust/src/msg/rmw.rs
[17.754s] -- Symlinking: /home/mirte/mirte_ws/install/orbbec_camera_msgs/share/orbbec_camera_msgs/rust/src/srv.rs
[17.760s] -- Symlinking: /home/mirte/mirte_ws/install/orbbec_camera_msgs/share/orbbec_camera_msgs/rust/src/srv/rmw.rs
[17.766s] -- Symlinking: /home/mirte/mirte_ws/install/orbbec_camera_msgs/share/orbbec_camera_msgs/msg/DeviceInfo.idl
[17.772s] -- Symlinking: /home/mirte/mirte_ws/install/orbbec_camera_msgs/share/orbbec_camera_msgs/msg/Extrinsics.idl
[17.778s] -- Symlinking: /home/mirte/mirte_ws/install/orbbec_camera_msgs/share/orbbec_camera_msgs/msg/Metadata.idl
[17.784s] -- Symlinking: /home/mirte/mirte_ws/install/orbbec_camera_msgs/share/orbbec_camera_msgs/msg/IMUInfo.idl
[17.790s] -- Symlinking: /home/mirte/mirte_ws/install/orbbec_camera_msgs/share/orbbec_camera_msgs/msg/RGBD.idl
[17.797s] -- Symlinking: /home/mirte/mirte_ws/install/orbbec_camera_msgs/share/orbbec_camera_msgs/srv/GetBool.idl
[17.803s] -- Symlinking: /home/mirte/mirte_ws/install/orbbec_camera_msgs/share/orbbec_camera_msgs/srv/GetDeviceInfo.idl
[17.809s] -- Symlinking: /home/mirte/mirte_ws/install/orbbec_camera_msgs/share/orbbec_camera_msgs/srv/GetCameraInfo.idl
[17.814s] -- Symlinking: /home/mirte/mirte_ws/install/orbbec_camera_msgs/share/orbbec_camera_msgs/srv/GetInt32.idl
[17.820s] -- Symlinking: /home/mirte/mirte_ws/install/orbbec_camera_msgs/share/orbbec_camera_msgs/srv/GetString.idl
[17.826s] -- Symlinking: /home/mirte/mirte_ws/install/orbbec_camera_msgs/share/orbbec_camera_msgs/srv/SetInt32.idl
[17.832s] -- Symlinking: /home/mirte/mirte_ws/install/orbbec_camera_msgs/share/orbbec_camera_msgs/srv/SetString.idl
[17.839s] -- Symlinking: /home/mirte/mirte_ws/install/orbbec_camera_msgs/share/orbbec_camera_msgs/msg/DeviceInfo.msg
[17.845s] -- Symlinking: /home/mirte/mirte_ws/install/orbbec_camera_msgs/share/orbbec_camera_msgs/msg/Extrinsics.msg
[17.850s] -- Symlinking: /home/mirte/mirte_ws/install/orbbec_camera_msgs/share/orbbec_camera_msgs/msg/Metadata.msg
[17.857s] -- Symlinking: /home/mirte/mirte_ws/install/orbbec_camera_msgs/share/orbbec_camera_msgs/msg/IMUInfo.msg
[17.862s] -- Symlinking: /home/mirte/mirte_ws/install/orbbec_camera_msgs/share/orbbec_camera_msgs/msg/RGBD.msg
[17.869s] -- Symlinking: /home/mirte/mirte_ws/install/orbbec_camera_msgs/share/orbbec_camera_msgs/srv/GetBool.srv
[17.874s] -- Symlinking: /home/mirte/mirte_ws/install/orbbec_camera_msgs/share/orbbec_camera_msgs/srv/GetBool_Request.msg
[17.880s] -- Symlinking: /home/mirte/mirte_ws/install/orbbec_camera_msgs/share/orbbec_camera_msgs/srv/GetBool_Response.msg
[17.886s] -- Symlinking: /home/mirte/mirte_ws/install/orbbec_camera_msgs/share/orbbec_camera_msgs/srv/GetDeviceInfo.srv
[17.892s] -- Symlinking: /home/mirte/mirte_ws/install/orbbec_camera_msgs/share/orbbec_camera_msgs/srv/GetDeviceInfo_Request.msg
[17.898s] -- Symlinking: /home/mirte/mirte_ws/install/orbbec_camera_msgs/share/orbbec_camera_msgs/srv/GetDeviceInfo_Response.msg
[17.904s] -- Symlinking: /home/mirte/mirte_ws/install/orbbec_camera_msgs/share/orbbec_camera_msgs/srv/GetCameraInfo.srv
[17.910s] -- Symlinking: /home/mirte/mirte_ws/install/orbbec_camera_msgs/share/orbbec_camera_msgs/srv/GetCameraInfo_Request.msg
[17.916s] -- Symlinking: /home/mirte/mirte_ws/install/orbbec_camera_msgs/share/orbbec_camera_msgs/srv/GetCameraInfo_Response.msg
[17.922s] -- Symlinking: /home/mirte/mirte_ws/install/orbbec_camera_msgs/share/orbbec_camera_msgs/srv/GetInt32.srv
[17.929s] -- Symlinking: /home/mirte/mirte_ws/install/orbbec_camera_msgs/share/orbbec_camera_msgs/srv/GetInt32_Request.msg
[17.935s] -- Symlinking: /home/mirte/mirte_ws/install/orbbec_camera_msgs/share/orbbec_camera_msgs/srv/GetInt32_Response.msg
[17.941s] -- Symlinking: /home/mirte/mirte_ws/install/orbbec_camera_msgs/share/orbbec_camera_msgs/srv/GetString.srv
[17.947s] -- Symlinking: /home/mirte/mirte_ws/install/orbbec_camera_msgs/share/orbbec_camera_msgs/srv/GetString_Request.msg
[17.953s] -- Symlinking: /home/mirte/mirte_ws/install/orbbec_camera_msgs/share/orbbec_camera_msgs/srv/GetString_Response.msg
[17.959s] -- Symlinking: /home/mirte/mirte_ws/install/orbbec_camera_msgs/share/orbbec_camera_msgs/srv/SetInt32.srv
[17.965s] -- Symlinking: /home/mirte/mirte_ws/install/orbbec_camera_msgs/share/orbbec_camera_msgs/srv/SetInt32_Request.msg
[17.971s] -- Symlinking: /home/mirte/mirte_ws/install/orbbec_camera_msgs/share/orbbec_camera_msgs/srv/SetInt32_Response.msg
[17.977s] -- Symlinking: /home/mirte/mirte_ws/install/orbbec_camera_msgs/share/orbbec_camera_msgs/srv/SetString.srv
[17.983s] -- Symlinking: /home/mirte/mirte_ws/install/orbbec_camera_msgs/share/orbbec_camera_msgs/srv/SetString_Request.msg
[17.989s] -- Symlinking: /home/mirte/mirte_ws/install/orbbec_camera_msgs/share/orbbec_camera_msgs/srv/SetString_Response.msg
[17.995s] -- Symlinking: /home/mirte/mirte_ws/install/orbbec_camera_msgs/share/ament_index/resource_index/package_run_dependencies/orbbec_camera_msgs
[18.001s] -- Symlinking: /home/mirte/mirte_ws/install/orbbec_camera_msgs/share/ament_index/resource_index/parent_prefix_path/orbbec_camera_msgs
[18.007s] -- Symlinking: /home/mirte/mirte_ws/install/orbbec_camera_msgs/share/orbbec_camera_msgs/environment/ament_prefix_path.sh
[18.013s] -- Symlinking: /home/mirte/mirte_ws/install/orbbec_camera_msgs/share/orbbec_camera_msgs/environment/ament_prefix_path.dsv
[18.019s] -- Symlinking: /home/mirte/mirte_ws/install/orbbec_camera_msgs/share/orbbec_camera_msgs/environment/path.sh
[18.025s] -- Symlinking: /home/mirte/mirte_ws/install/orbbec_camera_msgs/share/orbbec_camera_msgs/environment/path.dsv
[18.030s] -- Symlinking: /home/mirte/mirte_ws/install/orbbec_camera_msgs/share/orbbec_camera_msgs/local_setup.bash
[18.036s] -- Symlinking: /home/mirte/mirte_ws/install/orbbec_camera_msgs/share/orbbec_camera_msgs/local_setup.sh
[18.042s] -- Symlinking: /home/mirte/mirte_ws/install/orbbec_camera_msgs/share/orbbec_camera_msgs/local_setup.zsh
[18.047s] -- Symlinking: /home/mirte/mirte_ws/install/orbbec_camera_msgs/share/orbbec_camera_msgs/local_setup.dsv
[18.053s] -- Symlinking: /home/mirte/mirte_ws/install/orbbec_camera_msgs/share/orbbec_camera_msgs/package.dsv
[18.059s] -- Symlinking: /home/mirte/mirte_ws/install/orbbec_camera_msgs/share/ament_index/resource_index/packages/orbbec_camera_msgs
[18.065s] -- Symlinking: /home/mirte/mirte_ws/install/orbbec_camera_msgs/share/orbbec_camera_msgs/cmake/rosidl_cmake-extras.cmake
[18.071s] -- Symlinking: /home/mirte/mirte_ws/install/orbbec_camera_msgs/share/orbbec_camera_msgs/cmake/ament_cmake_export_dependencies-extras.cmake
[18.076s] -- Symlinking: /home/mirte/mirte_ws/install/orbbec_camera_msgs/share/orbbec_camera_msgs/cmake/ament_cmake_export_include_directories-extras.cmake
[18.082s] -- Symlinking: /home/mirte/mirte_ws/install/orbbec_camera_msgs/share/orbbec_camera_msgs/cmake/ament_cmake_export_libraries-extras.cmake
[18.088s] -- Symlinking: /home/mirte/mirte_ws/install/orbbec_camera_msgs/share/orbbec_camera_msgs/cmake/ament_cmake_export_targets-extras.cmake
[18.093s] -- Symlinking: /home/mirte/mirte_ws/install/orbbec_camera_msgs/share/orbbec_camera_msgs/cmake/rosidl_cmake_export_typesupport_targets-extras.cmake
[18.099s] -- Symlinking: /home/mirte/mirte_ws/install/orbbec_camera_msgs/share/orbbec_camera_msgs/cmake/rosidl_cmake_export_typesupport_libraries-extras.cmake
[18.105s] -- Symlinking: /home/mirte/mirte_ws/install/orbbec_camera_msgs/share/orbbec_camera_msgs/cmake/orbbec_camera_msgsConfig.cmake
[18.110s] -- Symlinking: /home/mirte/mirte_ws/install/orbbec_camera_msgs/share/orbbec_camera_msgs/cmake/orbbec_camera_msgsConfig-version.cmake
[18.116s] -- Symlinking: /home/mirte/mirte_ws/install/orbbec_camera_msgs/share/orbbec_camera_msgs/package.xml
[18.122s] -- Installing: /home/mirte/mirte_ws/install/orbbec_camera_msgs/lib/liborbbec_camera_msgs__rosidl_generator_c.so
[18.122s] -- Set runtime path of "/home/mirte/mirte_ws/install/orbbec_camera_msgs/lib/liborbbec_camera_msgs__rosidl_generator_c.so" to ""
[18.122s] -- Installing: /home/mirte/mirte_ws/install/orbbec_camera_msgs/lib/liborbbec_camera_msgs__rosidl_typesupport_fastrtps_c.so
[18.122s] -- Set runtime path of "/home/mirte/mirte_ws/install/orbbec_camera_msgs/lib/liborbbec_camera_msgs__rosidl_typesupport_fastrtps_c.so" to ""
[18.122s] -- Installing: /home/mirte/mirte_ws/install/orbbec_camera_msgs/lib/liborbbec_camera_msgs__rosidl_typesupport_introspection_c.so
[18.122s] -- Set runtime path of "/home/mirte/mirte_ws/install/orbbec_camera_msgs/lib/liborbbec_camera_msgs__rosidl_typesupport_introspection_c.so" to ""
[18.122s] -- Installing: /home/mirte/mirte_ws/install/orbbec_camera_msgs/lib/liborbbec_camera_msgs__rosidl_typesupport_c.so
[18.123s] -- Set runtime path of "/home/mirte/mirte_ws/install/orbbec_camera_msgs/lib/liborbbec_camera_msgs__rosidl_typesupport_c.so" to ""
[18.123s] -- Installing: /home/mirte/mirte_ws/install/orbbec_camera_msgs/lib/liborbbec_camera_msgs__rosidl_typesupport_fastrtps_cpp.so
[18.123s] -- Set runtime path of "/home/mirte/mirte_ws/install/orbbec_camera_msgs/lib/liborbbec_camera_msgs__rosidl_typesupport_fastrtps_cpp.so" to ""
[18.123s] -- Installing: /home/mirte/mirte_ws/install/orbbec_camera_msgs/lib/liborbbec_camera_msgs__rosidl_typesupport_introspection_cpp.so
[18.123s] -- Set runtime path of "/home/mirte/mirte_ws/install/orbbec_camera_msgs/lib/liborbbec_camera_msgs__rosidl_typesupport_introspection_cpp.so" to ""
[18.123s] -- Installing: /home/mirte/mirte_ws/install/orbbec_camera_msgs/lib/liborbbec_camera_msgs__rosidl_typesupport_cpp.so
[18.123s] -- Set runtime path of "/home/mirte/mirte_ws/install/orbbec_camera_msgs/lib/liborbbec_camera_msgs__rosidl_typesupport_cpp.so" to ""
[18.162s] Listing '/home/mirte/mirte_ws/install/orbbec_camera_msgs/local/lib/python3.10/dist-packages/orbbec_camera_msgs'...
[18.162s] Compiling '/home/mirte/mirte_ws/install/orbbec_camera_msgs/local/lib/python3.10/dist-packages/orbbec_camera_msgs/__init__.py'...
[18.162s] Listing '/home/mirte/mirte_ws/install/orbbec_camera_msgs/local/lib/python3.10/dist-packages/orbbec_camera_msgs/msg'...
[18.162s] Compiling '/home/mirte/mirte_ws/install/orbbec_camera_msgs/local/lib/python3.10/dist-packages/orbbec_camera_msgs/msg/__init__.py'...
[18.162s] Compiling '/home/mirte/mirte_ws/install/orbbec_camera_msgs/local/lib/python3.10/dist-packages/orbbec_camera_msgs/msg/_device_info.py'...
[18.162s] Compiling '/home/mirte/mirte_ws/install/orbbec_camera_msgs/local/lib/python3.10/dist-packages/orbbec_camera_msgs/msg/_extrinsics.py'...
[18.162s] Compiling '/home/mirte/mirte_ws/install/orbbec_camera_msgs/local/lib/python3.10/dist-packages/orbbec_camera_msgs/msg/_imu_info.py'...
[18.162s] Compiling '/home/mirte/mirte_ws/install/orbbec_camera_msgs/local/lib/python3.10/dist-packages/orbbec_camera_msgs/msg/_metadata.py'...
[18.162s] Compiling '/home/mirte/mirte_ws/install/orbbec_camera_msgs/local/lib/python3.10/dist-packages/orbbec_camera_msgs/msg/_rgbd.py'...
[18.162s] Listing '/home/mirte/mirte_ws/install/orbbec_camera_msgs/local/lib/python3.10/dist-packages/orbbec_camera_msgs/srv'...
[18.162s] Compiling '/home/mirte/mirte_ws/install/orbbec_camera_msgs/local/lib/python3.10/dist-packages/orbbec_camera_msgs/srv/__init__.py'...
[18.162s] Compiling '/home/mirte/mirte_ws/install/orbbec_camera_msgs/local/lib/python3.10/dist-packages/orbbec_camera_msgs/srv/_get_bool.py'...
[18.162s] Compiling '/home/mirte/mirte_ws/install/orbbec_camera_msgs/local/lib/python3.10/dist-packages/orbbec_camera_msgs/srv/_get_camera_info.py'...
[18.162s] Compiling '/home/mirte/mirte_ws/install/orbbec_camera_msgs/local/lib/python3.10/dist-packages/orbbec_camera_msgs/srv/_get_device_info.py'...
[18.162s] Compiling '/home/mirte/mirte_ws/install/orbbec_camera_msgs/local/lib/python3.10/dist-packages/orbbec_camera_msgs/srv/_get_int32.py'...
[18.162s] Compiling '/home/mirte/mirte_ws/install/orbbec_camera_msgs/local/lib/python3.10/dist-packages/orbbec_camera_msgs/srv/_get_string.py'...
[18.162s] Compiling '/home/mirte/mirte_ws/install/orbbec_camera_msgs/local/lib/python3.10/dist-packages/orbbec_camera_msgs/srv/_set_int32.py'...
[18.162s] Compiling '/home/mirte/mirte_ws/install/orbbec_camera_msgs/local/lib/python3.10/dist-packages/orbbec_camera_msgs/srv/_set_string.py'...
[18.166s] -- Installing: /home/mirte/mirte_ws/install/orbbec_camera_msgs/lib/liborbbec_camera_msgs__rosidl_generator_py.so
[18.166s] -- Set runtime path of "/home/mirte/mirte_ws/install/orbbec_camera_msgs/lib/liborbbec_camera_msgs__rosidl_generator_py.so" to ""
[18.166s] -- Installing: /home/mirte/mirte_ws/install/orbbec_camera_msgs/share/orbbec_camera_msgs/cmake/export_orbbec_camera_msgs__rosidl_generator_cExport.cmake
[18.166s] -- Installing: /home/mirte/mirte_ws/install/orbbec_camera_msgs/share/orbbec_camera_msgs/cmake/export_orbbec_camera_msgs__rosidl_generator_cExport-release.cmake
[18.166s] -- Installing: /home/mirte/mirte_ws/install/orbbec_camera_msgs/share/orbbec_camera_msgs/cmake/export_orbbec_camera_msgs__rosidl_typesupport_fastrtps_cExport.cmake
[18.166s] -- Installing: /home/mirte/mirte_ws/install/orbbec_camera_msgs/share/orbbec_camera_msgs/cmake/export_orbbec_camera_msgs__rosidl_typesupport_fastrtps_cExport-release.cmake
[18.167s] -- Installing: /home/mirte/mirte_ws/install/orbbec_camera_msgs/share/orbbec_camera_msgs/cmake/orbbec_camera_msgs__rosidl_typesupport_introspection_cExport.cmake
[18.167s] -- Installing: /home/mirte/mirte_ws/install/orbbec_camera_msgs/share/orbbec_camera_msgs/cmake/orbbec_camera_msgs__rosidl_typesupport_introspection_cExport-release.cmake
[18.167s] -- Installing: /home/mirte/mirte_ws/install/orbbec_camera_msgs/share/orbbec_camera_msgs/cmake/orbbec_camera_msgs__rosidl_typesupport_cExport.cmake
[18.167s] -- Installing: /home/mirte/mirte_ws/install/orbbec_camera_msgs/share/orbbec_camera_msgs/cmake/orbbec_camera_msgs__rosidl_typesupport_cExport-release.cmake
[18.167s] -- Installing: /home/mirte/mirte_ws/install/orbbec_camera_msgs/share/orbbec_camera_msgs/cmake/export_orbbec_camera_msgs__rosidl_generator_cppExport.cmake
[18.167s] -- Installing: /home/mirte/mirte_ws/install/orbbec_camera_msgs/share/orbbec_camera_msgs/cmake/export_orbbec_camera_msgs__rosidl_typesupport_fastrtps_cppExport.cmake
[18.167s] -- Installing: /home/mirte/mirte_ws/install/orbbec_camera_msgs/share/orbbec_camera_msgs/cmake/export_orbbec_camera_msgs__rosidl_typesupport_fastrtps_cppExport-release.cmake
[18.167s] -- Installing: /home/mirte/mirte_ws/install/orbbec_camera_msgs/share/orbbec_camera_msgs/cmake/orbbec_camera_msgs__rosidl_typesupport_introspection_cppExport.cmake
[18.167s] -- Installing: /home/mirte/mirte_ws/install/orbbec_camera_msgs/share/orbbec_camera_msgs/cmake/orbbec_camera_msgs__rosidl_typesupport_introspection_cppExport-release.cmake
[18.167s] -- Installing: /home/mirte/mirte_ws/install/orbbec_camera_msgs/share/orbbec_camera_msgs/cmake/orbbec_camera_msgs__rosidl_typesupport_cppExport.cmake
[18.167s] -- Installing: /home/mirte/mirte_ws/install/orbbec_camera_msgs/share/orbbec_camera_msgs/cmake/orbbec_camera_msgs__rosidl_typesupport_cppExport-release.cmake
[18.167s] -- Installing: /home/mirte/mirte_ws/install/orbbec_camera_msgs/share/orbbec_camera_msgs/cmake/export_orbbec_camera_msgs__rosidl_generator_pyExport.cmake
[18.167s] -- Installing: /home/mirte/mirte_ws/install/orbbec_camera_msgs/share/orbbec_camera_msgs/cmake/export_orbbec_camera_msgs__rosidl_generator_pyExport-release.cmake
[18.169s] Invoked command in '/home/mirte/mirte_ws/build/orbbec_camera_msgs' returned '0': CMAKE_PREFIX_PATH=/opt/ros/humble /usr/bin/cmake --install /home/mirte/mirte_ws/build/orbbec_camera_msgs
