[0.005s] Invoking command in '/home/mirte/mirte_ws/build/mirte_pioneer_description': CMAKE_PREFIX_PATH=/opt/ros/humble /usr/bin/cmake /home/mirte/mirte_ws/src/mirte-ros-packages/mirte_description/mirte_pioneer_description -DCMAKE_C_COMPILER_LAUNCHER=ccache -DCMAKE_CXX_COMPILER_LAUNCHER=ccache -DCMAKE_BUILD_TYPE=Release -DAMENT_CMAKE_SYMLINK_INSTALL=1 -DCMAKE_INSTALL_PREFIX=/home/mirte/mirte_ws/install/mirte_pioneer_description
[0.049s] -- The C compiler identification is GNU 11.4.0
[0.097s] -- The CXX compiler identification is GNU 11.4.0
[0.104s] -- Detecting C compiler ABI info
[0.156s] -- Detecting C compiler ABI info - done
[0.160s] -- Check for working C compiler: /usr/bin/cc - skipped
[0.160s] -- Detecting C compile features
[0.162s] -- Detecting C compile features - done
[0.165s] -- Detecting CXX compiler ABI info
[0.232s] -- Detecting CXX compiler ABI info - done
[0.232s] -- Check for working CXX compiler: /usr/bin/c++ - skipped
[0.232s] -- Detecting CXX compile features
[0.232s] -- Detecting CXX compile features - done
[0.234s] -- Found ament_cmake: 1.3.14 (/opt/ros/humble/share/ament_cmake/cmake)
[0.399s] -- Found Python3: /usr/bin/python3 (found version "3.10.12") found components: Interpreter 
[0.399s] -- Override CMake install command with custom implementation using symlinks instead of copying resources
[0.403s] -- X=launch
[0.404s] -- X=urdf
[0.404s] -- X=meshes
[0.404s] -- X=models
[0.404s] -- X=config
[0.404s] -- X=rviz
[0.404s] -- Found ament_lint_auto: 0.12.15 (/opt/ros/humble/share/ament_lint_auto/cmake)
[0.464s] -- Added test 'lint_cmake' to check CMake code style
[0.470s] -- Added test 'xmllint' to check XML markup files
[0.470s] -- Configuring done
[0.470s] -- Generating done
[0.472s] -- Build files have been written to: /home/mirte/mirte_ws/build/mirte_pioneer_description
[0.476s] Invoked command in '/home/mirte/mirte_ws/build/mirte_pioneer_description' returned '0': CMAKE_PREFIX_PATH=/opt/ros/humble /usr/bin/cmake /home/mirte/mirte_ws/src/mirte-ros-packages/mirte_description/mirte_pioneer_description -DCMAKE_C_COMPILER_LAUNCHER=ccache -DCMAKE_CXX_COMPILER_LAUNCHER=ccache -DCMAKE_BUILD_TYPE=Release -DAMENT_CMAKE_SYMLINK_INSTALL=1 -DCMAKE_INSTALL_PREFIX=/home/mirte/mirte_ws/install/mirte_pioneer_description
[0.477s] Invoking command in '/home/mirte/mirte_ws/build/mirte_pioneer_description': CMAKE_PREFIX_PATH=/opt/ros/humble /usr/bin/cmake --build /home/mirte/mirte_ws/build/mirte_pioneer_description -- -j4 -l4
[0.485s] gmake: the '-j' option requires a positive integer argument
[0.510s] Invoked command in '/home/mirte/mirte_ws/build/mirte_pioneer_description' returned '0': CMAKE_PREFIX_PATH=/opt/ros/humble /usr/bin/cmake --build /home/mirte/mirte_ws/build/mirte_pioneer_description -- -j4 -l4
[0.511s] Invoking command in '/home/mirte/mirte_ws/build/mirte_pioneer_description': CMAKE_PREFIX_PATH=/opt/ros/humble /usr/bin/cmake --install /home/mirte/mirte_ws/build/mirte_pioneer_description
[0.520s] -- Install configuration: "Release"
[0.520s] -- Execute custom install script
[0.520s] -- Symlinking: /home/mirte/mirte_ws/install/mirte_pioneer_description/share/mirte_pioneer_description//launch/rviz.launch.xml
[0.523s] -- Symlinking: /home/mirte/mirte_ws/install/mirte_pioneer_description/share/mirte_pioneer_description//urdf/materials.xacro
[0.530s] -- Symlinking: /home/mirte/mirte_ws/install/mirte_pioneer_description/share/mirte_pioneer_description//urdf/mirte/README.md
[0.536s] -- Symlinking: /home/mirte/mirte_ws/install/mirte_pioneer_description/share/mirte_pioneer_description//urdf/mirte/camera.xacro
[0.542s] -- Symlinking: /home/mirte/mirte_ws/install/mirte_pioneer_description/share/mirte_pioneer_description//urdf/mirte/diffdrive.xacro
[0.548s] -- Symlinking: /home/mirte/mirte_ws/install/mirte_pioneer_description/share/mirte_pioneer_description//urdf/mirte/ir.xacro
[0.558s] -- Symlinking: /home/mirte/mirte_ws/install/mirte_pioneer_description/share/mirte_pioneer_description//urdf/mirte/lidar.xacro
[0.567s] -- Symlinking: /home/mirte/mirte_ws/install/mirte_pioneer_description/share/mirte_pioneer_description//urdf/mirte/macros.xacro
[0.572s] -- Symlinking: /home/mirte/mirte_ws/install/mirte_pioneer_description/share/mirte_pioneer_description//urdf/mirte/materials.xacro
[0.582s] -- Symlinking: /home/mirte/mirte_ws/install/mirte_pioneer_description/share/mirte_pioneer_description//urdf/mirte/mirte.xacro
[0.595s] -- Symlinking: /home/mirte/mirte_ws/install/mirte_pioneer_description/share/mirte_pioneer_description//urdf/mirte/realsense-RS200.macro.xacro
[0.607s] -- Symlinking: /home/mirte/mirte_ws/install/mirte_pioneer_description/share/mirte_pioneer_description//urdf/mirte/realsense-depth.xacro
[0.617s] -- Symlinking: /home/mirte/mirte_ws/install/mirte_pioneer_description/share/mirte_pioneer_description//urdf/mirte/realsense-lidar.xacro
[0.623s] -- Symlinking: /home/mirte/mirte_ws/install/mirte_pioneer_description/share/mirte_pioneer_description//urdf/mirte/realsense.xacro
[0.628s] -- Symlinking: /home/mirte/mirte_ws/install/mirte_pioneer_description/share/mirte_pioneer_description//urdf/mirte/ultrasonic.xacro
[0.642s] -- Symlinking: /home/mirte/mirte_ws/install/mirte_pioneer_description/share/mirte_pioneer_description//meshes/lidar.stl
[0.652s] -- Symlinking: /home/mirte/mirte_ws/install/mirte_pioneer_description/share/mirte_pioneer_description//meshes/mirte_base.stl
[0.663s] -- Symlinking: /home/mirte/mirte_ws/install/mirte_pioneer_description/share/mirte_pioneer_description//meshes/mirte_base_coll.stl
[0.672s] -- Symlinking: /home/mirte/mirte_ws/install/mirte_pioneer_description/share/mirte_pioneer_description//meshes/wheel.stl
[0.683s] -- Symlinking: /home/mirte/mirte_ws/install/mirte_pioneer_description/share/mirte_pioneer_description//models/mirte/meshes/lidar.stl
[0.697s] -- Symlinking: /home/mirte/mirte_ws/install/mirte_pioneer_description/share/mirte_pioneer_description//models/mirte/meshes/mirte_base.stl
[0.710s] -- Symlinking: /home/mirte/mirte_ws/install/mirte_pioneer_description/share/mirte_pioneer_description//models/mirte/meshes/mirte_base_coll.stl
[0.720s] -- Symlinking: /home/mirte/mirte_ws/install/mirte_pioneer_description/share/mirte_pioneer_description//models/mirte/meshes/wheel.stl
[0.740s] -- Symlinking: /home/mirte/mirte_ws/install/mirte_pioneer_description/share/mirte_pioneer_description//models/mirte_base/mirte_base.mtl
[0.757s] -- Symlinking: /home/mirte/mirte_ws/install/mirte_pioneer_description/share/mirte_pioneer_description//models/mirte_base/mirte_base.obj
[0.769s] -- Symlinking: /home/mirte/mirte_ws/install/mirte_pioneer_description/share/mirte_pioneer_description//models/mirte_base/mirte_base.png
[0.786s] -- Symlinking: /home/mirte/mirte_ws/install/mirte_pioneer_description/share/mirte_pioneer_description//models/realsense_camera/materials/textures/realsense_diffuse.png
[0.794s] -- Symlinking: /home/mirte/mirte_ws/install/mirte_pioneer_description/share/mirte_pioneer_description//models/realsense_camera/meshes/realsense.dae
[0.809s] -- Symlinking: /home/mirte/mirte_ws/install/mirte_pioneer_description/share/mirte_pioneer_description//models/realsense_camera/meshes/realsense.mtl
[0.819s] -- Symlinking: /home/mirte/mirte_ws/install/mirte_pioneer_description/share/mirte_pioneer_description//models/realsense_camera/meshes/realsense.obj
[0.833s] -- Symlinking: /home/mirte/mirte_ws/install/mirte_pioneer_description/share/mirte_pioneer_description//models/realsense_camera/model.config
[0.845s] -- Symlinking: /home/mirte/mirte_ws/install/mirte_pioneer_description/share/mirte_pioneer_description//models/realsense_camera/model.sdf
[0.852s] -- Symlinking: /home/mirte/mirte_ws/install/mirte_pioneer_description/share/mirte_pioneer_description//models/wheel/wheel.mtl
[0.864s] -- Symlinking: /home/mirte/mirte_ws/install/mirte_pioneer_description/share/mirte_pioneer_description//models/wheel/wheel.obj
[0.879s] -- Symlinking: /home/mirte/mirte_ws/install/mirte_pioneer_description/share/mirte_pioneer_description//config/mirte_dimensions.yaml
[0.891s] -- Symlinking: /home/mirte/mirte_ws/install/mirte_pioneer_description/share/mirte_pioneer_description//rviz/urdf.rviz
[0.906s] -- Symlinking: /home/mirte/mirte_ws/install/mirte_pioneer_description/share/ament_index/resource_index/package_run_dependencies/mirte_pioneer_description
[0.918s] -- Symlinking: /home/mirte/mirte_ws/install/mirte_pioneer_description/share/ament_index/resource_index/parent_prefix_path/mirte_pioneer_description
[0.929s] -- Symlinking: /home/mirte/mirte_ws/install/mirte_pioneer_description/share/mirte_pioneer_description/environment/ament_prefix_path.sh
[0.943s] -- Symlinking: /home/mirte/mirte_ws/install/mirte_pioneer_description/share/mirte_pioneer_description/environment/ament_prefix_path.dsv
[0.959s] -- Symlinking: /home/mirte/mirte_ws/install/mirte_pioneer_description/share/mirte_pioneer_description/environment/path.sh
[0.967s] -- Symlinking: /home/mirte/mirte_ws/install/mirte_pioneer_description/share/mirte_pioneer_description/environment/path.dsv
[0.977s] -- Symlinking: /home/mirte/mirte_ws/install/mirte_pioneer_description/share/mirte_pioneer_description/local_setup.bash
[0.989s] -- Symlinking: /home/mirte/mirte_ws/install/mirte_pioneer_description/share/mirte_pioneer_description/local_setup.sh
[1.000s] -- Symlinking: /home/mirte/mirte_ws/install/mirte_pioneer_description/share/mirte_pioneer_description/local_setup.zsh
[1.011s] -- Symlinking: /home/mirte/mirte_ws/install/mirte_pioneer_description/share/mirte_pioneer_description/local_setup.dsv
[1.025s] -- Symlinking: /home/mirte/mirte_ws/install/mirte_pioneer_description/share/mirte_pioneer_description/package.dsv
[1.035s] -- Symlinking: /home/mirte/mirte_ws/install/mirte_pioneer_description/share/ament_index/resource_index/packages/mirte_pioneer_description
[1.049s] -- Symlinking: /home/mirte/mirte_ws/install/mirte_pioneer_description/share/mirte_pioneer_description/cmake/mirte_pioneer_descriptionConfig.cmake
[1.058s] -- Symlinking: /home/mirte/mirte_ws/install/mirte_pioneer_description/share/mirte_pioneer_description/cmake/mirte_pioneer_descriptionConfig-version.cmake
[1.070s] -- Symlinking: /home/mirte/mirte_ws/install/mirte_pioneer_description/share/mirte_pioneer_description/package.xml
[1.084s] Invoked command in '/home/mirte/mirte_ws/build/mirte_pioneer_description' returned '0': CMAKE_PREFIX_PATH=/opt/ros/humble /usr/bin/cmake --install /home/mirte/mirte_ws/build/mirte_pioneer_description
