-- Install configuration: "Release"
-- Execute custom install script
-- Up-to-date symlink: /home/mirte/mirte_ws/install/mirte_fastdds_discovery_setup/share/mirte_fastdds_discovery_setup/environment/mirte_fastdds_discovery_setup.sh
-- Up-to-date symlink: /home/mirte/mirte_ws/install/mirte_fastdds_discovery_setup/share/mirte_fastdds_discovery_setup//config/super_client_config.xml
-- Up-to-date symlink: /home/mirte/mirte_ws/install/mirte_fastdds_discovery_setup/share/mirte_fastdds_discovery_setup//config/super_client_config.xml.in
-- Up-to-date symlink: /home/mirte/mirte_ws/install/mirte_fastdds_discovery_setup/share/ament_index/resource_index/package_run_dependencies/mirte_fastdds_discovery_setup
-- Up-to-date symlink: /home/mirte/mirte_ws/install/mirte_fastdds_discovery_setup/share/ament_index/resource_index/parent_prefix_path/mirte_fastdds_discovery_setup
-- Up-to-date symlink: /home/mirte/mirte_ws/install/mirte_fastdds_discovery_setup/share/mirte_fastdds_discovery_setup/environment/ament_prefix_path.sh
-- Up-to-date symlink: /home/mirte/mirte_ws/install/mirte_fastdds_discovery_setup/share/mirte_fastdds_discovery_setup/environment/ament_prefix_path.dsv
-- Up-to-date symlink: /home/mirte/mirte_ws/install/mirte_fastdds_discovery_setup/share/mirte_fastdds_discovery_setup/environment/path.sh
-- Up-to-date symlink: /home/mirte/mirte_ws/install/mirte_fastdds_discovery_setup/share/mirte_fastdds_discovery_setup/environment/path.dsv
-- Up-to-date symlink: /home/mirte/mirte_ws/install/mirte_fastdds_discovery_setup/share/mirte_fastdds_discovery_setup/local_setup.bash
-- Up-to-date symlink: /home/mirte/mirte_ws/install/mirte_fastdds_discovery_setup/share/mirte_fastdds_discovery_setup/local_setup.sh
-- Up-to-date symlink: /home/mirte/mirte_ws/install/mirte_fastdds_discovery_setup/share/mirte_fastdds_discovery_setup/local_setup.zsh
-- Up-to-date symlink: /home/mirte/mirte_ws/install/mirte_fastdds_discovery_setup/share/mirte_fastdds_discovery_setup/local_setup.dsv
-- Symlinking: /home/mirte/mirte_ws/install/mirte_fastdds_discovery_setup/share/mirte_fastdds_discovery_setup/package.dsv
-- Up-to-date symlink: /home/mirte/mirte_ws/install/mirte_fastdds_discovery_setup/share/ament_index/resource_index/packages/mirte_fastdds_discovery_setup
-- Up-to-date symlink: /home/mirte/mirte_ws/install/mirte_fastdds_discovery_setup/share/mirte_fastdds_discovery_setup/cmake/ament_cmake_export_dependencies-extras.cmake
-- Up-to-date symlink: /home/mirte/mirte_ws/install/mirte_fastdds_discovery_setup/share/mirte_fastdds_discovery_setup/cmake/mirte_fastdds_discovery_setupConfig.cmake
-- Up-to-date symlink: /home/mirte/mirte_ws/install/mirte_fastdds_discovery_setup/share/mirte_fastdds_discovery_setup/cmake/mirte_fastdds_discovery_setupConfig-version.cmake
-- Up-to-date symlink: /home/mirte/mirte_ws/install/mirte_fastdds_discovery_setup/share/mirte_fastdds_discovery_setup/package.xml
