-- The C compiler identification is GNU 11.4.0
-- The CXX compiler identification is GNU 11.4.0
-- Detecting C compiler ABI info
-- Detecting C compiler ABI info - done
-- Check for working C compiler: /usr/bin/cc - skipped
-- Detecting C compile features
-- Detecting C compile features - done
-- Detecting CXX compiler ABI info
-- Detecting CXX compiler ABI info - done
-- Check for working CXX compiler: /usr/bin/c++ - skipped
-- Detecting CXX compile features
-- Detecting CXX compile features - done
-- Found ament_cmake: 1.3.14 (/opt/ros/humble/share/ament_cmake/cmake)
-- Found Python3: /usr/bin/python3 (found version "3.10.12") found components: Interpreter 
-- Override CMake install command with custom implementation using symlinks instead of copying resources
-- Found rclcpp: 16.0.19 (/opt/ros/humble/share/rclcpp/cmake)
-- Found rosidl_generator_c: 3.1.8 (/opt/ros/humble/share/rosidl_generator_c/cmake)
-- Found rosidl_adapter: 3.1.8 (/opt/ros/humble/share/rosidl_adapter/cmake)
-- Found rosidl_generator_cpp: 3.1.8 (/opt/ros/humble/share/rosidl_generator_cpp/cmake)
-- Using all available rosidl_typesupport_c: rosidl_typesupport_fastrtps_c;rosidl_typesupport_introspection_c
-- Using all available rosidl_typesupport_cpp: rosidl_typesupport_fastrtps_cpp;rosidl_typesupport_introspection_cpp
-- Found rmw_implementation_cmake: 6.1.2 (/opt/ros/humble/share/rmw_implementation_cmake/cmake)
-- Found rmw_fastrtps_cpp: 6.2.10 (/opt/ros/humble/share/rmw_fastrtps_cpp/cmake)
-- Found OpenSSL: /usr/lib/aarch64-linux-gnu/libcrypto.so (found version "3.0.2")  
-- Found FastRTPS: /opt/ros/humble/include  
-- Using RMW implementation 'rmw_fastrtps_cpp' as default
-- Looking for pthread.h
-- Looking for pthread.h - found
-- Performing Test CMAKE_HAVE_LIBC_PTHREAD
-- Performing Test CMAKE_HAVE_LIBC_PTHREAD - Success
-- Found Threads: TRUE  
-- Found sensor_msgs: 4.9.1 (/opt/ros/humble/share/sensor_msgs/cmake)
-- Found std_srvs: 4.9.1 (/opt/ros/humble/share/std_srvs/cmake)
-- Configuring done
-- Generating done
-- Build files have been written to: /home/mirte/mirte_ws/build/rplidar_ros
[  5%] Building CXX object CMakeFiles/rplidar_client.dir/src/rplidar_client.cpp.o
[  5%] Building CXX object CMakeFiles/rplidar_node.dir/src/rplidar_node.cpp.o
[  7%] Building CXX object CMakeFiles/rplidar_composition.dir/src/rplidar_node.cpp.o
[ 10%] Building CXX object CMakeFiles/rplidar_node.dir/sdk/src/arch/linux/net_serial.cpp.o
[ 13%] Building CXX object CMakeFiles/rplidar_node.dir/sdk/src/arch/linux/net_socket.cpp.o
[ 15%] Building CXX object CMakeFiles/rplidar_composition.dir/sdk/src/arch/linux/net_serial.cpp.o
[ 18%] Building CXX object CMakeFiles/rplidar_node.dir/sdk/src/arch/linux/timer.cpp.o
[ 21%] Building CXX object CMakeFiles/rplidar_composition.dir/sdk/src/arch/linux/net_socket.cpp.o
[ 23%] Building CXX object CMakeFiles/rplidar_node.dir/sdk/src/dataunpacker/dataunpacker.cpp.o
[ 26%] Building CXX object CMakeFiles/rplidar_composition.dir/sdk/src/arch/linux/timer.cpp.o
[ 28%] Building CXX object CMakeFiles/rplidar_node.dir/sdk/src/dataunpacker/unpacker/handler_capsules.cpp.o
[ 31%] Building CXX object CMakeFiles/rplidar_node.dir/sdk/src/dataunpacker/unpacker/handler_hqnode.cpp.o
[ 34%] Building CXX object CMakeFiles/rplidar_composition.dir/sdk/src/dataunpacker/dataunpacker.cpp.o
[ 36%] Building CXX object CMakeFiles/rplidar_node.dir/sdk/src/dataunpacker/unpacker/handler_normalnode.cpp.o
[ 39%] Building CXX object CMakeFiles/rplidar_node.dir/sdk/src/hal/thread.cpp.o
[ 42%] Building CXX object CMakeFiles/rplidar_composition.dir/sdk/src/dataunpacker/unpacker/handler_capsules.cpp.o
[ 44%] Building CXX object CMakeFiles/rplidar_composition.dir/sdk/src/dataunpacker/unpacker/handler_hqnode.cpp.o
[ 47%] Building CXX object CMakeFiles/rplidar_node.dir/sdk/src/rplidar_driver.cpp.o
[ 50%] Building CXX object CMakeFiles/rplidar_node.dir/sdk/src/sl_async_transceiver.cpp.o
[ 52%] Building CXX object CMakeFiles/rplidar_composition.dir/sdk/src/dataunpacker/unpacker/handler_normalnode.cpp.o
[ 55%] Building CXX object CMakeFiles/rplidar_node.dir/sdk/src/sl_crc.cpp.o
[ 57%] Building CXX object CMakeFiles/rplidar_composition.dir/sdk/src/hal/thread.cpp.o
[ 60%] Building CXX object CMakeFiles/rplidar_node.dir/sdk/src/sl_lidar_driver.cpp.o
[ 63%] Building CXX object CMakeFiles/rplidar_composition.dir/sdk/src/rplidar_driver.cpp.o
[ 65%] Building CXX object CMakeFiles/rplidar_composition.dir/sdk/src/sl_async_transceiver.cpp.o
[ 68%] Building CXX object CMakeFiles/rplidar_node.dir/sdk/src/sl_lidarprotocol_codec.cpp.o
[ 71%] Building CXX object CMakeFiles/rplidar_composition.dir/sdk/src/sl_crc.cpp.o
[ 73%] Building CXX object CMakeFiles/rplidar_composition.dir/sdk/src/sl_lidar_driver.cpp.o
[ 76%] Linking CXX executable rplidar_client
[ 76%] Built target rplidar_client
[ 78%] Building CXX object CMakeFiles/rplidar_composition.dir/sdk/src/sl_lidarprotocol_codec.cpp.o
[ 81%] Building CXX object CMakeFiles/rplidar_composition.dir/sdk/src/sl_serial_channel.cpp.o
[ 84%] Building CXX object CMakeFiles/rplidar_composition.dir/sdk/src/sl_tcp_channel.cpp.o
[ 86%] Building CXX object CMakeFiles/rplidar_node.dir/sdk/src/sl_serial_channel.cpp.o
[ 89%] Building CXX object CMakeFiles/rplidar_node.dir/sdk/src/sl_tcp_channel.cpp.o
[ 92%] Building CXX object CMakeFiles/rplidar_node.dir/sdk/src/sl_udp_channel.cpp.o
[ 94%] Building CXX object CMakeFiles/rplidar_composition.dir/sdk/src/sl_udp_channel.cpp.o
[ 97%] Linking CXX executable rplidar_node
[ 97%] Built target rplidar_node
[100%] Linking CXX executable rplidar_composition
[100%] Built target rplidar_composition
-- Install configuration: "Release"
-- Execute custom install script
-- Symlinking: /home/mirte/mirte_ws/install/rplidar_ros/share/rplidar_ros/launch/rplidar_a1_launch.py
-- Symlinking: /home/mirte/mirte_ws/install/rplidar_ros/share/rplidar_ros/launch/rplidar_a2m12_launch.py
-- Symlinking: /home/mirte/mirte_ws/install/rplidar_ros/share/rplidar_ros/launch/rplidar_a2m7_launch.py
-- Symlinking: /home/mirte/mirte_ws/install/rplidar_ros/share/rplidar_ros/launch/rplidar_a2m8_launch.py
-- Symlinking: /home/mirte/mirte_ws/install/rplidar_ros/share/rplidar_ros/launch/rplidar_a3_launch.py
-- Symlinking: /home/mirte/mirte_ws/install/rplidar_ros/share/rplidar_ros/launch/rplidar_c1_launch.py
-- Symlinking: /home/mirte/mirte_ws/install/rplidar_ros/share/rplidar_ros/launch/rplidar_s1_launch.py
-- Symlinking: /home/mirte/mirte_ws/install/rplidar_ros/share/rplidar_ros/launch/rplidar_s1_tcp_launch.py
-- Symlinking: /home/mirte/mirte_ws/install/rplidar_ros/share/rplidar_ros/launch/rplidar_s2_launch.py
-- Symlinking: /home/mirte/mirte_ws/install/rplidar_ros/share/rplidar_ros/launch/rplidar_s2e_launch.py
-- Symlinking: /home/mirte/mirte_ws/install/rplidar_ros/share/rplidar_ros/launch/rplidar_s3_launch.py
-- Symlinking: /home/mirte/mirte_ws/install/rplidar_ros/share/rplidar_ros/launch/rplidar_t1_launch.py
-- Symlinking: /home/mirte/mirte_ws/install/rplidar_ros/share/rplidar_ros/launch/view_rplidar_a1_launch.py
-- Symlinking: /home/mirte/mirte_ws/install/rplidar_ros/share/rplidar_ros/launch/view_rplidar_a2m12_launch.py
-- Symlinking: /home/mirte/mirte_ws/install/rplidar_ros/share/rplidar_ros/launch/view_rplidar_a2m7_launch.py
-- Symlinking: /home/mirte/mirte_ws/install/rplidar_ros/share/rplidar_ros/launch/view_rplidar_a2m8_launch.py
-- Symlinking: /home/mirte/mirte_ws/install/rplidar_ros/share/rplidar_ros/launch/view_rplidar_a3_launch.py
-- Symlinking: /home/mirte/mirte_ws/install/rplidar_ros/share/rplidar_ros/launch/view_rplidar_c1_launch.py
-- Symlinking: /home/mirte/mirte_ws/install/rplidar_ros/share/rplidar_ros/launch/view_rplidar_s1_launch.py
-- Symlinking: /home/mirte/mirte_ws/install/rplidar_ros/share/rplidar_ros/launch/view_rplidar_s1_tcp_launch.py
-- Symlinking: /home/mirte/mirte_ws/install/rplidar_ros/share/rplidar_ros/launch/view_rplidar_s2_launch.py
-- Symlinking: /home/mirte/mirte_ws/install/rplidar_ros/share/rplidar_ros/launch/view_rplidar_s2e_launch.py
-- Symlinking: /home/mirte/mirte_ws/install/rplidar_ros/share/rplidar_ros/launch/view_rplidar_s3_launch.py
-- Symlinking: /home/mirte/mirte_ws/install/rplidar_ros/share/rplidar_ros/launch/view_rplidar_t1_launch.py
-- Symlinking: /home/mirte/mirte_ws/install/rplidar_ros/share/rplidar_ros/rviz/rplidar_ros.rviz
-- Symlinking: /home/mirte/mirte_ws/install/rplidar_ros/lib/rplidar_ros/rplidar_node
-- Symlinking: /home/mirte/mirte_ws/install/rplidar_ros/lib/rplidar_ros/rplidar_composition
-- Symlinking: /home/mirte/mirte_ws/install/rplidar_ros/lib/rplidar_ros/rplidar_client
-- Symlinking: /home/mirte/mirte_ws/install/rplidar_ros/share/ament_index/resource_index/package_run_dependencies/rplidar_ros
-- Symlinking: /home/mirte/mirte_ws/install/rplidar_ros/share/ament_index/resource_index/parent_prefix_path/rplidar_ros
-- Symlinking: /home/mirte/mirte_ws/install/rplidar_ros/share/rplidar_ros/environment/ament_prefix_path.sh
-- Symlinking: /home/mirte/mirte_ws/install/rplidar_ros/share/rplidar_ros/environment/ament_prefix_path.dsv
-- Symlinking: /home/mirte/mirte_ws/install/rplidar_ros/share/rplidar_ros/environment/path.sh
-- Symlinking: /home/mirte/mirte_ws/install/rplidar_ros/share/rplidar_ros/environment/path.dsv
-- Symlinking: /home/mirte/mirte_ws/install/rplidar_ros/share/rplidar_ros/local_setup.bash
-- Symlinking: /home/mirte/mirte_ws/install/rplidar_ros/share/rplidar_ros/local_setup.sh
-- Symlinking: /home/mirte/mirte_ws/install/rplidar_ros/share/rplidar_ros/local_setup.zsh
-- Symlinking: /home/mirte/mirte_ws/install/rplidar_ros/share/rplidar_ros/local_setup.dsv
-- Symlinking: /home/mirte/mirte_ws/install/rplidar_ros/share/rplidar_ros/package.dsv
-- Symlinking: /home/mirte/mirte_ws/install/rplidar_ros/share/ament_index/resource_index/packages/rplidar_ros
-- Symlinking: /home/mirte/mirte_ws/install/rplidar_ros/share/rplidar_ros/cmake/ament_cmake_export_dependencies-extras.cmake
-- Symlinking: /home/mirte/mirte_ws/install/rplidar_ros/share/rplidar_ros/cmake/ament_cmake_export_include_directories-extras.cmake
-- Symlinking: /home/mirte/mirte_ws/install/rplidar_ros/share/rplidar_ros/cmake/rplidar_rosConfig.cmake
-- Symlinking: /home/mirte/mirte_ws/install/rplidar_ros/share/rplidar_ros/cmake/rplidar_rosConfig-version.cmake
-- Symlinking: /home/mirte/mirte_ws/install/rplidar_ros/share/rplidar_ros/package.xml
