[0.012s] Invoking command in '/home/mirte/mirte_ws/build/mirte_fastdds_discovery_setup': CMAKE_PREFIX_PATH=/opt/ros/humble /usr/bin/cmake /home/mirte/mirte_ws/src/mirte-ros-packages/mirte_fastdds_discovery_setup -DCMAKE_C_COMPILER_LAUNCHER=ccache -DCMAKE_CXX_COMPILER_LAUNCHER=ccache -DCMAKE_BUILD_TYPE=Release -DAMENT_CMAKE_SYMLINK_INSTALL=1 -DCMAKE_INSTALL_PREFIX=/home/mirte/mirte_ws/install/mirte_fastdds_discovery_setup
[0.052s] -- The C compiler identification is GNU 11.4.0
[0.095s] -- The CXX compiler identification is GNU 11.4.0
[0.099s] -- Detecting C compiler ABI info
[0.148s] -- Detecting C compiler ABI info - done
[0.153s] -- Check for working C compiler: /usr/bin/cc - skipped
[0.156s] -- Detecting C compile features
[0.156s] -- Detecting C compile features - done
[0.156s] -- Detecting CXX compiler ABI info
[0.214s] -- Detecting CXX compiler ABI info - done
[0.221s] -- Check for working CXX compiler: /usr/bin/c++ - skipped
[0.221s] -- Detecting CXX compile features
[0.222s] -- Detecting CXX compile features - done
[0.315s] -- Found Python3: /usr/bin/python3 (found version "3.10.12") found components: Interpreter 
[0.366s] -- Override CMake install command with custom implementation using symlinks instead of copying resources
[0.367s] -- Found ament_cmake: 1.3.14 (/opt/ros/humble/share/ament_cmake/cmake)
[0.435s] -- Configuring done
[0.437s] -- Generating done
[0.438s] -- Build files have been written to: /home/mirte/mirte_ws/build/mirte_fastdds_discovery_setup
[0.446s] Invoked command in '/home/mirte/mirte_ws/build/mirte_fastdds_discovery_setup' returned '0': CMAKE_PREFIX_PATH=/opt/ros/humble /usr/bin/cmake /home/mirte/mirte_ws/src/mirte-ros-packages/mirte_fastdds_discovery_setup -DCMAKE_C_COMPILER_LAUNCHER=ccache -DCMAKE_CXX_COMPILER_LAUNCHER=ccache -DCMAKE_BUILD_TYPE=Release -DAMENT_CMAKE_SYMLINK_INSTALL=1 -DCMAKE_INSTALL_PREFIX=/home/mirte/mirte_ws/install/mirte_fastdds_discovery_setup
[0.446s] Invoking command in '/home/mirte/mirte_ws/build/mirte_fastdds_discovery_setup': CMAKE_PREFIX_PATH=/opt/ros/humble /usr/bin/cmake --build /home/mirte/mirte_ws/build/mirte_fastdds_discovery_setup -- -j4 -l4
[0.451s] gmake: the '-j' option requires a positive integer argument
[0.476s] Invoked command in '/home/mirte/mirte_ws/build/mirte_fastdds_discovery_setup' returned '0': CMAKE_PREFIX_PATH=/opt/ros/humble /usr/bin/cmake --build /home/mirte/mirte_ws/build/mirte_fastdds_discovery_setup -- -j4 -l4
[0.483s] Invoking command in '/home/mirte/mirte_ws/build/mirte_fastdds_discovery_setup': CMAKE_PREFIX_PATH=/opt/ros/humble /usr/bin/cmake --install /home/mirte/mirte_ws/build/mirte_fastdds_discovery_setup
[0.490s] -- Install configuration: "Release"
[0.490s] -- Execute custom install script
[0.490s] -- Symlinking: /home/mirte/mirte_ws/install/mirte_fastdds_discovery_setup/share/mirte_fastdds_discovery_setup/environment/mirte_fastdds_discovery_setup.sh
[0.496s] -- Symlinking: /home/mirte/mirte_ws/install/mirte_fastdds_discovery_setup/share/mirte_fastdds_discovery_setup//config/super_client_config.xml
[0.507s] -- Symlinking: /home/mirte/mirte_ws/install/mirte_fastdds_discovery_setup/share/mirte_fastdds_discovery_setup//config/super_client_config.xml.in
[0.512s] -- Symlinking: /home/mirte/mirte_ws/install/mirte_fastdds_discovery_setup/share/ament_index/resource_index/package_run_dependencies/mirte_fastdds_discovery_setup
[0.518s] -- Symlinking: /home/mirte/mirte_ws/install/mirte_fastdds_discovery_setup/share/ament_index/resource_index/parent_prefix_path/mirte_fastdds_discovery_setup
[0.526s] -- Symlinking: /home/mirte/mirte_ws/install/mirte_fastdds_discovery_setup/share/mirte_fastdds_discovery_setup/environment/ament_prefix_path.sh
[0.532s] -- Symlinking: /home/mirte/mirte_ws/install/mirte_fastdds_discovery_setup/share/mirte_fastdds_discovery_setup/environment/ament_prefix_path.dsv
[0.538s] -- Symlinking: /home/mirte/mirte_ws/install/mirte_fastdds_discovery_setup/share/mirte_fastdds_discovery_setup/environment/path.sh
[0.544s] -- Symlinking: /home/mirte/mirte_ws/install/mirte_fastdds_discovery_setup/share/mirte_fastdds_discovery_setup/environment/path.dsv
[0.549s] -- Symlinking: /home/mirte/mirte_ws/install/mirte_fastdds_discovery_setup/share/mirte_fastdds_discovery_setup/local_setup.bash
[0.556s] -- Symlinking: /home/mirte/mirte_ws/install/mirte_fastdds_discovery_setup/share/mirte_fastdds_discovery_setup/local_setup.sh
[0.562s] -- Symlinking: /home/mirte/mirte_ws/install/mirte_fastdds_discovery_setup/share/mirte_fastdds_discovery_setup/local_setup.zsh
[0.568s] -- Symlinking: /home/mirte/mirte_ws/install/mirte_fastdds_discovery_setup/share/mirte_fastdds_discovery_setup/local_setup.dsv
[0.574s] -- Symlinking: /home/mirte/mirte_ws/install/mirte_fastdds_discovery_setup/share/mirte_fastdds_discovery_setup/package.dsv
[0.581s] -- Symlinking: /home/mirte/mirte_ws/install/mirte_fastdds_discovery_setup/share/ament_index/resource_index/packages/mirte_fastdds_discovery_setup
[0.592s] -- Symlinking: /home/mirte/mirte_ws/install/mirte_fastdds_discovery_setup/share/mirte_fastdds_discovery_setup/cmake/ament_cmake_export_dependencies-extras.cmake
[0.597s] -- Symlinking: /home/mirte/mirte_ws/install/mirte_fastdds_discovery_setup/share/mirte_fastdds_discovery_setup/cmake/mirte_fastdds_discovery_setupConfig.cmake
[0.605s] -- Symlinking: /home/mirte/mirte_ws/install/mirte_fastdds_discovery_setup/share/mirte_fastdds_discovery_setup/cmake/mirte_fastdds_discovery_setupConfig-version.cmake
[0.612s] -- Symlinking: /home/mirte/mirte_ws/install/mirte_fastdds_discovery_setup/share/mirte_fastdds_discovery_setup/package.xml
[0.621s] Invoked command in '/home/mirte/mirte_ws/build/mirte_fastdds_discovery_setup' returned '0': CMAKE_PREFIX_PATH=/opt/ros/humble /usr/bin/cmake --install /home/mirte/mirte_ws/build/mirte_fastdds_discovery_setup
