-- Install configuration: "Release"
-- Execute custom install script
-- Up-to-date symlink: /home/mirte/mirte_ws/install/mirte_pioneer_description/share/mirte_pioneer_description//launch/rviz.launch.xml
-- Up-to-date symlink: /home/mirte/mirte_ws/install/mirte_pioneer_description/share/mirte_pioneer_description//urdf/materials.xacro
-- Up-to-date symlink: /home/mirte/mirte_ws/install/mirte_pioneer_description/share/mirte_pioneer_description//urdf/mirte/README.md
-- Up-to-date symlink: /home/mirte/mirte_ws/install/mirte_pioneer_description/share/mirte_pioneer_description//urdf/mirte/camera.xacro
-- Up-to-date symlink: /home/mirte/mirte_ws/install/mirte_pioneer_description/share/mirte_pioneer_description//urdf/mirte/diffdrive.xacro
-- Up-to-date symlink: /home/mirte/mirte_ws/install/mirte_pioneer_description/share/mirte_pioneer_description//urdf/mirte/ir.xacro
-- Up-to-date symlink: /home/mirte/mirte_ws/install/mirte_pioneer_description/share/mirte_pioneer_description//urdf/mirte/lidar.xacro
-- Up-to-date symlink: /home/mirte/mirte_ws/install/mirte_pioneer_description/share/mirte_pioneer_description//urdf/mirte/macros.xacro
-- Up-to-date symlink: /home/mirte/mirte_ws/install/mirte_pioneer_description/share/mirte_pioneer_description//urdf/mirte/materials.xacro
-- Up-to-date symlink: /home/mirte/mirte_ws/install/mirte_pioneer_description/share/mirte_pioneer_description//urdf/mirte/mirte.xacro
-- Up-to-date symlink: /home/mirte/mirte_ws/install/mirte_pioneer_description/share/mirte_pioneer_description//urdf/mirte/realsense-RS200.macro.xacro
-- Up-to-date symlink: /home/mirte/mirte_ws/install/mirte_pioneer_description/share/mirte_pioneer_description//urdf/mirte/realsense-depth.xacro
-- Up-to-date symlink: /home/mirte/mirte_ws/install/mirte_pioneer_description/share/mirte_pioneer_description//urdf/mirte/realsense-lidar.xacro
-- Up-to-date symlink: /home/mirte/mirte_ws/install/mirte_pioneer_description/share/mirte_pioneer_description//urdf/mirte/realsense.xacro
-- Up-to-date symlink: /home/mirte/mirte_ws/install/mirte_pioneer_description/share/mirte_pioneer_description//urdf/mirte/ultrasonic.xacro
-- Up-to-date symlink: /home/mirte/mirte_ws/install/mirte_pioneer_description/share/mirte_pioneer_description//meshes/lidar.stl
-- Up-to-date symlink: /home/mirte/mirte_ws/install/mirte_pioneer_description/share/mirte_pioneer_description//meshes/mirte_base.stl
-- Up-to-date symlink: /home/mirte/mirte_ws/install/mirte_pioneer_description/share/mirte_pioneer_description//meshes/mirte_base_coll.stl
-- Up-to-date symlink: /home/mirte/mirte_ws/install/mirte_pioneer_description/share/mirte_pioneer_description//meshes/wheel.stl
-- Up-to-date symlink: /home/mirte/mirte_ws/install/mirte_pioneer_description/share/mirte_pioneer_description//models/mirte/meshes/lidar.stl
-- Up-to-date symlink: /home/mirte/mirte_ws/install/mirte_pioneer_description/share/mirte_pioneer_description//models/mirte/meshes/mirte_base.stl
-- Up-to-date symlink: /home/mirte/mirte_ws/install/mirte_pioneer_description/share/mirte_pioneer_description//models/mirte/meshes/mirte_base_coll.stl
-- Up-to-date symlink: /home/mirte/mirte_ws/install/mirte_pioneer_description/share/mirte_pioneer_description//models/mirte/meshes/wheel.stl
-- Up-to-date symlink: /home/mirte/mirte_ws/install/mirte_pioneer_description/share/mirte_pioneer_description//models/mirte_base/mirte_base.mtl
-- Up-to-date symlink: /home/mirte/mirte_ws/install/mirte_pioneer_description/share/mirte_pioneer_description//models/mirte_base/mirte_base.obj
-- Up-to-date symlink: /home/mirte/mirte_ws/install/mirte_pioneer_description/share/mirte_pioneer_description//models/mirte_base/mirte_base.png
-- Up-to-date symlink: /home/mirte/mirte_ws/install/mirte_pioneer_description/share/mirte_pioneer_description//models/realsense_camera/materials/textures/realsense_diffuse.png
-- Up-to-date symlink: /home/mirte/mirte_ws/install/mirte_pioneer_description/share/mirte_pioneer_description//models/realsense_camera/meshes/realsense.dae
-- Up-to-date symlink: /home/mirte/mirte_ws/install/mirte_pioneer_description/share/mirte_pioneer_description//models/realsense_camera/meshes/realsense.mtl
-- Up-to-date symlink: /home/mirte/mirte_ws/install/mirte_pioneer_description/share/mirte_pioneer_description//models/realsense_camera/meshes/realsense.obj
-- Up-to-date symlink: /home/mirte/mirte_ws/install/mirte_pioneer_description/share/mirte_pioneer_description//models/realsense_camera/model.config
-- Up-to-date symlink: /home/mirte/mirte_ws/install/mirte_pioneer_description/share/mirte_pioneer_description//models/realsense_camera/model.sdf
-- Up-to-date symlink: /home/mirte/mirte_ws/install/mirte_pioneer_description/share/mirte_pioneer_description//models/wheel/wheel.mtl
-- Up-to-date symlink: /home/mirte/mirte_ws/install/mirte_pioneer_description/share/mirte_pioneer_description//models/wheel/wheel.obj
-- Up-to-date symlink: /home/mirte/mirte_ws/install/mirte_pioneer_description/share/mirte_pioneer_description//config/mirte_dimensions.yaml
-- Up-to-date symlink: /home/mirte/mirte_ws/install/mirte_pioneer_description/share/mirte_pioneer_description//rviz/urdf.rviz
-- Up-to-date symlink: /home/mirte/mirte_ws/install/mirte_pioneer_description/share/ament_index/resource_index/package_run_dependencies/mirte_pioneer_description
-- Up-to-date symlink: /home/mirte/mirte_ws/install/mirte_pioneer_description/share/ament_index/resource_index/parent_prefix_path/mirte_pioneer_description
-- Up-to-date symlink: /home/mirte/mirte_ws/install/mirte_pioneer_description/share/mirte_pioneer_description/environment/ament_prefix_path.sh
-- Up-to-date symlink: /home/mirte/mirte_ws/install/mirte_pioneer_description/share/mirte_pioneer_description/environment/ament_prefix_path.dsv
-- Up-to-date symlink: /home/mirte/mirte_ws/install/mirte_pioneer_description/share/mirte_pioneer_description/environment/path.sh
-- Up-to-date symlink: /home/mirte/mirte_ws/install/mirte_pioneer_description/share/mirte_pioneer_description/environment/path.dsv
-- Up-to-date symlink: /home/mirte/mirte_ws/install/mirte_pioneer_description/share/mirte_pioneer_description/local_setup.bash
-- Up-to-date symlink: /home/mirte/mirte_ws/install/mirte_pioneer_description/share/mirte_pioneer_description/local_setup.sh
-- Up-to-date symlink: /home/mirte/mirte_ws/install/mirte_pioneer_description/share/mirte_pioneer_description/local_setup.zsh
-- Up-to-date symlink: /home/mirte/mirte_ws/install/mirte_pioneer_description/share/mirte_pioneer_description/local_setup.dsv
-- Symlinking: /home/mirte/mirte_ws/install/mirte_pioneer_description/share/mirte_pioneer_description/package.dsv
-- Up-to-date symlink: /home/mirte/mirte_ws/install/mirte_pioneer_description/share/ament_index/resource_index/packages/mirte_pioneer_description
-- Up-to-date symlink: /home/mirte/mirte_ws/install/mirte_pioneer_description/share/mirte_pioneer_description/cmake/mirte_pioneer_descriptionConfig.cmake
-- Up-to-date symlink: /home/mirte/mirte_ws/install/mirte_pioneer_description/share/mirte_pioneer_description/cmake/mirte_pioneer_descriptionConfig-version.cmake
-- Up-to-date symlink: /home/mirte/mirte_ws/install/mirte_pioneer_description/share/mirte_pioneer_description/package.xml
